*** Darwin 14x18 ***
Turn = 0.
  012345678901234567
0 fh.....rr.....t..f
1 .h...rr...h.r...hf
2 htrr.....h...tr...
3 .th......r.f......
4 .rt.f...rr...t.f..
5 ..r.r..ff....rfh..
6 fh.f....h..tr..ftr
7 r...t.....t.h.fhr.
8 .tf.h......th..f.h
9 .....f.rht.hh.r...
0 ..hr.....f.r.rfr.f
1 ..t.r...h...frt...
2 ..ht.f..f.......h.
3 rr...h.r.thfrf.h.h

Turn = 10.
  012345678901234567
0 rrrrr..r..rr.rtt.r
1 rrrrr......r.rt...
2 rrr..........tt...
3 rr..r.........r...
4 .h.r...r.....t.t..
5 .rr........t...ttr
6 r.rf...rr.tt..rrt.
7 .........tttt.rttt
8 ttt.t...r..tt..t..
9 .....rr.rt.t...t..
0 .....r.rtr....r..r
1 ..t.....rr......r.
2 ..ttr....r.r.....r
3 r...rr....rrrf.hrr

*** Darwin 11x16 ***
Turn = 0.
  0123456789012345
0 ff...h...t.t...t
1 .....t.fr..h.t..
2 .fr.t..rfht..trr
3 fttf.h.th.rr.t..
4 t.hh..t.ttr..r.t
5 f.ft....hr.tt.ff
6 .t...ht.tftrhf.r
7 ..h........ht.h.
8 .htrhhrhf.f...r.
9 .t.tthhhr.ht...h
0 ftt.r....f...f..

Turn = 10.
  0123456789012345
0 ....tt...tt...rr
1 r....t.t.rrr....
2 rtt....rrr.r..t.
3 rtttt..r.r....t.
4 r.tt..ttttrrr.tt
5 ..tt..t.ttrrr.tt
6 rtt...trttrrrr.t
7 ....rttr..rrt..t
8 .tttttr..r.....h
9 .t.tttt...rt....
0 ttt..........f..

Turn = 20.
  0123456789012345
0 ...rrrt..tt...r.
1 ...rrtt..tt...t.
2 .......rrt....t.
3 ..tt.....t...ttt
4 .ttt.ttttttttttt
5 ..tt.ttttttt..tt
6 r.trrrr.tttt..rt
7 r...rrt..ttrr..t
8 rrrt.rttr...rr.t
9 .r.tttt.........
0 trr.............

*** Darwin 9x14 ***
Turn = 0.
  01234567890123
0 hth..h.rr.tf.f
1 .rh.r.t..h..hh
2 .f.tt...frrt.h
3 f...f.r.ft.fhf
4 t...ht...r..fh
5 .rhhrrt.fr.ff.
6 ..ht.rr..h..f.
7 r.ft..ht..h.fr
8 ...t..tf..rt..

Turn = 17.
  01234567890123
0 ..r.tttt..tt.f
1 .....t....tt.h
2 tt.tttt.tt.tt.
3 tt......tttttt
4 t...tt...ttttr
5 t.rrttt.trr..r
6 t.r.tt.tt..r..
7 ..tt..tt....r.
8 .rtt..ttt....r

*** Darwin 14x20 ***
Turn = 0.
  01234567890123456789
0 ...................h
1 .h..................
2 ....................
3 .........t..........
4 ..........rr........
5 ....................
6 ......f..........r..
7 ..........f.........
8 ....................
9 ........f.....f.....
0 ....................
1 ....................
2 .h.........r........
3 ....................

Turn = 2.
  01234567890123456789
0 .................h..
1 ....................
2 ....................
3 .h.......t..........
4 ....................
5 ..........rr........
6 ......f.............
7 ..........f.........
8 .................r..
9 ........f.....f.....
0 ....................
1 ....................
2 .............r......
3 .h..................

Turn = 4.
  01234567890123456789
0 ...............h....
1 ....................
2 ....................
3 .........t..........
4 ....................
5 .h..................
6 ......f...r.........
7 ..........rr........
8 ....................
9 ........f.....f.....
0 .................r..
1 ....................
2 ...............r....
3 .h..................

Turn = 6.
  01234567890123456789
0 .............h......
1 ....................
2 ....................
3 .........t..........
4 ....................
5 ....................
6 ......f..r..........
7 .h..................
8 ..........r.........
9 ........f..r..f.....
0 ....................
1 ....................
2 ................rr..
3 .h..................

Turn = 8.
  01234567890123456789
0 ...........h........
1 ....................
2 ....................
3 .........t..........
4 ....................
5 ....................
6 ......fr............
7 ....................
8 ....................
9 .h......f.....f.....
0 ..........r.........
1 ...........r........
2 ....................
3 .h..............rr..

Turn = 10.
  01234567890123456789
0 .........h..........
1 ....................
2 ....................
3 .........t..........
4 ....................
5 ......r.............
6 ......r.............
7 ....................
8 ....................
9 ........f.....f.....
0 ....................
1 .h..................
2 ..........r.........
3 .h.........r....r..r

Turn = 12.
  01234567890123456789
0 .......h............
1 ....................
2 ....................
3 ......r..t..........
4 ....................
5 ....................
6 ....r...............
7 ....................
8 ....................
9 ........f.....f.....
0 ....................
1 ....................
2 .h..................
3 .h........r.r.r....r

Turn = 14.
  01234567890123456789
0 .....h..............
1 ......r.............
2 ....................
3 .........t..........
4 ....................
5 ....................
6 ..r.................
7 ....................
8 ....................
9 ........f.....f.....
0 ....................
1 ....................
2 .h............r.....
3 .h..........rr...r..

Turn = 16.
  01234567890123456789
0 ...h..r.............
1 ....................
2 ....................
3 .........t..........
4 ....................
5 ....................
6 r...................
7 ....................
8 ....................
9 ........f.....f.....
0 ..............r.....
1 .............r......
2 .h..........r.......
3 .h.............r....

Turn = 18.
  01234567890123456789
0 .h..r...............
1 ....................
2 ....................
3 .........t..........
4 ....................
5 ....................
6 ....................
7 r...................
8 ....................
9 ........f....rr.....
0 ............r.r.....
1 ....................
2 .h..................
3 .h...........r......

*** Darwin 11x7 ***
Turn = 0.
  0123456
0 f....rr
1 ..f.ff.
2 f.....f
3 .h....t
4 .trr...
5 ......h
6 .rt.fr.
7 ..htht.
8 h.r...f
9 .fr...h
0 h.f...f

Turn = 4.
  0123456
0 fh.r...
1 ..f.frt
2 f....rt
3 .....rt
4 rtt....
5 ....r.h
6 ..tr.t.
7 ..t..t.
8 h...r.f
9 hf...rr
0 ..f...f

Turn = 8.
  0123456
0 fh...rr
1 r.f.f.r
2 ..r..rt
3 ..r...t
4 .ttt...
5 ....r.h
6 ..t..t.
7 ..t..t.
8 h....tr
9 hf....r
0 ..f.r.r

Turn = 12.
  0123456
0 rhr...r
1 ..f.fr.
2 r....rr
3 .......
4 tttt..r
5 .....rh
6 ..t...r
7 ..t.ttr
8 h....t.
9 hf.....
0 rrr...r

*** Darwin 9x6 ***
Turn = 0.
  012345
0 .r.f..
1 rt..f.
2 ..rrhf
3 ..t...
4 ..hf..
5 hf.ffh
6 h.hh.t
7 .hr.t.
8 rtf..r

Turn = 7.
  012345
0 rrrr..
1 r.h..r
2 rr...f
3 hr.r.r
4 r...rr
5 rrrh..
6 r....t
7 r...t.
8 r..tt.

*** Darwin 16x22 ***
Turn = 0.
  0123456789012345678901
0 .hrtt..h..r...t..tt..t
1 hh...h..ffh....t....fh
2 .....h....t....r.r....
3 .h....h.......r.h....t
4 .tt.fh...th.r....ht..h
5 h.fh.fh.h..r...tr.rh..
6 ...tr.hh...........rth
7 ..hhr..tf..f..t.h..hr.
8 .......hr.rr..t..f.h..
9 ..t..h...t...ftht...r.
0 .t.rr....t..f...t.ttth
1 rt.f....fr...ff.t.t...
2 ....t....t.t.....r...h
3 ftf........fr.....f.t.
4 ....rr.ft.r.hhh...t.h.
5 ....r....rr.ffh.t.....

Turn = 7.
  0123456789012345678901
0 .tttttt........r.tth.t
1 hh.t....frt....t..r.tt
2 ........hrt..r.t.....t
3 .t.....r..t..........t
4 .tt.fhrrr.......t...rt
5 h.tr.r.........ttttrr.
6 ...tr..t.r...........t
7 h..t...t..r.rrt..t...t
8 r....rtt.tr...tttr....
9 r........t...ttttr....
0 r........t.....rr.rrt.
1 r..r.......r.ff.t..r..
2 ...rt...rt.t..h...r..h
3 rrr...rrr..t......t..r
4 r..r...r....hh....t.r.
5 r.....trr...ffh.t...r.

*** Darwin 26x28 ***
Turn = 0.
  0123456789012345678901234567
0 r.....r....t..f.............
1 ...r...f...........f..f.....
2 ....r.......r..t..r.h....t..
3 .........r..r..t..f.....f..h
4 ..f..............th..f......
5 ................t....fr.....
6 ..h.....r.....f......t...fh.
7 t.....htf..r.........r.....f
8 ...........t...h.f.......tt.
9 ......f......r.r....r.......
0 .........f.............r....
1 ..f..........hf.......f.....
2 ...tf.......r...f...........
3 ..t.t......h....h....h....h.
4 .........h...r.........t....
5 ............r.t..tf..t...t..
6 ...h.h.....h.....tt........t
7 ....f...r........t.trr......
8 ...r....ft....r...f....t...t
9 tt.t......t.....h......th...
0 ...fhtr...t.....f.......f...
1 ....tt.....f......hr......r.
2 ......f.hht.h..........r..f.
3 ........t............h....h.
4 ...r..f.........h..........r
5 t...t.......r..h.h.r........

Turn = 5.
  0123456789012345678901234567
0 .r....r...rrr.f............h
1 .......f......r....f..f...h.
2 .........r.....t.......rht..
3 ..............rt..t.....f...
4 ..f..............tt..f......
5 ................t....tr.....
6 ......ht......f......r...f..
7 th.....tt............r.....f
8 ...........th....f.......tt.
9 ......f.r..t...r............
0 .........f........r.........
1 ..f.....h.....f.......f.....
2 ...tt..r........f...........
3 ..t.t.h.......r.h......t....
4 .............r..h......t....
5 .............r...tt..t...t..
6 ..........hrr....tt.......rt
7 ....r.r..........t.t......r.
8 ...rr....t........f....t...t
9 tt.r.r...tt............tt...
0 ...ttt....tt....f....r..t..r
1 ....tt..r..t..........r.....
2 ......f..tt.......r.r.....f.
3 ........t.r...r...........h.
4 .......r.rr.......r.........
5 t...t..........hhrrr........

Turn = 10.
  0123456789012345678901234567
0 .........r.r..fr.......rr.hh
1 .......rrr........r...f.....
2 ..................rr........
3 r.................t.....f...
4 ..f..............tt..f......
5 ............r.r.t....tr..r..
6 ......tt.....r.......r....r.
7 tt.....tt............r.....f
8 ...........tt....f.......tt.
9 ......f....r................
0 .........f.r.r..............
1 ..fh.r.....r...r......f...r.
2 ...tt.r.........r...........
3 ..t.tt..........r......t....
4 ........r......rr......t....
5 ........r........tt..t...tt.
6 ..............h..tt........t
7 r..r.............t.t.......r
8 .t......rt........f....t...r
9 tt..r....ttt...........tt...
0 ..........tt....rr......t...
1 ....rr.....tr......r.......r
2 ......f.ttt..r....r.......f.
3 .........rt...............h.
4 ....rr...tt...r.............
5 t...tt.r....r..rr.rr........

Turn = 15.
  0123456789012345678901234567
0 ....r.rr...r........rrr...hh
1 ......................r.....
2 ............................
3 ..................tt....r..r
4 ..f...........r..tt..f......
5 .......r........t....tr.r...
6 r....rtt.r...........r....r.
7 .r....rtt...t........r...trf
8 ......r....ttt...f.......t..
9 .r.........t................
0 .........f.tt.r.............
1 ..tt..r.............r.f.....
2 ...tt.......r...............
3 ..tttt...r..r..........t....
4 ...........rr..........t....
5 ...r.............rt..t...tt.
6 ................rr.r.......t
7 ................rrrr.......t
8 rrr......t.....r.rr....t...t
9 rr.......ttt...........tt...
0 ..........ttr..r........t...
1 ...........tt......r........
2 ....r.f.tttt..............f.
3 ......r..tt.......r.......h.
4 ....r....rrr................
5 rr.r..rr.t......r..........r

*** Darwin 25x22 ***
Turn = 0.
  0123456789012345678901
0 ........t.......fr.f..
1 .....h.....r....rf...h
2 ....t.ffr..rtf....f..r
3 .r..r....h...fh.......
4 rhh...........h......h
5 f....f....h.r...r.....
6 ..................t.ft
7 .........t........r...
8 r...f...hfr.....fht.f.
9 ....r.tr.......r..fh..
0 .....t.hr.....th...r..
1 ...h.r..h.....t..rh...
2 ..f.....rttr..f....r..
3 ..........t..r.......t
4 .h...f...f..h..fh.f..t
5 .t.r.r...........r.r..
6 ..tr.t........t.....th
7 h..r.....t.....fh..ft.
8 ............t....t.rfr
9 .t..........h....t.rt.
0 h...t...rf..rhh..r..r.
1 t...r....hfh....r.....
2 t.......h.tr.......r.r
3 ...hr......t...t...f..
4 .t...f...f....f.r...h.

Turn = 1.
  0123456789012345678901
0 .....h..t..r....rr.f..
1 ...........r.....f...h
2 ....t.frr...tf..r.f...
3 ..rr....h....fh......r
4 r...........r.h......h
5 .hh..f...h.......r....
6 r.................t.ft
7 ........ht.......hr...
8 .r..f....t.r....f..rf.
9 ...r..t.r......r..fh..
0 .....t.h.r....tt....r.
1 ....h.r.r..r..t.r..h..
2 ..f.....rtt...f...r...
3 ..........t..........t
4 ..h..r...f.h.r.fh.f..t
5 .t.rrt............r...
6 ..t..t........t..r..tt
7 .h.......t.....fh..rt.
8 ...r........t....t.rfr
9 .t..........h....t.tt.
0 .h..t...rr..rr........
1 t....r...rfh..h.rr..r.
2 t.........rt........r.
3 ..hr....h..t...t...f.r
4 .t...f...f....f..r..h.

Turn = 2.
  0123456789012345678901
0 .....h..t..r...rr..f..
1 ...........r.....f....
2 ....t.fr....tt....f..h
3 ..rr...rh...rfh.r....r
4 ..............h......r
5 r....f..h.........r...
6 .hh.....h........ht.ft
7 r........t........t...
8 ..r.f....t..r...f..r..
9 ..r...t..r.....r..f.r.
0 .....t..h.rr..tt...h.r
1 .....h.rr.....tr....h.
2 ..f.....rtt...f..r....
3 ..........t..........t
4 ...rrr...fh....fh.f..t
5 .t.rr........r...r....
6 ..t..t........t.....tt
7 ..h......t.....fhrrrt.
8 ............t....t..f.
9 .t.r........hr...t.ttr
0 ..h.t...rr..r.........
1 t.....r..rrh........r.
2 t..........t..h.rr...r
3 .hr.......rt...t...f..
4 .t...f..hf....f...r.hr

Turn = 3.
  0123456789012345678901
0 .....h..t...r.rr...f..
1 ..........r......f....
2 ..rrt.rr....rt....f..h
3 .......h....rfh......r
4 .......r......h.r....r
5 .....f.hh........h.r..
6 r.................t.ft
7 .hh......t........t...
8 r..rf....t...r..f...r.
9 .r....t...rr...r..f...
0 .....t...hr...tt....rr
1 ......hr.r....rr...h.h
2 ..f.....rrt...f.r.....
3 .....r....t..........t
4 ...rr....tt....fh.f..t
5 .t.r.r..........r.....
6 ..t..t.......rt....rtt
7 ...h.....t.....fhrr.t.
8 ............tr....r.t.
9 .t......r...h....t.tt.
0 ..hrt...r............r
1 t......r.rh.r........r
2 t.........rt.........r
3 hr.........t..ttrr.f..
4 .t...f..hfr...f....rhr

Turn = 4.
  0123456789012345678901
0 .....h..t....rrr...f..
1 ..rr.....r..r....f....
2 ....t.rr....rt....f..h
3 ......h......tt......r
4 .......rh.....t..h...r
5 .....fr.........r...r.
6 ..................t.tt
7 r........t........t...
8 .hhr.....t.r..r.f....r
9 rr..r.t...r....t..f...
0 .....t.r.hr...tt.....r
1 ......h..rr...rr....rr
2 ..f..r..r.t...rr...h..
3 ..........t..........t
4 ...r.....tt....fh.f..t
5 .tr.r.r........r...r..
6 ..t..t........t.....tt
7 ....h....t...r.fh.r.t.
8 ........r...tr...r.rt.
9 .t..........t....t.tt.
0 ..h.t..r.............r
1 t..r....rh...........r
2 t........r.tt.........
3 rr........rt..tt...f.r
4 .t...f..hfr...t.rr.rrr

Turn = 5.
  0123456789012345678901
0 ..rr.h..t...rrr....f..
1 ......r.r...r..r.f....
2 ....t........t....f..h
3 .....h.rh....tt..h...r
4 ..............t......r
5 .....rrr.............r
6 ................r.t.tt
7 .........t.r......t...
8 rr..r....tr....rf....r
9 .rh...tr.......t..f...
0 r...rt...r.r..tt.....r
1 .....r.h.r.r..rr......
2 ..f.......t...rr....rr
3 ........r.t........h.t
4 ..r......tt....fh.fr.t
5 .rr....r......r.......
6 ..t.rt........t.....tt
7 .....h..rt...r.fh..rt.
8 ............t.r..r.tt.
9 .t..........t....r.tt.
0 ...ht.r..............r
1 t.......rr...........r
2 t..r.......tt.........
3 rt.......rrt..tt...f.r
4 .t...f..hrr...t.rr.rrr

Turn = 6.
  0123456789012345678901
0 ..rr.hr.t...rr.r...f..
1 .......r....r....f....
2 ....t...h....t.r.hf..h
3 ....h........tt......r
4 .......r......t......r
5 .....rr..............r
6 .......r...r......t.tt
7 .........t......r.t...
8 .r...r...tt....rr.....
9 rr....tt.......t..f..r
0 ..h..r...rr.r.tt.....r
1 r...rr..h...r.rrr.....
2 ..f.......t..........r
3 ..........t...r....rrr
4 .r......rtt....fh.fr.t
5 .r......r....r........
6 .rt..t..r.....t.....rt
7 ....r.h..t..r..fh..rr.
8 ............t..r.r.tt.
9 .t..........t.....rttr
0 ...ttr...r............
1 t.......r...........r.
2 t..........tt.........
3 tt.r.....rrt..tt...fr.
4 .t...f..rrr...tr..rrrr

Turn = 7.
  0123456789012345678901
0 .r..rhr.t..rr...r..f..
1 ......r.h....t...f....
2 ....t........t...hf..r
3 ...h.........ttr.....r
4 .....r........t......r
5 .......r...r.........r
6 ......r...........t.tt
7 .......r.t......r.t...
8 ..r...r..tt....tr.....
9 ..r...tt.r.....t..f..r
0 r...rr.....r.trt......
1 ..h......h...rrt.r...r
2 r.f.r.....t..........r
3 ..........t........r.r
4 r.......rtt...rfh.frrt
5 r.......rr..r.......r.
6 ..t..t........t.....rt
7 .r.....h.t.r...fh..t..
8 ....r.......t...r.rttr
9 .t.......r..t.....rtt.
0 ...trr..r.............
1 t..................r..
2 t..........tt.........
3 tt.......rrt..tt...rrr
4 .t.r.f..rrr...rr..rrr.

Turn = 8.
  0123456789012345678901
0 r...rrr.t.rr.....r.f..
1 .....r..h....t...f....
2 ....t........t...hf..r
3 ..h..r.......tt......r
4 ...........r..tr.....r
5 .....................t
6 .......r..........t.tt
7 ......r..t.......rt...
8 ...r..tr.rt....t......
9 ...r.rtt.r.....tr.f.r.
0 ...r........rtrt......
1 r.h.......h..rtt..r..r
2 ..f.......t.........rr
3 r...r.....t.......r...
4 r......rrtt....fh.rrrt
5 r.........rr..t.....r.
6 ..t..t........t.....tt
7 ........ttr....fh..r.r
8 .r.......r..t....rrrt.
9 .t..r...r...t.....r.t.
0 ...tr..............r..
1 t...r.............r...
2 t..........tt........r
3 tt.......rrr..tt...rr.
4 .t.r.f..rrr..rr...rrr.

Turn = 9.
  0123456789012345678901
0 r...rr..trr.......rf..
1 ....r.r.t....t...f....
2 ....tr.......t...hf.r.
3 .h.........r.tt......r
4 ..............t.....r.
5 ...............r.....t
6 ..................t.tt
7 ......rr.t.......rr...
8 ....rrrrrrt....t......
9 ....r.r.r......t..fr..
0 ..r.........rrrtt.....
1 ..h........h..tt...rrr
2 r.f.......t..r.....r..
3 r.......r.t......r....
4 r...r.r..tt....fh.rrrt
5 r.........tt..t....r..
6 ..t..t........t.....tr
7 ........trr....fh.rr.r
8 .r......rr..t....rr.t.
9 ..r.r.......t......rt.
0 ...rr.................
1 t................r.r.r
2 t...r......tt.........
3 tt......r.r...tt...rr.
4 .tr..f..rrrrr.t..r.rr.

Turn = 10.
  0123456789012345678901
0 r...rr..rrr.......rr..
1 ...r.r..t....t...f....
2 ....t.r....r.t...hfr.r
3 h............tt.......
4 ..............t....r..
5 .....................t
6 ...............r..t.tt
7 .....rrr.t.......r....
8 ....r.rr.tt....t..r...
9 .....rrr.r...r.t..rr..
0 .r..........r.rtt....r
1 ..h.........h.rr...rr.
2 r.f.....r.t.......r...
3 .r........t..r..r.rr..
4 .r...r...tt....fh....t
5 .r..r.....tt..t...r.t.
6 ..t..t........t....rtr
7 ........rrr....fhr...r
8 ........r.r.t.......t.
9 .r.r.r......t....rrr.r
0 ...r.................r
1 t..r............r.....
2 t.........rtt......r..
3 tt..r..r.r....tt...rr.
4 .rr..f..r.rrr.t.r..rr.

Turn = 11.
  0123456789012345678901
0 r...rrr.rr........rr..
1 ..r.....t.rr.t...f...r
2 ....t........t...hrr..
3 h.....r......tt.......
4 ..............t...r...
5 .....................t
6 .....r............t.tt
7 .....rr..t.....r......
8 ......rr.tt..r.t.rr...
9 ....rrr...r....t.rr..r
0 r......r....r.rrt..rr.
1 ..h.....r....rrr......
2 r.f.......t......rrr..
3 ..r.......t....r......
4 ..r.r....tt..r.fh....t
5 ..t.......tt..t..r.rt.
6 ..t.tt........t.....tr
7 .......rr.r....frr...r
8 ........r..rt.......t.
9 ....r.r.....t.......rr
0 .rr..............rr..r
1 t.........r....r......
2 t..r.....r.tt......rr.
3 tt....r.......tt...r..
4 .rr.rf..rr.rr.tr...rr.

Turn = 12.
  0123456789012345678901
0 .....r.rr..r........rr
1 rr..r...tt...t...fr...
2 ....t.....r..t...rrr..
3 h............tt.......
4 ......r.......t..r....
5 .....r...............t
6 ..................t.tt
7 ....rr...t...r.r......
8 .....rr..tt....t.r.r.r
9 .....r.r..t....ttr.rr.
0 r...r...r.....rrt.....
1 ..h....r....rrrr..rr..
2 ..f.......t.....r.....
3 r..r......t...r.......
4 ...rr....tt....fh..r.t
5 ..t.......tt.tt.r...t.
6 ..t.tt........t.....tr
7 ......rr.r.....rrr....
8 .......r...rt.......tr
9 .....r.r....t.......rr
0 .r........r..........r
1 tr.......r....r..rr.r.
2 t..........tt......r..
3 tt.r.r........tt..r...
4 .rr.rf..rr.r.rrr...rr.

Turn = 13.
  0123456789012345678901
0 ....r..r.r.r........rr
1 r...r...tt...t...rrr..
2 r....r.......t...rr...
3 h.........r..tt.......
4 .....r........t.r.....
5 ......r..............t
6 .............r....t.tt
7 ...rrr...t.....r.....r
8 .......r.tt...r.r..rr.
9 ....r...r.t...rttr..r.
0 .......r.......rt.rr..
1 r.h.r.........r.r.....
2 ..f....r..t.rr.r......
3 ....r.....t..r.....r..
4 r..r.....tt....fh....t
5 ..t.r.....tt.ttr....t.
6 ..t.tt........t..r..tr
7 .....rr.r.....rr......
8 ......r....rr.......rr
9 ......r.r.r.r.......rr
0 r........r..........r.
1 tt...........r.....r.r
2 t..........tt....rr...
3 tt..r...r.....tt.r....
4 .ttrrr...rr..rtt...rr.

Turn = 14.
  0123456789012345678901
0 ...r......r.r......rrr
1 r......rtt...t...rr...
2 r...r.r......t...r....
3 r....r.......tt...r...
4 ..........r...tr......
5 .............r.......t
6 .....rr...........t.tr
7 ..rr.....t.........r.r
8 ........rtt..rrrr....r
9 ...r....r.t....trrrr..
0 ..............rrr..r..
1 ..h....r.........r....
2 r.f.r.....t..rr....r..
3 ...r.r.r..t.rr........
4 .........tt....fh....t
5 r.t.r.....tt.trr.r..t.
6 ..t.rt........t.....tt
7 ....rr.r.....rr.......
8 .....r....rrr.......rr
9 .......r.r.r........rr
0 r........r.........rr.
1 tt..........r.........
2 t.......r..tt....r...r
3 tt.r..........ttr.rr..
4 .ttrr.r..rr..rtt....r.

Turn = 15.
  0123456789012345678901
0 r.r........r.r.....rr.
1 ........tt...t..r....r
2 r....rrr.....t..r.r...
3 r...r........tt.......
4 .............rtt..r...
5 .....r....r..........t
6 ..................trtt
7 .rr...r..t....r.r....t
8 ........rrt.r..r..r..r
9 ..r......rt...rrrrr...
0 ...............r.rr...
1 ..h...............rr..
2 ..fr...r..t.rr........
3 r...r.r...t...........
4 .......r.tt.rt.fhr...t
5 ..t.r.....tt.trr....t.
6 r.tr.t........t.....tt
7 ...rr.r...r.r.t.......
8 ....r......rr......r.r
9 r.......r.rr.......r.r
0 ..........r........rr.
1 tt......r..r..........
2 t..........tt.....rr..
3 ttr.r....r....ttt....r
4 .ttt...r..r..rrr..r..r

Turn = 16.
  0123456789012345678901
0 rr..........r.r...r...
1 .....rr.tt...t.r....r.
2 .r...........t.r.....r
3 .r.....r.....tt...r...
4 ....rr.......ttt......
5 ..................r..t
6 ..........r...r.r.tttt
7 rr.......r........r..r
8 ......r.rttr..rrrr...r
9 .r.......r.r..rr.r....
0 .................rrr..
1 ..hr..............r...
2 ..f.......trr.........
3 ......rr..t......r....
4 r...r....tt..trrh....t
5 ..t..r.r..ttrt.r....t.
6 ..rr.t....r...t.....tt
7 r.rr.r.....r..t.......
8 r..r......r.......r..r
9 .........rr.r.....r.r.
0 ........r.rr......r..r
1 tt........r........r..
2 t...r....r.tt.....r...
3 trr...........ttt....r
4 .ttt....rr...rr.r.r..r

Turn = 17.
  0123456789012345678901
0 rr...rr......t.r.r....
1 ........tt...tr.......
2 ..r..........tr.....r.
3 ..r..r.......tt......r
4 .......r.....ttt..r...
5 ....r.........r.r.r..t
6 .........r........rrtt
7 rr........r...r.rrr..r
8 .........trr..rr.....r
9 r.....r.r.r.rr..r.rr..
0 ...r..............r...
1 ..h..............r....
2 ..f.......rrr....r....
3 ..........t...........
4 ......rr.tt..ttrh....t
5 r.t.r.r...tt.t.r....t.
6 .rr..t.r..t.r.t.....tt
7 rrr..t....r...t.......
8 r.r......rr......r..r.
9 ........rr.......r...r
0 ..........r.r....r.r..
1 tt..r....r.r.........r
2 t........r.tt.........
3 rrt...........rtt.r..r
4 .ttt....rr...rr..r.r.r

*** Darwin 24x14 ***
Turn = 0.
  01234567890123
0 ..fht....fhh.h
1 .fr.fh..hh.hhh
2 .....h...h.t..
3 .......t.....t
4 ..hh...t.rhfh.
5 .tr...f.....r.
6 ......t.rrf...
7 r.......h..r.t
8 h.ft.f.fh.....
9 .hr..t.rrtt.fh
0 hh.r........ht
1 h...f....t.ft.
2 t..fr...fhhrt.
3 .t...f.f.h.hfr
4 ...ftrf....hr.
5 .r.......r...f
6 r.....f.hr.h..
7 r....tt..tt...
8 ...fthrf..f...
9 .f...hh...h..h
0 .....rr.httrh.
1 ft.r...f.f..f.
2 .f..rffh...hh.
3 .hr..hhr...hh.

Turn = 2.
  01234567890123
0 ..rrth...f.h.h
1 .f..t.h..h.thh
2 ...h......hth.
3 .......t..h..t
4 .t..hh.rrh.f..
5 .t....f...r...
6 ......t.r.r.rr
7 r.r.....r...r.
8 .rtt.t.fr.r...
9 h...rt...tt.ft
0 hhr.........tt
1 h...f..r.trrt.
2 t..f....fth.t.
3 .t..tf.f.hh.r.
4 ...frrf..r..rr
5 r......r.....f
6 r.....t....h.h
7 .r...tt..tt...
8 ...fttrfh.f...
9 .f.r.tt...hhh.
0 .....rrh.ttt..
1 ft.....f.t..f.
2 .t..rrf..h...h
3 .h.rrr.h.rhh..

Turn = 4.
  01234567890123
0 ..rrt.r..f.h.h
1 .f..th...h.ttt
2 ..........tth.
3 .......t..t..t
4 .t.h.h.tt..f.r
5 .t....t..r..r.
6 .....hrr.r.r..
7 .rrr......r..r
8 r.r..r.f.t..t.
9 h...rr...ttrtt
0 rrr.........tt
1 t...f....rr.t.
2 t..f...ttrh.r.
3 rt..tf..rrh.r.
4 ...trrf..r...r
5 .....r......rr
6 ......t......h
7 ...r.tt..tt.h.
8 r..rtrtt..th..
9 .f.r.rt...tt..
0 ....rrttrttt..
1 ft..r.rf.t..f.
2 .t.r.r.h..r..h
3 .t....rh.rh...

Turn = 6.
  01234567890123
0 ...rr...rf.t.t
1 .f.rh....h.ttt
2 ..r.......ttt.
3 .......t..t.rt
4 .t....ttt..r.t
5 .r.r..tr...r.r
6 .r.rr.t.......
7 r....r...t.rt.
8 r..r.r.f.t..t.
9 rrr......tt.tt
0 rr..r.......tt
1 r..r.....rr.t.
2 t..f...trrr.t.
3 tt..tf..rrrr.r
4 ...tttf.t..r..
5 ...r..........
6 ......t.....rh
7 ....rrt..tt.r.
8 ...rrrrt..tt..
9 .fr.rrr...tt..
0 r..r..rt.ttt..
1 tt.rr.rt.tt.f.
2 .t....ttr....h
3 .t....rrrh....

Turn = 8.
  01234567890123
0 ....r.r.rr.t.t
1 .rrh.....h.ttt
2 ..........ttt.
3 .......t..trtt
4 .tr...ttt...rr
5 .tr...rr...rr.
6 .tr...t.......
7 rr..r.r..t..t.
8 rr....rf.t..t.
9 rr.......tt.tt
0 rr..........rt
1 .rr.....rr.rrr
2 t..fr..rr.rrr.
3 tt..tt........
4 ...tttt.rrrr..
5 ...trr........
6 ...r..t.r...rr
7 ......r..ttt..
8 ..rrrrrt..tt..
9 .rrr.....rtt..
0 rr.r...rr.tt..
1 r.r...r.ttt.f.
2 .t....rt.r...h
3 .t..r.rtth....

Turn = 10.
  01234567890123
0 .r....r.rr.t.t
1 rh.......h.ttt
2 ........r.ttt.
3 .......t..trrt
4 .tt...ttt..rr.
5 .rr...tt..r...
6 .rr...t......r
7 r.r.....rt..t.
8 rr.....r.t..t.
9 rrr.r....tt.rr
0 r......r.tr.rr
1 r.....r...rr.r
2 rr.fr.r...r..r
3 tt...rtt...r..
4 ...ttrt.......
5 ...rrr........
6 ...r.rt.rr.r..
7 ......t..rttt.
8 rrr..r.trrtt.r
9 rrr.r.rr..tt..
0 .r..r.r..rtt..
1 ..r.r...ttt.f.
2 .t.....t.t...h
3 .t.r..rrrr....

Turn = 12.
  01234567890123
0 ...r...rrhtt.t
1 h..........ttt
2 r.........ttt.
3 .......tr.ttrt
4 .tt...tt...t.r
5 r.t...ttrr....
6 rrr...t.......
7 ..r.r....r.rtt
8 r.......tt..tr
9 rr.......ttr.r
0 r........rr..r
1 rr..rrr.r.r.rr
2 rr.f.r.r......
3 r.r..r.r.r....
4 ...trrt......r
5 ...trrt....r..
6 .....rt...rr..
7 ......r..rr.r.
8 rrrr..rtrtrtt.
9 rr.r.rtt..rt..
0 r.....r.rttt.r
1 ....r.r.ttt.f.
2 .t....ttrr...h
3 .rr...r..r....

Turn = 14.
  01234567890123
0 .....r.rrrrt.t
1 h..........ttt
2 ..........ttt.
3 .......tt.tttt
4 rtt...tt...t.t
5 r.r...tt....r.
6 rrr...t.......
7 .r....r.rrr.rt
8 r.r.....tt..tt
9 .....rr..trrrr
0 rr.....r...r.r
1 r.r...r....rr.
2 .r.f..r.r.....
3 r..rt.r..r.r..
4 .r.tttt.......
5 ...ttrr...r.r.
6 .....rr......r
7 rr.r.r...rrr.r
8 .....rrrrrttt.
9 r.r..rtt..tt..
0 .......ttttt..
1 .r....trttt.fr
2 rt....trr..r.r
3 .tt.r......r..

Turn = 16.
  01234567890123
0 .......r...rtt
1 h........r.ttt
2 .......rr.ttt.
3 .r.....tt.tttt
4 r.t...tt...ttt
5 ....r.tt..r...
6 rrr.r.t.......
7 r....rrr.r.rrt
8 r...r...r.t.rr
9 .........ttrrr
0 r..r.r..r...rr
1 .r..rr........
2 ..rrr...r.r.r.
3 ....t...r.rr.r
4 ...tttt.......
5 rr.rtrr......r
6 rr.r.r......r.
7 ...r.rrr..rr.r
8 ......rrr.rtt.
9 .....rrr.rtt..
0 .......rrrtt..
1 r.r...ttttt.fr
2 .r.r..tr.....r
3 ttrr....r...rr

Turn = 18.
  01234567890123
0 .........r.rrt
1 hr.........ttt
2 .......r.tttt.
3 ..r....rr.rttt
4 .r....tr..rttt
5 .r...trrr..r..
6 r...rrrr......
7 r.r..rr....rrr
8 ......r...trrr
9 .....r...ttrr.
0 ...rr...r...r.
1 ..r.r.....r...
2 r..rr...rr.rrr
3 ....rr....r.rr
4 ...tttt......r
5 .rrrttt......r
6 ..rr.r..r.r...
7 rr...rrrr..r..
8 .....rrr..ttt.
9 .....r.rr.rr.r
0 .......rrttt..
1 ......ttttt.fr
2 rrrr.rt..r...r
3 rrr......r..r.

*** Darwin 3x27 ***
Turn = 0.
  012345678901234567890123456
0 ..f........h........r......
1 .....f.....................
2 ............t..........h...

Turn = 1.
  012345678901234567890123456
0 ..f........h.........r.....
1 .....f.....................
2 ............t...........h..

Turn = 2.
  012345678901234567890123456
0 ..f........h..........r....
1 .....f.....................
2 ............t............h.

Turn = 3.
  012345678901234567890123456
0 ..f........h...........r...
1 .....f.....................
2 ............t.............h

Turn = 4.
  012345678901234567890123456
0 ..f........h............r..
1 .....f.....................
2 ............t.............h

Turn = 5.
  012345678901234567890123456
0 ..f........h.............r.
1 .....f.....................
2 ............t.............h

*** Darwin 7x28 ***
Turn = 0.
  0123456789012345678901234567
0 .h..hr.hrtfr.f..r.h.t.r..tf.
1 ...f.r...ht.frhtt.tr..rthr..
2 tff.....r.rr..t.tr..rtrh.h.f
3 tf.hhhtfh....rf.tf..rr..ht.f
4 .f....fth.t.r..hfhf..t.rf..r
5 r...hfrf..r..fhf..tr.hrf.r..
6 .r.htt.h...h..hfh.h.r..hfrtf

Turn = 1.
  0123456789012345678901234567
0 h...rr.rrtfr.f..r.hrt..rhtf.
1 ...f.r...ht.frrtt.t..rrtr...
2 ttfh...rh.rr..r.t.r.r.r.h..f
3 tt....tth....rr.tt..rr.rtt.f
4 .f..hhrt..t....hftf..tr.fr..
5 .r..tfrf.r..rfhf..tt.h.f...r
6 .r.htth.....h.hfh.h.r.rhfttf

Turn = 2.
  0123456789012345678901234567
0 h...rr.rttf.rf.r..hrtr.rttf.
1 ...f..r.hht.frrtt.t..r.rr...
2 ttfh..r.h.rr..rrt.t..r.rh..f
3 tt....tt.....r..tt.r.r..tr.f
4 .f..hhrr..t....httf..rrrfr..
5 ..r.tfrfr...rfhf..tt..rf...r
6 ..rhttt......rhfh.hr..rhfttr

Turn = 3.
  0123456789012345678901234567
0 h.......ttf.rrrr..rrtt.rttf.
1 ...frrrrhht.frr.r.t.r..rr...
2 ttfh.r..h.rr.rrrt.t...rrr..f
3 tt....tr........ttr..r..tr.f
4 .f..hhrr..t....httt...rrtr..
5 ...rttrrr....frf..tt.rrr...r
6 ..rrrtt.....rrrfh.rr.rh.fttr

Turn = 4.
  0123456789012345678901234567
0 h.......ttf.rrrr..rrtt.rrtf.
1 ...f.r..htt.fr.rr..rr..rr...
2 ttfhrrrrh.tt.rrrt.t...rrr..f
3 tt....tr........trr...r.rr.f
4 .t..hhrr..t....httt..r.rrr..
5 ...rrrrr.....frr..tt.rrr..r.
6 ..rrrrt.r...rrrfh.ttrr..tttt

Turn = 5.
  0123456789012345678901234567
0 h.......ttf.rrr....rrt.rrrf.
1 ...fr...ttt.frrrr.rrr..rr...
2 ttth..rrh.tt.r.rt.t...r.r..f
3 tt..rrr.r.....r.rtt...rrrr.f
4 .t..hrrr..t....tttt.r.r..r..
5 ...rrrr.r....frr..ttr.r.rr..
6 ..rrrrr.r...rrrrr.trrrr.tttt

*** Darwin 14x30 ***
Turn = 0.
  012345678901234567890123456789
0 ............h.................
1 ..............................
2 ...r...r........h..........t..
3 ...r.t...t......r.............
4 ........h.....................
5 .......f......................
6 ...f.......f..................
7 ..t...............h.......h...
8 ..................f....t..f...
9 ..............................
0 ...........h..r...............
1 .h............................
2 ..f.............t..........f..
3 ....f.h....h.....r........h.h.

Turn = 1.
  012345678901234567890123456789
0 .............h................
1 ................h.............
2 ...r..r....................t..
3 .....t..ht.......r............
4 ...r..........................
5 .......f......................
6 ...f.......f..................
7 ..t................h.......h..
8 ..................f....t..f...
9 ...........h..................
0 ...............r..............
1 ..............................
2 .hf.............t.........hf..
3 ....f.h...h......r...........h

Turn = 2.
  012345678901234567890123456789
0 ..............h.h.............
1 ..............................
2 ..r..r..h..................t..
3 .....t...t........r...........
4 ..............................
5 ...r...f......................
6 ...f.......f..................
7 ..t.................h.......h.
8 ...........h......f....t..f...
9 ..............................
0 ................r.............
1 ..........................h...
2 ..f.............t..........f..
3 .h..f.h..h........r..........h

Turn = 3.
  012345678901234567890123456789
0 ...............hh.............
1 ........h.....................
2 .r..r......................t..
3 .....t...t.........r..........
4 ..............................
5 ...r...f......................
6 ..r........f..................
7 ..t........h.........h.......h
8 ..................f....t..f...
9 ..............................
0 .................r........h...
1 ..............................
2 ..f.............t..........f..
3 .h..f.h.h..........r.........h

Turn = 4.
  012345678901234567890123456789
0 ........h......hh.............
1 ..............................
2 r..r.......................t..
3 .....t...t..........r.........
4 ..............................
5 .......f......................
6 .r.r.......f..................
7 ..t........h..........h......h
8 ..................f....t..f...
9 ..........................h...
0 ..................r...........
1 ..............................
2 ..f.............t..........f..
3 .h..f.hh............r........h

Turn = 5.
  012345678901234567890123456789
0 ........h......hh.............
1 ..............................
2 r.r........................t..
3 .....t...t...........r........
4 ..............................
5 .......f......................
6 r..........f..................
7 ..tr.......h...........h.....h
8 ..................f....t..f...
9 ..........................h...
0 ...................r..........
1 ..............................
2 ..f.............t..........f..
3 .h..f.hh.............r.......h

Turn = 6.
  012345678901234567890123456789
0 ........h......hh.............
1 r.............................
2 .r.........................t..
3 .....t...t............r.......
4 ..............................
5 .......f......................
6 r..........f..................
7 ..t........h............h....h
8 ...r..............f....t..f...
9 ..........................h...
0 ....................r.........
1 ..............................
2 ..f.............t..........f..
3 .h..f.hh..............r......h

Turn = 7.
  012345678901234567890123456789
0 r.......h......hh.............
1 ..............................
2 r..........................t..
3 .....t...t.............r......
4 ..............................
5 r......f......................
6 ...........f..................
7 ..t........h.............h...h
8 ..................f....t..f...
9 ...r......................h...
0 .....................r........
1 ..............................
2 ..f.............t..........f..
3 .h..f.hh...............r.....h

Turn = 8.
  012345678901234567890123456789
0 r.......h......hh.............
1 ..............................
2 r..........................t..
3 .....t...t..............r.....
4 r.............................
5 .......f......................
6 ...........f..................
7 ..t........h..............h..h
8 ..................f....t..f...
9 ..........................h...
0 ...r..................r.......
1 ..............................
2 ..f.............t..........f..
3 .h..f.hh................r....h

Turn = 9.
  012345678901234567890123456789
0 .r......h......hh.............
1 r.............................
2 ...........................t..
3 r....t...t...............r....
4 ..............................
5 .......f......................
6 ...........f..................
7 ..t........h...............h.h
8 ..................f....t..f...
9 ..........................h...
0 .......................r......
1 ...r..........................
2 ..f.............t..........f..
3 .h..f.hh.................r...h

Turn = 10.
  012345678901234567890123456789
0 r.r.....h......hh.............
1 ..............................
2 r..........................t..
3 .....t...t................r...
4 ..............................
5 .......f......................
6 ...........f..................
7 ..t........h................hh
8 ..................f....t..f...
9 ..........................h...
0 ........................r.....
1 ..............................
2 ..fr............t..........f..
3 .h..f.hh..................r..h

Turn = 11.
  012345678901234567890123456789
0 r..r....h......hh.............
1 r.............................
2 ...........................t..
3 .....t...t.................r..
4 ..............................
5 .......f......................
6 ...........f..................
7 ..t........h................hh
8 ..................f....t..f...
9 ..........................h...
0 .........................r....
1 ..............................
2 ..f.............t..........f..
3 .h.rf.hh...................r.h

Turn = 12.
  012345678901234567890123456789
0 r...r...h......hh.............
1 r.............................
2 ...........................t..
3 .....t...t.................t..
4 ..............................
5 .......f......................
6 ...........f..................
7 ..t........h................hh
8 ..................f....t..f...
9 ..........................h...
0 ..........................r...
1 ..............................
2 ..f.............t..........f..
3 .h.rf.hh....................rh

Turn = 13.
  012345678901234567890123456789
0 r....r..h......hh.............
1 .r............................
2 ...........................t..
3 .....t...t.................t..
4 ..............................
5 .......f......................
6 ...........f..................
7 ..t........h................hh
8 ..................f....t..f...
9 ..........................h...
0 ...........................r..
1 ..............................
2 ..f.............t..........f..
3 .hr.f.hh....................rr

*** Darwin 16x10 ***
Turn = 0.
  0123456789
0 ....rh....
1 tr..r..ff.
2 .tth.rt.r.
3 trtt.r.tr.
4 rh.t.f....
5 f....f.f.h
6 .fr.f.f.r.
7 tr...rh.h.
8 .thh.h.r.f
9 .t..rfhr..
0 .....ffffr
1 f..h.thtr.
2 tf.fh..tr.
3 hhr.hfrh.f
4 ..f.....hr
5 fffhtft...

Turn = 13.
  0123456789
0 r..r.rrr.r
1 tr.r..r...
2 tt.r.r..r.
3 trrrr..r.r
4 ttrr......
5 tr.....rrr
6 .ttt..rrrr
7 tt..r...r.
8 .tr...r..r
9 .tr.rr..rr
0 tttt.rrrrr
1 t.r.r.r.rr
2 r..rrrr.r.
3 .rh.r.....
4 r.r.r.r...
5 .f..r...rr

*** Darwin 12x5 ***
Turn = 0.
  01234
0 h.rrr
1 ..hth
2 r.frh
3 ..rt.
4 ..hf.
5 r.r.f
6 h...r
7 ..f.t
8 ..ht.
9 ht.tr
0 .f..f
1 h...t

Turn = 1.
  01234
0 h.rrr
1 ..htr
2 .rfth
3 ..rt.
4 .rrf.
5 r...r
6 r...t
7 ..f.t
8 ...t.
9 htttr
0 .t..r
1 .h..r

Turn = 2.
  01234
0 h.rrr
1 ..rtr
2 .rrtt
3 ..rt.
4 r.rf.
5 r...r
6 r...t
7 ..f.t
8 ...t.
9 htttr
0 .t..r
1 ..h.r

Turn = 3.
  01234
0 h.rrr
1 ..rtt
2 .rrtt
3 .r.t.
4 r.r.r
5 .r..r
6 .r.r.
7 ..f.t
8 ...t.
9 httrr
0 .t.r.
1 ...hr

Turn = 4.
  01234
0 h.rrr
1 ..rtr
2 .rrtt
3 r..t.
4 r..rr
5 ..r..
6 ..rrr
7 ..f.t
8 ...t.
9 httrr
0 .tr..
1 ...hr

*** Darwin 18x3 ***
Turn = 0.
  012
0 .f.
1 ..t
2 h.t
3 r..
4 f.t
5 ft.
6 .h.
7 f.h
8 ..f
9 ...
0 ...
1 h..
2 ff.
3 hrh
4 h.f
5 .h.
6 ..h
7 hht

Turn = 1.
  012
0 .f.
1 ..t
2 rht
3 ...
4 f.t
5 ft.
6 ..h
7 f.h
8 ..f
9 ...
0 ...
1 h..
2 ff.
3 hrr
4 ...
5 h.r
6 .hh
7 htt

Turn = 2.
  012
0 .f.
1 r.t
2 .ht
3 ...
4 f.t
5 tt.
6 ..h
7 f.h
8 ..f
9 ...
0 ...
1 h..
2 ff.
3 hr.
4 ..r
5 ..r
6 hhr
7 htt

Turn = 3.
  012
0 rf.
1 ..t
2 .ht
3 ...
4 f.t
5 tt.
6 ..h
7 f.h
8 ..f
9 ...
0 ...
1 h..
2 ff.
3 h..
4 .rr
5 ..r
6 hhr
7 htt

Turn = 4.
  012
0 rf.
1 ..t
2 .tt
3 ...
4 t.t
5 tt.
6 ..h
7 f.h
8 ..f
9 ...
0 ...
1 h..
2 ff.
3 .h.
4 ..r
5 .rr
6 hhr
7 htt

Turn = 5.
  012
0 r..
1 .rt
2 .tt
3 ...
4 t.t
5 tt.
6 ..h
7 f.h
8 ..f
9 ...
0 ...
1 h..
2 ff.
3 ..h
4 ..r
5 .rr
6 hrr
7 hrr

Turn = 6.
  012
0 .r.
1 .rt
2 .rt
3 ...
4 t.t
5 tt.
6 ..h
7 f.h
8 ..f
9 ...
0 ...
1 h..
2 ff.
3 ..h
4 ..r
5 .rr
6 hrr
7 hrr

Turn = 7.
  012
0 ..r
1 .tt
2 r.t
3 ...
4 t.t
5 tt.
6 ..h
7 f.h
8 ..f
9 ...
0 ...
1 h..
2 ff.
3 ..h
4 ..r
5 .rr
6 rrr
7 hrr

Turn = 8.
  012
0 ..r
1 .tt
2 r.t
3 ...
4 t.t
5 tt.
6 ..h
7 f.h
8 ..f
9 ...
0 ...
1 h..
2 ff.
3 ..h
4 ..r
5 .rr
6 rrr
7 rrr

Turn = 9.
  012
0 ..r
1 .tt
2 ..t
3 r..
4 t.t
5 tt.
6 ..h
7 f.h
8 ..f
9 ...
0 ...
1 h..
2 ff.
3 ..h
4 ..r
5 rrr
6 r.r
7 rrr

Turn = 10.
  012
0 ..r
1 .tt
2 ..t
3 r..
4 r.t
5 tt.
6 ..h
7 f.h
8 ..f
9 ...
0 ...
1 h..
2 ff.
3 ..h
4 .r.
5 rrr
6 r.r
7 rrr

*** Darwin 6x23 ***
Turn = 0.
  01234567890123456789012
0 .hh.ffr.f..f.fff.h..frf
1 .t..t..t.h.ht..h.t..t.h
2 r.r..t.ft.f..f.hf.ffh..
3 ..r..fhf..thh.thr....tr
4 .trr..hthrrftt.trh.rt..
5 tt.thffr..hrr.hh.trhh.t

Turn = 5.
  01234567890123456789012
0 rtt.tt.r...t.fff...tttt
1 rt..t..rr..ttt.h.t..t..
2 .....t.tttt.tf..rrttt..
3 .r..rr.t..th.rr..r...tt
4 ..t..rttt.trr.rrh...t.t
5 ttttttt.tttt.rttttttt.t

Turn = 10.
  01234567890123456789012
0 rrt.ttr...rr.rff..rtttt
1 .r..rr..t.trrr.h.t..t..
2 ......rtt.t.tt...tttt..
3 r...r..t..tt.trr..r..tt
4 ..t.rtttt.tt.t.rrr..t.t
5 ttttttt.tttrrrrr..rtt.t

Turn = 15.
  01234567890123456789012
0 ...ttt..tt..tttt...rttt
1 ....tt..r.tttt.tttt.t..
2 r.r....rr.t.tt...trtt..
3 r.....t.r.tt.rrr..r.ttt
4 rrr.ttttt.ttr.rr..rr..r
5 rrrtttt.ttttttt.....rrr

*** Darwin 27x28 ***
Turn = 0.
  0123456789012345678901234567
0 t.........t.......r....r....
1 f..f..h......t..............
2 h.........r.h.t.........f..f
3 .........r....ft..r.........
4 ..................f.........
5 ......t..............r....f.
6 .fh.................f.......
7 ...f..r..f..f.........r.....
8 f.h..r........t.....t.......
9 h.....f...t...r....ft.......
0 .....h.................r....
1 ....f......f...rf....t......
2 ......f...t..r....rf....r...
3 .....h..t....f............t.
4 .r..rt......................
5 ...........................r
6 ..........f......h.f....r...
7 .......h......ff............
8 f.....f..t......h...........
9 .r..f.......r..............f
0 .............f..............
1 .....f......t..........h....
2 ........r....t..............
3 ..........r.r.....t....f....
4 .....r.f.......r.....t..h...
5 ...........................r
6 ..................h......ft.

Turn = 18.
  0123456789012345678901234567
0 t.r.r........r...r.......rr.
1 t..frr.................r..r.
2 t...r.r.......t...r.....f..f
3 t.......r.....trr...........
4 ................rr..........
5 ..r.............r.........f.
6 .f..................f...h...
7 ..hf.....f..f........r......
8 f.h...........t.....tr......
9 ..r......ttt..t....tt.......
0 ..............t.............
1 ...............r.....t......
2 rrr.........................
3 ..r.......................tt
4 .r..........................
5 ............................
6 ....rr.r..............r.....
7 rr............ff............
8 ....r.f.....................
9 r....r.....................f
0 .........r..tt........r.....
1 .....f......t...............
2 .........rr..t..............
3 ............................
4 .......f..........t...r.....
5 ..r................rr.......
6 .rr...............h.rr...ttt

*** Darwin 18x19 ***
Turn = 0.
  0123456789012345678
0 .......f.....r.rf.h
1 .....tff..r......r.
2 .....t.rrh...ht..ft
3 ...f...t.......f.h.
4 .rtr..h.h...f.r...f
5 ...h....r...tft.ff.
6 ...rt.......t.h....
7 r.h....h.h.r....ht.
8 ....f....t.fr.trh..
9 h...f......r...rr..
0 r..r.t..t.......r..
1 ..tfr.........frr..
2 .fhr....ht..h..f...
3 ..f.r......t..f....
4 ......hr...r....ft.
5 .....h..r.h...r..t.
6 .........ttrfr.rrtr
7 ...hrf..rh..hr....t

Turn = 1.
  0123456789012345678
0 .......f.....rr.f.h
1 .....tffr.........r
2 .....t.rh.r...t..tt
3 ...r...t.....h.f...
4 .rrr.h...h..fr...hf
5 ...h........tft.ff.
6 ....t...r...t.t....
7 .rhr....h.rr....tt.
8 ....f....t.r..tth..
9 h...f......rr..r...
0 ..t.rt..t......rr..
1 r.tf..........fr.r.
2 .fh.....ht......r..
3 ..fr.r.....th.f....
4 ...........t..r.ft.
5 ....h.hr.rh......t.
6 ...h.....tttf.r..rr
7 ...r.f..rt..rr.rr.t

Turn = 2.
  0123456789012345678
0 .......fr....rr.f.h
1 .....tfr..........r
2 .....t.rh.....t..tt
3 ..rr...t..r..h.f...
4 .r.hh.....h.rr...hf
5 ..r.........tft.ff.
6 ....t...r...t.t....
7 .rr......rrr....tt.
8 ...rf....t.rr.ttt..
9 ....r.........r.r..
0 h.t.tt..t...r..r...
1 ..tf..........f...r
2 rfh.....ht.....r.r.
3 ..f...r....t..r....
4 ...r.......tt.r.tt.
5 ...h.....rr......t.
6 ...h..hr.tttr..r.rr
7 ..r..f.r.t..rr.rr.t

Turn = 3.
  0123456789012345678
0 .......fr.......f.r
1 .....tfr.....rr...r
2 ...r.t.th.....t..tt
3 .r.h...t..r..h.f...
4 ...h.......rrr...hf
5 .r..........ttt.ff.
6 ..r.t.....rrt.t....
7 .r......rr.r....tt.
8 ..r.f....t...rttt..
9 ...r.r.......r..t..
0 ..t.tt..t.......r..
1 h.tf........r.f...r
2 .fh.....ht........r
3 r.f....r...t..rr...
4 ...r......rtt.r.tt.
5 ..rh.....r.......t.
6 .......r.tttr...r.r
7 .r...frr.t..rr.rrrr

Turn = 4.
  0123456789012345678
0 .......rr.......f.r
1 ...r.trr......r...r
2 ...h.t.th....r.r.tt
3 r......t.....r.f...
4 ..h.......rrrr...hf
5 ..........rrrrt.ff.
6 .r..t....r.rt.t....
7 .rr.............tt.
8 ....f...rt...rrtt..
9 ..r...r.....r...t..
0 ..tttt..t........rr
1 ..tf..........f....
2 htt.....tt..r.....r
3 ..f.....r.rt.r.....
4 r..r.......tt.rrtt.
5 .r.r.....r.......t.
6 ......r..tttt..rrrr
7 r....frr.t..t.r..rr

Turn = 5.
  0123456789012345678
0 ...r...rr.......f.r
1 ...h.ttt..........t
2 .....t.th....rr.ttt
3 r......t...r.r.f...
4 .h........rrrr...hf
5 .........rrrtrr.ff.
6 .r..t.......t.t....
7 r.............r.tt.
8 ..r.f....t...r.tt..
9 ..r....rr..r....t.r
0 ..rrtt..t........r.
1 ..t...........f....
2 .ttr....ttr........
3 h.f......r.ttr....r
4 ...r.......tt...tt.
5 rr..r....r....rrrt.
6 .....r..r.ttt..r.tt
7 r....frr.t..t..rr.r

Turn = 6.
  0123456789012345678
0 ...r...r........f.r
1 ...h.tttr.........t
2 r....t.tt..r.r..ttt
3 .......t...r.rrf...
4 h........rrrr.r..hf
5 ..........r.trr.ff.
6 r...t.......t.r....
7 r............rr.tt.
8 ..r.f....t.....tt.r
9 ..r....rr.r.....t..
0 ..r.tt.............
1 ..tt....t.r...f..r.
2 .tt.....tt.........
3 ..tr.....t.tt......
4 hrr........ttr..rtr
5 .....r.........rrt.
6 r...r..r.rttt.r.rtt
7 r....fr.rt..t..rr.t

Turn = 7.
  0123456789012345678
0 ..rh...r........f.r
1 r....tttt..r.r....t
2 .....t.tt..r.r..ttt
3 .......t.r.rr.rf...
4 h.........r....r.hf
5 ............ttr.ff.
6 r...t.....r.tr.r...
7 .............r..ttr
8 r..rf....t.....tt..
9 .rr......r......t..
0 ....tt.rr.r........
1 ..tt....t.....f....
2 .tt.....tt.......r.
3 .rtt.....t.tt......
4 .r.........tt..rrt.
5 h.....r......rr..rt
6 r..r..r..rttt..rrrt
7 .r...f.rrr..t.r.r.t

*** Darwin 5x10 ***
Turn = 0.
  0123456789
0 h.fr....h.
1 .h...r.tt.
2 ...t..f..f
3 ..h.f....h
4 rtfh.h.hr.

Turn = 10.
  0123456789
0 hr....t.t.
1 r.....ttt.
2 r..t..t..r
3 ..ttt....r
4 .rr..rrr..

*** Darwin 10x25 ***
Turn = 0.
  0123456789012345678901234
0 .t..rt.h..hf...rhrt...rf.
1 fhh.h..................f.
2 ...f.t..tr.....r..ht.....
3 f........h..........t.f.h
4 .h..f.r.r....r....h......
5 rt..h.t..................
6 ...h..hrh..tr...h.t...r..
7 ......r...r........ht...h
8 ...........h......r.h.t..
9 ............f..........t.

Turn = 1.
  0123456789012345678901234
0 .th.rt....hf...hr.t...r.r
1 fh.r...h.r.....r..h....f.
2 ...f.t..t.......r..t.....
3 fh....r.r...........t.f.h
4 ....f...r..........h.....
5 rt.h..tr.....r...........
6 ...h..h...rt.r.h..t......
7 ........h...........t.rh.
8 ......r.....h....r.h.tt..
9 ............f..........t.

Turn = 2.
  0123456789012345678901234
0 .th..t...rhf..hr..t....rr
1 fhr.r.............t....f.
2 .h.f.trtt......r.r.t.....
3 f......rr...........t.f.h
4 r...f..r............h....
5 .thh..t...r..r...........
6 .......h...t..rh..t......
7 ....................t.rh.
8 ........h....h..r....tt..
9 ......r.....f......h...t.

Turn = 3.
  0123456789012345678901234
0 .th..t...rhf.hr...t....rr
1 trr...r...........t....f.
2 .h.frt.tr.........rt.....
3 r......rr......r....t.f.h
4 r..hf..r..r.........t....
5 .th...t.....r............
6 ........h..t..rr..t......
7 ....................t.rh.
8 ..............hr.....tt..
9 ......r.h...f......h...t.

Turn = 4.
  0123456789012345678901234
0 .th..tr..rr.hr....t....rr
1 trr........r......t......
2 rh.f.t.tr.........tt...r.
3 r..hr..tr.r.........t.f.h
4 ....f..t.......r....t....
5 .tt...t....r.............
6 .........h.t..r...t......
7 ...............r....t.rh.
8 ..............rr.....tt..
9 .......rh...f......h...t.

Turn = 5.
  0123456789012345678901234
0 .th..tr..r.rrr....t......
1 rtr...............t....rr
2 rt.f.t.rr.rr......tt.....
3 r..hr..rr...........t.frh
4 ....r..t............t....
5 .tt...t...r....r.........
6 ..........ht......t......
7 ..............rr....t.th.
8 ..............rr.....tt..
9 .......rr...f......h...t.

Turn = 6.
  0123456789012345678901234
0 .th..rr....rrr....t......
1 rtr......rr.......t......
2 rt.f.t.rr.........tt...rr
3 .r.hr..rr..r........t.f.h
4 ...r...t............t..r.
5 .tt...t..r...............
6 ..........tt...r..t......
7 ..............r.r...t.th.
8 ..............r......tt..
9 .......r.r..f..r...h...t.

Turn = 7.
  0123456789012345678901234
0 rtt..r....r..r....t......
1 .tt..t.r...rr.....t......
2 rt.f.t..rr........tt....r
3 ..rrr..rr...........t.frr
4 ..t.....r..r........t....
5 .tt...t.r..............r.
6 ..........tt......t......
7 .............r.r.r..t.tt.
8 .......r.....r.......tt..
9 ..........r.f..r...h...t.

Turn = 8.
  0123456789012345678901234
0 rtt.r..r..r.r.....t......
1 rtt..t............t......
2 .t.r.t.r...rr.....tt....r
3 ..rrr...rr..........t.f.r
4 ..t....r.r..........t..r.
5 .tt...tr...r.............
6 ..........tt......t....r.
7 .......r....r.....r.t.tt.
8 ............r..r.....tt..
9 ...........rf.r....h...t.

Turn = 9.
  0123456789012345678901234
0 rttr...r...rr.....t......
1 rttr.t............t......
2 .t.rrtr.r.........tt...r.
3 ..r......r.rr.......t.f.r
4 ..r....r..r.........t....
5 .tt...rr...r...........r.
6 .......r..t.r.....t....r.
7 ...........r......t.t.t.r
8 ...........r.........tt..
9 ...........rrr.r...h...t.

Turn = 10.
  0123456789012345678901234
0 tttr..r....rr.....t......
1 tttrrt..r.........t......
2 .t.r.rr...........tt..r.r
3 ..r.....r...........t.f..
4 ..r...r...rrr.......t....
5 .tt..rrr...............r.
6 ..........tr.r....t......
7 ..........r.......t.t.trr
8 ..........r..........tt..
9 ...........rrr.r...h...t.

Turn = 11.
  0123456789012345678901234
0 ttttrr..r..r......t......
1 tttt.t.....r......t.....r
2 .tr..rr...........tt.r...
3 .r.....r............t.f..
4 ..r..r.r............t....
5 .tt.rr....rrr.........r..
6 ..........tt..r...t.....r
7 .........r........t.t.t..
8 .........r...r.......ttr.
9 ...........rr...r..h...t.

Turn = 12.
  0123456789012345678901234
0 ttttrr..r.r.......t.....r
1 tttt.tr...........t......
2 .tt..t.....r......ttr....
3 r.....rr............t.f..
4 ..t.r...............t....
5 .ttrr.....rr.........r..r
6 ..........rrr..r..t......
7 ........r....r....t.t.t..
8 ........r...r........ttr.
9 ..........r......r.h....r

Turn = 13.
  0123456789012345678901234
0 ttttttr..rr.......t.....r
1 tttt.t............t......
2 .tt..t.r..........trr....
3 r....r.....r........t.f..
4 ..tr................t...r
5 .trrr.....rr........r....
6 ..........r..r..r.t......
7 .......r...rr.....t.t.t..
8 .......r....r........ttt.
9 .........r........rh....r

Turn = 14.
  0123456789012345678901234
0 ttttttt..r........t....r.
1 tttt.t.r..r.......t......
2 rtt..t............trt....
3 ....r...............t.f.r
4 ..tt.......r........t....
5 .rrr.....r..rr......t....
6 ....r....r.......rt......
7 ......r.....r.....t.t.t..
8 ......r....rr........tttr
9 ........r.........rr.....

Turn = 15.
  0123456789012345678901234
0 tttttttr.r........t...r..
1 tttt.t............t......
2 ttt..t....r.......t.t...r
3 ...r...............rt.f..
4 ..tt.........r......t....
5 rr.t....r..rr.......t....
6 ........r........r.r.....
7 ....rr.....r......t.t.t.r
8 .....r...............ttt.
9 .......r...rr.....r.r....

Turn = 16.
  0123456789012345678901234
0 tttttttrr.........t..r...
1 tttt.t............t.....r
2 ttt..t............t.t....
3 ..t.......r..r......t.f..
4 ..tt........r......rt....
5 rr.t...r............t....
6 .......r...r......r.r...r
7 ....r.....r.......t.t.t..
8 ....rr...............ttt.
9 ......r....rr.....r..r...

*** Darwin 4x29 ***
Turn = 0.
  01234567890123456789012345678
0 ..h..r....hr.rf.r..f....t.t..
1 rh.tth.fhhtt.ftf....fr....t..
2 ..t.t..rf.hr...t...f.....ht..
3 t.f.ft......h.hff.t.......f..

Turn = 3.
  01234567890123456789012345678
0 h...th....ht..t....fr...t.t..
1 ..ttt..fh.ttrftt....f.....t..
2 t.t.t...f.tt...tr..f......t..
3 t.f.ttr..hhh...rr.t......tt..

Turn = 6.
  01234567890123456789012345678
0 h...tt....tt..t..rr.....t.t..
1 ..ttt..fh.tt.ttt....f.....t..
2 t.t.t...f.tt...tr..f......t..
3 t.t.ttt..tttr..tt.t......tt..

Turn = 9.
  01234567890123456789012345678
0 h...tt....tt..ttt.......t.t..
1 ..ttt..fh.tt.tttt...f.....t..
2 t.t.t...f.tt...t...f......t..
3 t.t.ttt..ttt..ttt.t......tt..

Turn = 12.
  01234567890123456789012345678
0 h...tt....tt..ttt.......t.t..
1 ..ttt..fh.tt.tttt...f.....t..
2 t.t.t...f.tt...t...f......t..
3 t.t.ttt..ttt..ttt.t......tt..

Turn = 15.
  01234567890123456789012345678
0 h...tt....tt..ttt.......t.t..
1 ..ttt..fh.tt.tttt...f.....t..
2 t.t.t...f.tt...t...f......t..
3 t.t.ttt..ttt..ttt.t......tt..

*** Darwin 22x3 ***
Turn = 0.
  012
0 h.t
1 r..
2 t.h
3 ..h
4 .h.
5 t..
6 fh.
7 f.t
8 ...
9 h..
0 tr.
1 ..h
2 rfh
3 f..
4 f..
5 r..
6 fr.
7 .hh
8 ..t
9 .hr
0 ...
1 ...

Turn = 6.
  012
0 .tr
1 tt.
2 t..
3 ...
4 t..
5 t.h
6 t.t
7 t.t
8 ...
9 ..h
0 tt.
1 rr.
2 rhr
3 ...
4 r.r
5 ...
6 f.r
7 r..
8 ...
9 h..
0 .rr
1 r..

Turn = 12.
  012
0 .tt
1 tt.
2 t..
3 ...
4 t..
5 t.t
6 t.t
7 t.t
8 ...
9 ..t
0 rtt
1 ttr
2 t.r
3 ...
4 ..r
5 ...
6 .r.
7 r.r
8 ..r
9 r..
0 .r.
1 ..r

*** Darwin 25x27 ***
Turn = 0.
  012345678901234567890123456
0 .ht........t...............
1 ...........................
2 ...........................
3 ..........r.......t....hf..
4 ...........................
5 .........h...f.............
6 .........f.....h...........
7 .................f.........
8 ..f.....h.......h..........
9 ...........................
0 .......r...................
1 .........t..........r.t...t
2 .............r....hth...t..
3 ..................t........
4 ..........................t
5 ..................rh.......
6 f..........................
7 ...........................
8 ...........r.........t.....
9 ...........................
0 .....................r.....
1 ...t.......................
2 ...........................
3 ...........................
4 .r.h............f..........

Turn = 7.
  012345678901234567890123456
0 .tt........t...............
1 ................r..........
2 ...........................
3 ................r.t.....f..
4 ...........................
5 ............hf......h......
6 .........f............h....
7 .................f.........
8 ..f............h...........
9 ...........................
0 ..................r....h...
1 .........t.r.r........t...t
2 ..................rt....t..
3 ..................t........
4 ..........................t
5 ...........r...............
6 f..........................
7 .......r...................
8 .....................t.....
9 ...........................
0 ..r........................
1 ...t.......................
2 ...t...............h.......
3 ...........................
4 ................f..r.......

*** Darwin 30x10 ***
Turn = 0.
  0123456789
0 hf.r..trrf
1 ..fftt....
2 .hf.rf.f.f
3 f...rtr.f.
4 ffr..hht..
5 r..r...t..
6 .....rf.r.
7 f.r...trtr
8 ..hh..hth.
9 h.r...fr..
0 fhrrfhhr.h
1 f..hh....h
2 .....tf.ft
3 ...trtht..
4 t..th.f.ft
5 .hhfr.ft..
6 .r.......h
7 ..tf.hf...
8 t.......rr
9 ..t..r..f.
0 .trh.tr.fh
1 .trr..t...
2 tr.f..rth.
3 ....tf..t.
4 rf.hh.t...
5 th.hrr.h.t
6 ..tf......
7 thhht.ht.h
8 ..rfr.h...
9 .h..r..f.t

Turn = 4.
  0123456789
0 .f..t.rr.f
1 ..tttrr...
2 hhfrrr.rr.
3 fr..r...fr
4 fr.h..tt..
5 ....rr.t..
6 ......tr..
7 r.r...tttt
8 rr.r..htt.
9 rr...rf..r
0 rr..rrh.rr
1 fhh.r....r
2 ..h..tt.tt
3 .h.t.ttt..
4 tt.ttht.rt
5 ...t..ttrh
6 .....r....
7 ..tt..f.r.
8 t....r..r.
9 ..rrr..r..
0 .trr.t.h..
1 .trr..t...
2 r..f..tt.h
3 .r..tt..t.
4 rf.ht.t...
5 .rrrt....t
6 ..rr.r.t.t
7 tttrrr.t..
8 ..rrr.....
9 ..rr..hf.t

Turn = 8.
  0123456789
0 .f..t...rr
1 rr.rttt...
2 hrrhtt.rr.
3 rr.....r..
4 f.r.r.tt.r
5 .......t..
6 ......tt.r
7 r.r..ttrt.
8 rrr.rtrttr
9 r...rrrttr
0 rrr.......
1 rrr..r...r
2 ..h..rr.tr
3 .t.t.ttttr
4 tt.tttt.tr
5 ...t..trrr
6 ......trr.
7 ..tt..f...
8 t..t......
9 r.....r...
0 rttt.tt...
1 rrrr..t...
2 r.r.r.tt.h
3 ...rrt..t.
4 .frrrrt...
5 r..rr....r
6 r.r.r..rrr
7 t.r.r..t..
8 ..tt....r.
9 ..tt..hf.t

Turn = 12.
  0123456789
0 rrrrt.tr..
1 rr.rttrr..
2 r...trrr..
3 r....r...r
4 r.......r.
5 ..r....t..
6 r.rr.rttr.
7 r.r.r.rttr
8 ...rrrrttr
9 r.....rttr
0 rr..rrr...
1 .rr.r....t
2 .rr.r...tt
3 .r.t.ttttr
4 rr.trrr..r
5 ...t..rrr.
6 .....rtt.r
7 ..tt..t...
8 t..t....r.
9 t........r
0 trt.ttt...
1 rrrrrrtr..
2 r.r...r..r
3 r.rr...rrr
4 rrr..r.rrr
5 r.....rrr.
6 t........r
7 t....r....
8 ..tt..r..t
9 ..tt..hftt

Turn = 16.
  0123456789
0 rr..t.rr.r
1 rrrtttr...
2 ..r.tt...r
3 .....t....
4 .rr.r..rr.
5 ..rr.rrt..
6 ..r.rtrtt.
7 .....trttt
8 r....rrrtt
9 rrr.r.r.t.
0 r..rr..r.r
1 r....r...r
2 .r.t.r.r.t
3 rr.t.rtttt
4 r..ttrrr.r
5 ..tt..rr..
6 ......r.r.
7 r.tt..t...
8 t..tr.....
9 t..t.r...r
0 ttr..rtrrr
1 rtr..tt.rr
2 rrr..rrrrr
3 rr.....rrr
4 rr........
5 ...rr..rr.
6 r...r..rr.
7 .r........
8 ..ttr....t
9 ..tt..rttt

*** Darwin 9x21 ***
Turn = 0.
  012345678901234567890
0 h....f...tfht.t..hr.h
1 .....h.th..rfh.frrht.
2 r....hhtf.h..h...r...
3 .tf.t....hffr.f...rf.
4 rh.r.....rttfhth.rf..
5 fth....tttf.t.ttf.tt.
6 t.t......f.fff.hffh.t
7 f.ff.r...t.trh.rff..f
8 trfrh.t..tr.h....t...

Turn = 13.
  012345678901234567890
0 r..rhf...tttttttr.rr.
1 ..r..h.ttrt...tt...rr
2 r.r..rtttr....tt..r..
3 rr...r....ttttt...tt.
4 rrr.......ttttt...tt.
5 r..rr...r.trrtt.t..t.
6 r..rr..r.tt.tttttt.tt
7 r.tt.....tttt.tttt..t
8 ttt......t.......tt..

*** Darwin 21x25 ***
Turn = 0.
  0123456789012345678901234
0 ..t.hth.tt........f......
1 ............fh...rt...ht.
2 ...h..t........h....f....
3 .....rth...r......r.t....
4 ...r...t...f......h....h.
5 .....h......fr.r..fh..t.h
6 ..r.....h..........h.f...
7 ....t............t.h..t..
8 ........rrrt.............
9 t.......t.r..h..f..f.....
0 ......h.rf.....f.r..f....
1 .ftrr.f......f.....r...t.
2 .....h.....f....hh..f....
3 ...................f.f...
4 ..t...r....f...r.h..hf..r
5 .h...f.t.h.....rt...t.f.t
6 ..h...h..........ff.....f
7 ....r....r......t....r...
8 ....r..fh..rh.rhh........
9 ...f.t.....ht....t...t.h.
0 .t..t.....r....h.r.....r.

Turn = 13.
  0123456789012345678901234
0 .rt..tt.trr.r.....r....tt
1 ......t......r...rr....t.
2 ......t..r....r....r.r...
3 ......t..r....r....h.....
4 r.....tt........r.....t..
5 r...t.t...r....r...rr.t..
6 r...t.t...r..r.h.r..ht...
7 r...t.......r......r.tr.r
8 ....t......t..........r..
9 ........t.......f..f.....
0 ........tttt......r.f....
1 .......rtt........r.rrr..
2 ...r....r.hf.............
3 ..r.....r.........rr.....
4 .rrr.r..........tr..rr...
5 .....f.........tt.....r.r
6 ............rr.r.fr.....r
7 .............r.rr.r......
8 .r...t.f....t............
9 .t.f.t.....tt...tt...tt..
0 .t..tt.....t...h.........

*** Darwin 27x20 ***
Turn = 0.
  01234567890123456789
0 ....r.........f.....
1 .h.................t
2 ...h........r......r
3 ......r.....r.......
4 ...........h.h......
5 tt.....r.....t......
6 ..t.......r.........
7 ....................
8 r..t................
9 ..tf.......t.......r
0 ........t.........r.
1 ..t.t.t......h.....h
2 ..........rr...f....
3 .....t.......r......
4 ........rh..........
5 .t..........h.......
6 ..h...h.h.r.......f.
7 h.....f.r...r.......
8 .....rr..r..........
9 ..t.....h.........r.
0 ........hf.......h..
1 ..t......h.........r
2 .f..t.r.....r...r...
3 ....f......f...h....
4 ..t.................
5 f....h.t........h..r
6 ..ft.r....t.......f.

Turn = 1.
  01234567890123456789
0 ...r..........f.....
1 h...........r......t
2 ..h.................
3 .....r.......r.....r
4 ..........h..h......
5 tt...........t......
6 ..t....r............
7 r.........r.........
8 ...t................
9 ..tf.......t......r.
0 ........t.........r.
1 ..t.t.t....r..h.....
2 ...............f...h
3 .....t..r.r.r.......
4 ........h...........
5 .t...........h......
6 ...h..h..rr.......f.
7 h.....r..r.r........
8 ......r.r...........
9 ..t..r..h........h..
0 .........f........r.
1 ..t.....h.h........r
2 .f..t......r.....r..
3 ....f.r....f....h...
4 ..t.................
5 f...h..t.......h....
6 ..ft..r...t.......fr

Turn = 2.
  01234567890123456789
0 ..r.........r.f.....
1 h..................t
2 .h..................
3 ....r.........r.....
4 .........h...h.....r
5 tt...........t......
6 r.t.................
7 .......r............
8 ...t......r.........
9 ..tt.......t.....r..
0 ........t..r.......r
1 ..t.t.t........h....
2 ........r......f....
3 .....t.....r.......h
4 .......h..r.........
5 .t............h.....
6 ....h.r..rr.......f.
7 h.....r...rr........
8 ......rr.........h..
9 ..t.................
0 .....r..hf.........r
1 ..t........h......r.
2 .f..t...h.r.......r.
3 ....t......f.....h..
4 ..t...r.............
5 f..t...t......h.....
6 ..ft...r..t.......fr

Turn = 3.
  01234567890123456789
0 .r..........r.f.....
1 h..................t
2 h...................
3 ...r...........r....
4 ........h....t......
5 rt...........t.....r
6 r.t.................
7 ....................
8 ...t...r............
9 ..tt......rt....r...
0 ........t..t.......r
1 ..t.t.t.r.......h...
2 ...............f....
3 .....t....r.........
4 ......h............h
5 .t........r....h....
6 .....hr...rr......f.
7 h.....r..rr......h..
8 ......rr............
9 ..t................r
0 .........f..........
1 ..t..r..h...h.....r.
2 .f..t....r.........r
3 ....t...h..f......h.
4 ..t.................
5 f..t..tt.....h......
6 ..ft....r.t.......fr

Turn = 4.
  01234567890123456789
0 r..........r..f.....
1 h..................t
2 h...................
3 ..r.............r...
4 .......h.....t......
5 rt...........t......
6 r.t................r
7 ....................
8 ...t................
9 ..tt...r...t...r....
0 ........r.tt........
1 ..t.t.t.r........h.r
2 ...............f....
3 .....t...r..........
4 .....h..............
5 .t........rr....h..h
6 .....rr..rr......hf.
7 h......r............
8 .......r.r.........r
9 ..t...r.............
0 .........f..........
1 ..t..........h.....r
2 .f..tt..rr.........r
3 ....t......f.......h
4 ..t.....h...........
5 f..t..tt....h......r
6 ..tt.....rt.......f.

Turn = 5.
  01234567890123456789
0 r.........r...f.....
1 h..................t
2 h...................
3 .r...............r..
4 ......h......t......
5 rr...........t......
6 r.t.................
7 ...................r
8 ...t................
9 ..tt....r..t..r.....
0 .......rr.tt........
1 ..t.t.t...........h.
2 ...............f...r
3 .....t..r...........
4 .....t.....r........
5 .t........r......h..
6 .....rr.r.r......hfh
7 h.......r..........r
8 ......r.............
9 ..t......r..........
0 ......r..f..........
1 ..t...........h....r
2 .f..tt..r..........r
3 ....t...r..f.......r
4 ..t................r
5 f..t..tth.rh........
6 ..tt.....r........f.

Turn = 6.
  01234567890123456789
0 r........r....f.....
1 r..................t
2 h...................
3 r.................r.
4 .r...h.......t......
5 r............t......
6 .rt.................
7 ....................
8 ...t....r..........r
9 ..tt....r..t.r......
0 ..........tt........
1 ..t.t.tr...........h
2 ...............f....
3 .....t.r...r.......r
4 .....t....r.........
5 .t...r...........hh.
6 .......r...r......fr
7 h.....r..r.........r
8 .....r..............
9 ..t......r..........
0 ....................
1 ..t...r..r.....h...r
2 .f..tt.r...........r
3 ....t......f.......r
4 ..t.....r.r........r
5 f..t..ttt.h.........
6 ..tt......r.......f.

Turn = 7.
  01234567890123456789
0 r.......r.....f.....
1 r..................t
2 h...................
3 rr.................r
4 r...h........t......
5 ..r..........t......
6 .r..................
7 ........r...........
8 ...t....r...........
9 ..tt.......tr......r
0 ..........tt........
1 ..t.t.t............h
2 .......r...r...f....
3 .....tr...r.........
4 .....r...........h.r
5 .t...r.............h
6 ......r.....r.....fr
7 h.........r........r
8 ....r.r.............
9 ..t.................
0 .........r..........
1 ..t.............h..r
2 .f..ttrr.r.........r
3 ....t.....rf......r.
4 ..t.....r..........r
5 f..t..ttth..........
6 ..tt.......r......f.

Turn = 8.
  01234567890123456789
0 r......r......f.....
1 r..................t
2 rr..................
3 r..................r
4 r.rh.........t......
5 .............t......
6 ..r.....r...........
7 ........r...........
8 ...t................
9 ..tt.......tr.......
0 ..........tt.......r
1 ..t.t.t....r.......h
2 ..........r....f....
3 .....rrr.........h..
4 .....r.............r
5 .t...r.............r
6 .....r.......r....fr
7 h..........r.......r
8 ...r................
9 ..t...r.............
0 ....................
1 ..t....r.r.......h.r
2 .f..tt....r.........
3 ....t.r..r.f.....r.r
4 ..t.....t..........r
5 f..t..ttth..........
6 ..tt........r.....f.

Turn = 9.
  01234567890123456789
0 r.....r.......f.....
1 rr.................t
2 r..................r
3 r.r.................
4 .rh..........t......
5 ........r....t......
6 ...r....r...........
7 ....................
8 ...t................
9 ..tt.......tt.......
0 ..........tr.......r
1 ..t.t.t...rr.......r
2 ...............f.h..
3 ....rr..............
4 ....r..r...........r
5 .t....r............r
6 ....r.........r...fr
7 h...........r......r
8 ..r.................
9 ..t.................
0 ......rr............
1 ..t.......r.......hr
2 .f..tt...r..........
3 ....t......f....r..r
4 ..t...r.tr.........r
5 f..t..ttth..........
6 ..tt.........r....f.

Turn = 10.
  01234567890123456789
0 rr...r........f.....
1 r..................r
2 r.r................r
3 .r..................
4 .rr.....r....t......
5 ........r....t......
6 ....r...............
7 ....................
8 ...t................
9 ..tt.......tt.......
0 ..........rr.......r
1 ..t.t.t...rr.....h..
2 ...............f...r
3 ...rr...............
4 ...r..............r.
5 .t....rr..........r.
6 ...r...........r..rr
7 h............r....r.
8 .r..................
9 ..t....r............
0 ..........r.........
1 ..t...r...........h.
2 .f..tt.............r
3 ....t....r.f...r...r
4 ..t...r.tt..........
5 f..t..rttt.........r
6 ..tt..........r...f.

Turn = 11.
  01234567890123456789
0 rr..r.........f.....
1 r.r................r
2 .r.................r
3 ..r.....r...........
4 .rr.....r....t......
5 .............t......
6 .....r..............
7 ....................
8 ...t................
9 ..tt.......tt.......
0 ..........rr.....h.r
1 ..t.t.t...rr........
2 ...............f....
3 ..rr...............r
4 ..r..............r..
5 .t...............r..
6 ..r...rr........r.rr
7 h.............r..r..
8 r......r............
9 ..t.......r.........
0 ....................
1 ..t................h
2 .f..ttr............r
3 ....t....r.f..r....r
4 ..t...r.tt..........
5 f..t..rrtt..........
6 ..tt...........r..fr

Turn = 12.
  01234567890123456789
0 rrrr..........f.....
1 r..................r
2 ..r.....r..........r
3 .r.r....r...........
4 .r...........t......
5 .............t......
6 ......r.............
7 ....................
8 ...t................
9 ..tt......rtt....h.r
0 ............r.......
1 ..t.t.t...r.r.......
2 ...............f....
3 .rr.................
4 .r..............r..r
5 .t..............r.rr
6 .r...............r..
7 h.....rr.......rr...
8 r......r..r.........
9 ..t.................
0 ....................
1 ..t................h
2 .f..tt.............r
3 ....t.r..r.f.r....r.
4 ..t....rtt..........
5 f..t..r.tt..........
6 ..tt...r........r.fr

Turn = 13.
  01234567890123456789
0 r.rr..........f....r
1 .r......r..........r
2 rr.r....r...........
3 ....r...............
4 r............t......
5 .............t......
6 .......r............
7 ....................
8 ...t......r......h.r
9 ..tt.......tt.......
0 .............r......
1 ..t.t.t......r......
2 ..........r....f....
3 rr..................
4 r..............r..rr
5 .t.............r...r
6 r.................r.
7 r......r..r....rr...
8 r.....rr............
9 ..t.................
0 ....................
1 ..t................r
2 .f..tt.............r
3 ....t....r.fr....r..
4 ..t...rrtt..........
5 f..t..r.tt..........
6 ..tt...r.........rrr

Turn = 14.
  01234567890123456789
0 .rr.....r.....f....r
1 .r.r....r..........r
2 .r..r...............
3 r....r..............
4 r............t......
5 .............t......
6 ........r...........
7 ..........r......h.r
8 ...t................
9 ..tt.......tt.......
0 ..............r.....
1 ..t.t.t.......r.....
2 ...............f....
3 rr........r.......r.
4 r.............r...r.
5 .t............r...r.
6 r.........r....rr..r
7 r.......r...........
8 r...................
9 ..t...rr............
0 ....................
1 ..t................r
2 .f..tt.............r
3 ....t...rr.rr...r...
4 ..t...rr..r.........
5 f..t...rtt..........
6 ..tt..r..........rrr

Turn = 15.
  01234567890123456789
0 .rr.....r.....f....r
1 ..r.....r..........r
2 ..rr.r..............
3 r.....r.............
4 r............t......
5 .............t......
6 .........rr......h.r
7 ....................
8 ...t................
9 ..tt.......tt.......
0 ...............r....
1 ..t.t.t........r....
2 rr.............f..r.
3 r...................
4 ..........r..r...r..
5 rt........r..r.rrr..
6 r..................r
7 .........r..........
8 .r..................
9 ..t.................
0 ......rr............
1 ..t................r
2 .f..tt..r..r......r.
3 ....t......r...r....
4 ..t..r..rr.r........
5 f..t...rtt.........r
6 ..tt.r...........rr.

Turn = 16.
  01234567890123456789
0 .r.r.....r....f....r
1 ...r...r............
2 ..r...r............r
3 .r.r...r............
4 .r...........t......
5 ..........r..t...h.r
6 .........r..........
7 ....................
8 ...t................
9 ..tt.......tt.......
0 ................r...
1 rrt.t.t.........r.r.
2 r..............f....
3 ....................
4 r.........r.r..rr...
5 rt........r.r...rr..
6 ....................
7 ..........r........r
8 ..t.................
9 ..t.................
0 ....................
1 ..t...rrr..r......r.
2 .f..tt...........r..
3 ....t.....r...r.....
4 ..t.r...rr..r......r
5 f..t...rr...........
6 ..ttr...r........r.r

Turn = 17.
  01234567890123456789
0 ..r.r.....r...f...r.
1 ....r.r.............
2 .......r............
3 .rr.....r..........r
4 ..rr......r..t...h.r
5 .........r...t......
6 ....................
7 ....................
8 ...t................
9 ..tt.......tt.......
0 rr...............rr.
1 r.t.t.t..........r..
2 ...............f....
3 r..............r....
4 r........r.r...r....
5 .t.......r.r....r...
6 .................r..
7 ...........r........
8 ..t................r
9 ..t.................
0 ........r..r........
1 ..t..............r..
2 .f..ttrr........r...
3 ....t....r...r.....r
4 ..tr....r....r......
5 f..t...rrr..........
6 ..trr...r........r.r

Turn = 18.
  01234567890123456789
0 ...r.r.....r..f..r..
1 .....rr.............
2 ........r...........
3 ..r......rr......h.r
4 .rr......r...t.....r
5 ...r.........t......
6 ....................
7 ....................
8 ...t................
9 rrtt.......tt.....r.
0 r................r..
1 ..t.t.t...........r.
2 r..............r....
3 r..............r....
4 ........r.r...r.....
5 .t......r.r.........
6 ................r...
7 ............r....r..
8 ..t.................
9 ..t.....r..r.......r
0 ....................
1 ..t.............r...
2 .f..ttt........r...r
3 ....t..rr...r.......
4 ..tt...r.r....r.....
5 f..t....r...........
6 ..trr..r.r........rr

Turn = 19.
  01234567890123456789
0 ....r.r.....r.f.r...
1 .....r..............
2 ......r..rr......h..
3 ..rr.....r.........r
4 .........r...t....r.
5 .r...........t......
6 ...r................
7 ....................
8 rr.t..............r.
9 r.tt.......tt.......
0 ....................
1 r.t.t.t........r.r.r
2 r..............r....
3 ....................
4 .......r.r...r......
5 .t.....r.r..........
6 ....................
7 .............r..r...
8 ..t.....r..r.....r..
9 ..t.................
0 ...................r
1 ..t............r...r
2 .f..ttt.......r.....
3 ....t..rr..r........
4 ..tt...r..r....r....
5 f..tr....r..........
6 ..rr..r..r........rr

*** Darwin 11x13 ***
Turn = 0.
  0123456789012
0 .....t.t.....
1 ....t.t.h.h..
2 ....h....f...
3 ...h....f....
4 h...trh..f..f
5 .ff...r..tt.t
6 h.........t.t
7 .r....t..r...
8 ..........r.h
9 ..fh.........
0 ...........h.

Turn = 5.
  0123456789012
0 h....t.tt....
1 ....ttt......
2 ....t....f...
3 h.......f....
4 ....tt...rr.t
5 .ff.....rrt.t
6 ..........trt
7 ......t...t.t
8 .............
9 ..f..........
0 rr.h........h

Turn = 10.
  0123456789012
0 h....t.ttr...
1 ....ttt......
2 ....t......rr
3 h.......f....
4 ....tt......r
5 .ff.......ttt
6 ..........t.t
7 ......t...t.t
8 .............
9 ..f..........
0 .rr.r...rr..h

Turn = 15.
  0123456789012
0 h....t.ttt..r
1 ....ttt......
2 ....t........
3 h.......f...r
4 ....tt......r
5 .ff.......ttr
6 ..........t.r
7 ......t...t.r
8 .............
9 .....r......r
0 r....r.r..rr.

Turn = 20.
  0123456789012
0 h....t.ttt...
1 ....ttt..r...
2 ....t....r...
3 h.......f....
4 ....tt....t..
5 rff.......ttt
6 ..........t.t
7 ......t...t..
8 .........r...
9 ........rr...
0 ........r.rrr

*** Darwin 3x17 ***
Turn = 0.
  01234567890123456
0 f.hf.rrt.f.h..t.r
1 ..frtf.h.hhhrr..h
2 th...tt.tf..htfrt

Turn = 5.
  01234567890123456
0 f.rrr.r..fh..tttt
1 ..rrrrr.trr.....t
2 tt..rr.rtt.tttt.t

