*** Darwin 10x10 ***
Turn = 0.
  0123456789
0 ..........
1 ..........
2 .........t
3 ....f.....
4 ..r.f.....
5 ..........
6 ..........
7 ..........
8 ..........
9 ..........

Turn = 20.
  0123456789
0 .........r
1 ..........
2 .........t
3 ....f.....
4 ....f.....
5 ..........
6 ..........
7 ..........
8 ..........
9 ..........

Turn = 40.
  0123456789
0 .........r
1 ..........
2 ..........
3 ....f.....
4 ....f.....
5 ..........
6 ..........
7 ..........
8 r.........
9 ..........

Turn = 60.
  0123456789
0 ..........
1 ..........
2 ..........
3 ....f.....
4 ....f.....
5 .........r
6 ..........
7 ..........
8 ..........
9 r.........

Turn = 80.
  0123456789
0 ..........
1 ..........
2 ..........
3 ....f.....
4 ....f.....
5 ..........
6 ...r......
7 ..........
8 ..........
9 .........r

Turn = 100.
  0123456789
0 .........r
1 ..........
2 ..........
3 ....f.....
4 ....f.....
5 ..........
6 ..........
7 ..........
8 ..........
9 ........r.

Turn = 120.
  0123456789
0 ..........
1 ..........
2 ..........
3 ....f.....
4 ....f.....
5 ..........
6 r.........
7 ..........
8 ..........
9 ..r.......

Turn = 140.
  0123456789
0 ..........
1 ..........
2 ..........
3 ....f....r
4 ....f.....
5 .........r
6 ..........
7 ..........
8 ..........
9 ..........

Turn = 160.
  0123456789
0 ..........
1 ..........
2 ..........
3 ....f.....
4 ..........
5 ..........
6 ..........
7 ..........
8 r.........
9 rr........

Turn = 180.
  0123456789
0 .........r
1 ........r.
2 ..........
3 ....f.....
4 ..........
5 ..........
6 ..........
7 r.........
8 ..........
9 ..........

Turn = 200.
  0123456789
0 ......r...
1 ..........
2 .........r
3 ....f.....
4 ..........
5 ..........
6 r.........
7 ..........
8 ..........
9 ..........

Turn = 220.
  0123456789
0 ..........
1 ..........
2 ..........
3 ....f.....
4 .........r
5 r.........
6 ..........
7 ..........
8 ..........
9 ..r.......

Turn = 240.
  0123456789
0 ..........
1 ..........
2 ..........
3 r...f....r
4 ..........
5 ..........
6 .r........
7 ..........
8 ..........
9 ..........

Turn = 260.
  0123456789
0 ....r.....
1 ..........
2 ..........
3 ....f.....
4 ..........
5 ..........
6 ..........
7 ..........
8 ......r...
9 ......r...

Turn = 280.
  0123456789
0 ....r.....
1 ....r.....
2 ..........
3 ....f.....
4 ..........
5 ..........
6 ..........
7 ..........
8 ..........
9 .......r..

Turn = 300.
  0123456789
0 r.........
1 ..........
2 ..........
3 r...f.....
4 ..........
5 ..........
6 ..........
7 ..........
8 ..........
9 ....r.....

Turn = 320.
  0123456789
0 ..........
1 ..........
2 ..........
3 ....f.....
4 ..........
5 ..........
6 ..........
7 ..........
8 ........r.
9 ........rr

Turn = 340.
  0123456789
0 ..r.......
1 r.........
2 ..........
3 ....f.....
4 ..........
5 ..........
6 r.........
7 ..........
8 ..........
9 ..........

*** Darwin 10x10 ***
Turn = 0.
  0123456789
0 .......r..
1 ..........
2 ...r......
3 ..........
4 ..........
5 ..........
6 ..........
7 ..........
8 ...r......
9 ..........

Turn = 20.
  0123456789
0 .......r.r
1 ..........
2 r.........
3 ..........
4 ..........
5 ..........
6 ..........
7 ..........
8 ..........
9 ..........

Turn = 40.
  0123456789
0 ..........
1 ..........
2 ..........
3 ..........
4 ..........
5 ..........
6 ......r.r.
7 ..........
8 ..........
9 ....r.....

Turn = 60.
  0123456789
0 ..........
1 ......r...
2 r.........
3 ..........
4 ..........
5 ..........
6 ..........
7 ..........
8 ..........
9 .........r

Turn = 80.
  0123456789
0 rrr.......
1 ..........
2 ..........
3 ..........
4 ..........
5 ..........
6 ..........
7 ..........
8 ..........
9 ..........

Turn = 100.
  0123456789
0 ..........
1 ..........
2 ..........
3 ..........
4 ..........
5 ..........
6 r.........
7 .........r
8 ..........
9 .........r

Turn = 120.
  0123456789
0 ...r......
1 ..........
2 r.........
3 ..........
4 ..........
5 ..........
6 ..........
7 ..........
8 ..........
9 ........r.

Turn = 140.
  0123456789
0 rr........
1 ..........
2 ..........
3 ..........
4 ..........
5 ..........
6 ..........
7 ........r.
8 ..........
9 ..........

Turn = 160.
  0123456789
0 r.........
1 ..........
2 ..........
3 ..........
4 ..........
5 ..........
6 ..........
7 ..........
8 ..........
9 ......r.r.

Turn = 180.
  0123456789
0 r.........
1 ..........
2 ..........
3 ..........
4 r.........
5 ..........
6 ..........
7 ..........
8 ..........
9 .........r

Turn = 200.
  0123456789
0 ..........
1 .........r
2 r.........
3 ..........
4 ..........
5 ..........
6 ..........
7 ..........
8 ..........
9 .........r

Turn = 220.
  0123456789
0 ..........
1 ..........
2 ..........
3 ..........
4 r.........
5 ..........
6 ...r......
7 .........r
8 ..........
9 ..........

Turn = 240.
  0123456789
0 ..........
1 ..........
2 ..........
3 ..........
4 ..........
5 ..........
6 r.........
7 ..........
8 ...r......
9 ..r.......

Turn = 260.
  0123456789
0 ..........
1 ..........
2 ..........
3 .........r
4 ..........
5 .........r
6 ..........
7 ..........
8 r.........
9 ..........

Turn = 280.
  0123456789
0 ...r......
1 ..........
2 ..........
3 ..........
4 ..........
5 ..........
6 ....r.....
7 .....r....
8 ..........
9 ..........

Turn = 300.
  0123456789
0 r.........
1 ..........
2 ..........
3 ..........
4 ..........
5 ..........
6 ..........
7 ..........
8 ..........
9 r.......r.

Turn = 320.
  0123456789
0 r.........
1 r.........
2 ..........
3 ..........
4 ..........
5 ..........
6 ..........
7 ..........
8 ..........
9 .........r

Turn = 340.
  0123456789
0 ..........
1 ..........
2 ..........
3 ..........
4 ..........
5 ..........
6 ..........
7 .........r
8 ..........
9 ........rr

*** Darwin 10x10 ***
Turn = 0.
  0123456789
0 ..........
1 ..r..f...f
2 ..........
3 ..........
4 ..........
5 ..........
6 ..........
7 ..........
8 ..........
9 ..........

Turn = 20.
  0123456789
0 ..........
1 ..........
2 ..........
3 ..........
4 ..........
5 ..........
6 ..........
7 ..........
8 .........r
9 ...r.....r

Turn = 40.
  0123456789
0 ....rr....
1 ..........
2 ..........
3 ..........
4 ..........
5 ..........
6 ..........
7 ..........
8 ..........
9 ........r.

Turn = 60.
  0123456789
0 r.........
1 ..........
2 ..........
3 ..........
4 ..........
5 ..........
6 ..........
7 ..........
8 .....r....
9 .r........

Turn = 80.
  0123456789
0 r.........
1 ..........
2 ..........
3 ..........
4 ..........
5 ..........
6 ..........
7 ..........
8 ..........
9 rr........

Turn = 100.
  0123456789
0 ..........
1 ..........
2 ..........
3 ..........
4 .........r
5 ..........
6 .........r
7 ..........
8 ..........
9 r.........

Turn = 120.
  0123456789
0 ..........
1 ..........
2 ..........
3 ..........
4 r.........
5 r.........
6 ..........
7 ..........
8 r.........
9 ..........

Turn = 140.
  0123456789
0 r.....r...
1 ..........
2 ..........
3 .........r
4 ..........
5 ..........
6 ..........
7 ..........
8 ..........
9 ..........

Turn = 160.
  0123456789
0 ..........
1 ..........
2 ..........
3 ..........
4 r.........
5 .r........
6 ..........
7 .....r....
8 ..........
9 ..........

Turn = 180.
  0123456789
0 ..........
1 ..........
2 ........r.
3 ..........
4 .........r
5 ..........
6 ..........
7 .........r
8 ..........
9 ..........

Turn = 200.
  0123456789
0 r.......r.
1 ..........
2 ..........
3 ..........
4 ..........
5 ..........
6 r.........
7 ..........
8 ..........
9 ..........

Turn = 220.
  0123456789
0 ..........
1 ..........
2 ..........
3 ..........
4 ..........
5 ..........
6 ..........
7 ..........
8 .........r
9 r......r..

Turn = 240.
  0123456789
0 r.........
1 r.r.......
2 ..........
3 ..........
4 ..........
5 ..........
6 ..........
7 ..........
8 ..........
9 ..........

*** Darwin 10x10 ***
Turn = 0.
  0123456789
0 .f.......f
1 ..........
2 r.r.......
3 ...r......
4 ..........
5 ..........
6 ....rr..t.
7 ..........
8 f...f.....
9 f...r.....

Turn = 20.
  0123456789
0 ..r......r
1 r.........
2 ..........
3 .....r....
4 .......r..
5 ...rr...r.
6 ..........
7 .......rr.
8 .........r
9 r.........

Turn = 40.
  0123456789
0 .......rrr
1 ...r......
2 rrr.......
3 ..........
4 .....r....
5 r.........
6 ..........
7 ..........
8 ........r.
9 ...r.....r

Turn = 60.
  0123456789
0 r.rr....r.
1 r.........
2 ..........
3 .........r
4 .....r....
5 ..........
6 ..........
7 ......r...
8 r....r...r
9 r.........

Turn = 80.
  0123456789
0 .....rr...
1 .........r
2 ....r.....
3 ......r...
4 r.r....r..
5 ..........
6 ..........
7 .....r....
8 ..........
9 .r......rr

Turn = 100.
  0123456789
0 r......r..
1 ..........
2 ..........
3 r.........
4 .....rr..r
5 ...r....rr
6 ..........
7 .....r....
8 ......r...
9 .......r..

Turn = 120.
  0123456789
0 ..........
1 .........r
2 rr........
3 ..........
4 ..........
5 rrr.......
6 r........r
7 .r........
8 ..........
9 r...r....r

Turn = 140.
  0123456789
0 rr......rr
1 ........r.
2 ..........
3 ..........
4 .........r
5 ..........
6 ..........
7 ..r.r.....
8 .r........
9 .r.r..r...

Turn = 160.
  0123456789
0 ......r.r.
1 ..........
2 ..r......r
3 .....r....
4 ....r.....
5 .....rr...
6 r.........
7 ..........
8 .....r....
9 ..r.r.....

Turn = 180.
  0123456789
0 r.rrr...r.
1 ..........
2 .......r..
3 ....r.....
4 ..........
5 ........r.
6 ..........
7 ..........
8 ..r.......
9 rrr.......

Turn = 200.
  0123456789
0 ......rr.r
1 .......r..
2 ..........
3 ..........
4 ........rr
5 ..........
6 r.........
7 ........r.
8 .r.......r
9 .rr.......

Turn = 220.
  0123456789
0 ...r...r.r
1 ..........
2 ..........
3 ..........
4 ..........
5 ...r......
6 ....r.....
7 .....r....
8 ..r..r....
9 .r.r.r.r..

Turn = 240.
  0123456789
0 r.........
1 .r.r......
2 .........r
3 .........r
4 .........r
5 ..........
6 ..........
7 rr........
8 ..r.......
9 ..rr.....r

Turn = 260.
  0123456789
0 .......rr.
1 ........rr
2 .......r..
3 ......r...
4 ..........
5 ..........
6 .....r....
7 r........r
8 ..........
9 rr.....r..

Turn = 280.
  0123456789
0 rr.....r..
1 ..r.......
2 .r.......r
3 .........r
4 .........r
5 ..........
6 r.........
7 ..........
8 r.........
9 r.r.......

Turn = 300.
  0123456789
0 ....r.r.rr
1 ..........
2 ..........
3 .......r..
4 ..........
5 ........r.
6 r.........
7 .r.......r
8 r.........
9 ....r..r..

*** Darwin 10x10 ***
Turn = 0.
  0123456789
0 r.........
1 .......h..
2 ......r..f
3 ..........
4 r....r....
5 ..........
6 .t........
7 ..........
8 ..........
9 f.....f...

Turn = 20.
  0123456789
0 ..r.......
1 h.........
2 .....r...f
3 ..........
4 ..........
5 ........r.
6 tt.......r
7 ..........
8 .......r..
9 ..........

Turn = 40.
  0123456789
0 rr......r.
1 .r........
2 ..........
3 r.........
4 r.........
5 ..........
6 .t........
7 ..........
8 ..........
9 .....r.r..

Turn = 60.
  0123456789
0 r.r.......
1 ....r.....
2 ..........
3 ..........
4 ..........
5 ....r.r...
6 t......r..
7 ..........
8 r.........
9 .........r

Turn = 80.
  0123456789
0 r.....r...
1 r.........
2 ..........
3 r......rr.
4 ..........
5 ..........
6 ..........
7 ..........
8 .........r
9 ......r..r

Turn = 100.
  0123456789
0 ..rr......
1 ..........
2 ..........
3 rr........
4 .........r
5 ..........
6 ..........
7 ..........
8 .........r
9 .r.r.....r

Turn = 120.
  0123456789
0 r......r..
1 r.........
2 .....r....
3 ......r...
4 ........r.
5 .........r
6 ..........
7 ..........
8 ..........
9 .......r.r

Turn = 140.
  0123456789
0 ..........
1 .r.......r
2 r..r......
3 .......r..
4 ......r...
5 .......r..
6 ..........
7 ..........
8 ..........
9 .....r.r..

Turn = 160.
  0123456789
0 ..........
1 ..........
2 .....r....
3 ......rr..
4 ....r.....
5 .....r....
6 ..........
7 ..........
8 ..r.......
9 r.r..r....

Turn = 180.
  0123456789
0 ..........
1 ..........
2 ..........
3 r.........
4 .r...r....
5 ....r.....
6 .r........
7 rr........
8 rr........
9 ..........

Turn = 200.
  0123456789
0 ....rr....
1 ..........
2 .........r
3 ........rr
4 ..........
5 ..........
6 r.........
7 ..........
8 .r........
9 .....r...r

Turn = 220.
  0123456789
0 r.......r.
1 r......rr.
2 .........r
3 ..........
4 ..........
5 ..........
6 ......r...
7 r.........
8 ..........
9 r.........

Turn = 240.
  0123456789
0 r.......rr
1 ..........
2 ..........
3 .........r
4 ..........
5 ..........
6 .........r
7 ..........
8 .r........
9 r..r.r....

Turn = 260.
  0123456789
0 ........rr
1 ........rr
2 .........r
3 ..........
4 ..........
5 ..........
6 ...r......
7 r.........
8 r.........
9 r.........

*** Darwin 10x10 ***
Turn = 0.
  0123456789
0 .f........
1 ..........
2 ..........
3 ..........
4 .....rr...
5 f.........
6 ..........
7 ..........
8 ..........
9 .........r

Turn = 20.
  0123456789
0 .f........
1 ..........
2 ..........
3 ..........
4 ..........
5 ....r.....
6 .....r....
7 ..........
8 ..........
9 r..r......

Turn = 40.
  0123456789
0 .f........
1 ..........
2 ..........
3 r.........
4 ..........
5 r.........
6 ..........
7 .........r
8 ..........
9 r.........

Turn = 60.
  0123456789
0 ....r...r.
1 .........r
2 ..........
3 ..........
4 ..........
5 ..........
6 ..........
7 .........r
8 ..........
9 ....r.....

Turn = 80.
  0123456789
0 .r......rr
1 ..........
2 ..........
3 ..........
4 ..........
5 ..........
6 ..........
7 ..........
8 ..........
9 r....r....

Turn = 100.
  0123456789
0 r...r.....
1 .........r
2 ..........
3 .........r
4 ..........
5 ..........
6 r.........
7 ..........
8 ..........
9 ..........

Turn = 120.
  0123456789
0 ..........
1 ..........
2 ..........
3 ..........
4 r........r
5 ..........
6 ........r.
7 .......r..
8 .....r....
9 ..........

*** Darwin 10x10 ***
Turn = 0.
  0123456789
0 ..........
1 ..........
2 ..........
3 ..........
4 ..........
5 ..........
6 ..........
7 ...h......
8 ..........
9 ..........

Turn = 20.
  0123456789
0 ..........
1 ..........
2 ..........
3 ..........
4 ..........
5 ..........
6 ..........
7 h.........
8 ..........
9 ..........

Turn = 40.
  0123456789
0 ..........
1 ..........
2 ..........
3 ..........
4 ..........
5 ..........
6 ..........
7 h.........
8 ..........
9 ..........

*** Darwin 10x10 ***
Turn = 0.
  0123456789
0 ....r.....
1 .....f..r.
2 ..........
3 .f.r..r...
4 .......r..
5 ....ff....
6 .........r
7 ...f..f...
8 ....r.f.fr
9 ..........

Turn = 20.
  0123456789
0 ....r...r.
1 .........r
2 .........r
3 .r........
4 ..........
5 ....f.....
6 ......r...
7 .....rrr.r
8 ......rrr.
9 r........r

Turn = 40.
  0123456789
0 ....r.r...
1 r...r.....
2 ....r.r..r
3 ..........
4 ..........
5 ........rr
6 ..........
7 .....r.r..
8 r.........
9 rrr..r....

Turn = 60.
  0123456789
0 rrrrrr....
1 rr........
2 .r..r..r..
3 r.........
4 ..........
5 ......r...
6 ..........
7 .......r..
8 ..........
9 ...rr.....

Turn = 80.
  0123456789
0 r.rrr.....
1 r....r....
2 .....r.r..
3 ......r...
4 ..........
5 ....r.....
6 ...r......
7 ..........
8 r..r......
9 .r.r..r...

Turn = 100.
  0123456789
0 r......rrr
1 ..........
2 ....r..r.r
3 r.....r...
4 ..........
5 r.........
6 .........r
7 ..........
8 .......r..
9 rr....r..r

Turn = 120.
  0123456789
0 ..r.r.r..r
1 rr........
2 .......r..
3 ......r...
4 r.........
5 r.........
6 ..........
7 r.........
8 ..r......r
9 .r....r..r

Turn = 140.
  0123456789
0 .....r....
1 ......r...
2 .........r
3 rrr.......
4 .r.....r..
5 rr........
6 .r.......r
7 .r......r.
8 ..........
9 .r......r.

Turn = 160.
  0123456789
0 rr..r.r...
1 r.r.......
2 r........r
3 ..........
4 ..........
5 ..........
6 .....r..r.
7 .........r
8 .....r....
9 rr.r...r..

Turn = 180.
  0123456789
0 ........r.
1 .......r.r
2 .........r
3 ..........
4 r........r
5 r.........
6 r...r..r..
7 .....rr...
8 .....r....
9 .....rrr..

Turn = 200.
  0123456789
0 r........r
1 rr....r.r.
2 ......r...
3 .....r..r.
4 ..........
5 ..........
6 ..........
7 rr........
8 .....r....
9 rrrr......

Turn = 220.
  0123456789
0 ..r.r.r...
1 ..........
2 ......r..r
3 ........r.
4 .rr.......
5 rrr.......
6 ......r...
7 ..r.......
8 ..........
9 r..r....r.

Turn = 240.
  0123456789
0 ......r.rr
1 r.....r..r
2 r.....r...
3 ..........
4 ..........
5 ..r.......
6 ..........
7 ..........
8 ....r....r
9 rr..rr..r.

Turn = 260.
  0123456789
0 r....rr...
1 ........r.
2 .........r
3 .r........
4 ..r.......
5 ..........
6 ..........
7 ..........
8 rr......rr
9 r...rr..rr

Turn = 280.
  0123456789
0 .....rr.r.
1 ..r..r....
2 ...r......
3 ..........
4 ..r..r....
5 .r........
6 ...r......
7 r...r.....
8 r......r..
9 r........r

*** Darwin 10x10 ***
Turn = 0.
  0123456789
0 ..........
1 ..........
2 ........r.
3 ...t......
4 ..........
5 ..........
6 ..........
7 ..........
8 ..........
9 ..r..f....

Turn = 20.
  0123456789
0 ........rr
1 ..........
2 ..........
3 ...t......
4 ..........
5 ..........
6 ..........
7 ..........
8 ..........
9 .r........

Turn = 40.
  0123456789
0 ........r.
1 ..........
2 .........r
3 ...t......
4 ..........
5 ..........
6 ..........
7 ..........
8 ..........
9 r.........

Turn = 60.
  0123456789
0 r.........
1 ..........
2 ..........
3 r........r
4 ..........
5 ..........
6 ..........
7 ...r......
8 ..........
9 ..........

Turn = 80.
  0123456789
0 ..........
1 .....rr...
2 ..........
3 ..........
4 ..........
5 ..........
6 ..........
7 ..........
8 .........r
9 .........r

Turn = 100.
  0123456789
0 ..........
1 ..........
2 .........r
3 ..........
4 ..........
5 ..........
6 ..........
7 ..........
8 ........r.
9 ..r......r

Turn = 120.
  0123456789
0 .r....r.r.
1 ..........
2 ..........
3 ..........
4 ..........
5 ..........
6 ..........
7 ..........
8 ..........
9 .r........

Turn = 140.
  0123456789
0 .........r
1 ..........
2 ..........
3 ..........
4 ..........
5 ..........
6 ..........
7 ..........
8 r.........
9 r......r..

Turn = 160.
  0123456789
0 ..........
1 ..........
2 ..........
3 ..........
4 ..........
5 r.........
6 .........r
7 ..........
8 r.........
9 .r........

*** Darwin 10x10 ***
Turn = 0.
  0123456789
0 .........r
1 .......f..
2 .f........
3 .........t
4 .r........
5 ..........
6 ..........
7 ........t.
8 .....r....
9 ....t.....

Turn = 20.
  0123456789
0 .......r..
1 .......f..
2 .........t
3 .........t
4 ..........
5 ..........
6 ..........
7 ........tt
8 ..........
9 .r..t.....

Turn = 40.
  0123456789
0 .....r....
1 .......f..
2 .........t
3 .........t
4 ..........
5 ..........
6 ..........
7 r.......tt
8 ..........
9 ....t.....

Turn = 60.
  0123456789
0 ......r...
1 .r........
2 ..........
3 ..........
4 ..........
5 ..........
6 ..........
7 ........tt
8 .......rr.
9 ......r..r

Turn = 80.
  0123456789
0 .......rrr
1 ..........
2 ..........
3 ..........
4 ..........
5 ......rr..
6 ........r.
7 ........r.
8 ..........
9 ...r......

Turn = 100.
  0123456789
0 ........rr
1 ..........
2 ......r..r
3 ..........
4 ..........
5 ..........
6 ..........
7 .r........
8 r.........
9 rr........

Turn = 120.
  0123456789
0 .....r....
1 ...r.....r
2 .........r
3 ..........
4 .........r
5 ..........
6 ..........
7 ..........
8 .r..r.....
9 ....r.....

Turn = 140.
  0123456789
0 ..........
1 ..........
2 ........r.
3 r.........
4 ......r...
5 ..........
6 ........rr
7 .........r
8 .r........
9 r.........

Turn = 160.
  0123456789
0 r.......r.
1 ..........
2 ..........
3 .....r....
4 ..........
5 ........r.
6 .......r..
7 ..........
8 .r........
9 ..r...r...

Turn = 180.
  0123456789
0 ..rr......
1 ..........
2 ..........
3 ..........
4 ..........
5 ..........
6 .........r
7 ........rr
8 ..........
9 r.r....r..

Turn = 200.
  0123456789
0 r.r...r...
1 ..........
2 r.........
3 ....r.....
4 ..........
5 ..........
6 ..........
7 ........r.
8 .....r....
9 .........r

Turn = 220.
  0123456789
0 r...r.....
1 ..........
2 ........r.
3 ..........
4 ..........
5 r........r
6 ..........
7 ..........
8 .....r....
9 ........rr

Turn = 240.
  0123456789
0 r....r...r
1 ..r.......
2 .r........
3 r.........
4 ..........
5 ..........
6 ..........
7 ..........
8 ....r.....
9 .........r

Turn = 260.
  0123456789
0 .....r....
1 ...r......
2 r.........
3 ..........
4 ..........
5 ..........
6 .........r
7 ........r.
8 ..........
9 ....r..r.r

Turn = 280.
  0123456789
0 ..........
1 ..........
2 rr......rr
3 ..........
4 ..........
5 ......r...
6 ....r.....
7 .......r..
8 ........r.
9 ..........

Turn = 300.
  0123456789
0 ....r....r
1 ...r......
2 ..........
3 r.........
4 ..........
5 ..........
6 ..........
7 ..........
8 ........r.
9 r...r..r..

Turn = 320.
  0123456789
0 ....r....r
1 ...r......
2 ..........
3 ........rr
4 ........r.
5 ..........
6 ..........
7 ..........
8 ......r...
9 .......r..

Turn = 340.
  0123456789
0 ..........
1 ..........
2 ..........
3 .rrr......
4 ..........
5 ..........
6 ..........
7 r.........
8 ...r.r....
9 r..r......

Turn = 360.
  0123456789
0 ..........
1 r.........
2 r......r..
3 .r....r...
4 ..........
5 ..........
6 ...r......
7 ....r.....
8 ..........
9 .........r

Turn = 380.
  0123456789
0 rr........
1 ..........
2 .........r
3 r.........
4 r.........
5 ..........
6 ..........
7 .......r.r
8 ..........
9 .........r

Turn = 400.
  0123456789
0 rr........
1 ..........
2 ..........
3 ..........
4 r.........
5 .........r
6 ..........
7 ..........
8 .........r
9 .....rr.r.

Turn = 420.
  0123456789
0 ....r.....
1 ....r.....
2 rr........
3 r.........
4 ..........
5 ..........
6 ..........
7 ....r.....
8 ..........
9 .....rr...

Turn = 440.
  0123456789
0 ........r.
1 ......r...
2 ..r.......
3 ..........
4 ..........
5 ..........
6 .........r
7 .........r
8 ..........
9 ...r....rr

Turn = 460.
  0123456789
0 ........r.
1 ..........
2 ..........
3 ..........
4 ..........
5 .......rr.
6 .rr..r....
7 .....rr...
8 ..........
9 ..........

Turn = 480.
  0123456789
0 r....rr...
1 ..........
2 ..........
3 ..........
4 ..........
5 .......r..
6 ..........
7 ..........
8 ..........
9 rr.....rr.

*** Darwin 10x10 ***
Turn = 0.
  0123456789
0 ..........
1 ...f......
2 r.r.f.t.t.
3 ....t.....
4 hrrr..f...
5 ....r.....
6 ...r......
7 .........r
8 ..........
9 ..........

Turn = 20.
  0123456789
0 rr........
1 ........r.
2 r..tt.t.t.
3 ...tt.....
4 .r....f...
5 rr........
6 ..........
7 ..........
8 ..........
9 .....r....

Turn = 40.
  0123456789
0 ..........
1 r.....t..t
2 ....ttt.tt
3 ....t.....
4 ......f...
5 ..........
6 ..........
7 ..........
8 ..r.......
9 .rr..rr...

Turn = 60.
  0123456789
0 r...r....t
1 r.r...t..t
2 ....ttt.tt
3 ....t.....
4 ......f...
5 ..........
6 ..........
7 ..........
8 ..........
9 r.........

Turn = 80.
  0123456789
0 ....rtr...
1 ....tttt..
2 ....t.t.tt
3 ....t.....
4 ......f...
5 ..........
6 ..........
7 ..........
8 ..........
9 ....r....r

Turn = 100.
  0123456789
0 ...rrr....
1 r...tttt.t
2 ....t.t.tt
3 ....t.....
4 ......f...
5 ..........
6 ..........
7 ..........
8 ..........
9 ..........

Turn = 120.
  0123456789
0 ......r...
1 ....t.....
2 ....tttt..
3 ....t.....
4 ......f...
5 ..r.......
6 .r........
7 r.........
8 ..........
9 r.....r.rr

Turn = 140.
  0123456789
0 ..r..r..r.
1 ...t.tt...
2 ...tttt...
3 ....t...r.
4 ......f...
5 r.........
6 ...r......
7 ..........
8 ..........
9 ..........

Turn = 160.
  0123456789
0 ..r..t....
1 ...tttt.r.
2 ...tttt..r
3 ....t.....
4 ......f...
5 ..........
6 ..........
7 ..........
8 ..........
9 r.........

Turn = 180.
  0123456789
0 r...tt....
1 ...tttt...
2 ...tttt...
3 ....t.....
4 ......f..r
5 ..........
6 ..........
7 ..........
8 ..........
9 .....r....

Turn = 200.
  0123456789
0 ....ttt...
1 ...tttt...
2 ...tttt...
3 ....t.....
4 ......f...
5 ..........
6 ..........
7 ..........
8 ..........
9 ......rr..

Turn = 220.
  0123456789
0 ....tttt..
1 ...tttt...
2 ...tt.t...
3 ....t.t...
4 ..........
5 ..........
6 ..........
7 ..........
8 ..........
9 .r.....r..

Turn = 240.
  0123456789
0 ....ttt...
1 ...tttt...
2 ...tt.trr.
3 ....t.t...
4 ..........
5 ..........
6 ..........
7 ..........
8 ..........
9 r.........

Turn = 260.
  0123456789
0 ...tttt..r
1 ...tttt...
2 ...tt.t...
3 ....t.t...
4 ..........
5 ..........
6 ..........
7 ..........
8 ..........
9 ...r......

Turn = 280.
  0123456789
0 ...tttt...
1 ...tttt...
2 ...tt.t...
3 ....t.t...
4 ..........
5 ..........
6 ..........
7 ..........
8 ..........
9 .r..r.....

Turn = 300.
  0123456789
0 ..ttttt..r
1 ...tttt...
2 ...tt.t...
3 ....t.t...
4 ..........
5 ..........
6 ..........
7 ..........
8 ..........
9 ..........

Turn = 320.
  0123456789
0 ..tttt.t..
1 ...ttttt..
2 ...tt.t...
3 ....t.t...
4 ..........
5 ..........
6 ..........
7 ..........
8 ..........
9 ..........

Turn = 340.
  0123456789
0 ..tttt.t..
1 ...ttttt..
2 ...tt.t...
3 ....t.t...
4 ..........
5 ..........
6 ..........
7 ..........
8 ..........
9 ..........

Turn = 360.
  0123456789
0 ..tttt.t..
1 ...ttttt..
2 ...tt.t...
3 ....t.t...
4 ..........
5 ..........
6 ..........
7 ..........
8 ..........
9 ..........

Turn = 380.
  0123456789
0 ..tttt.t..
1 ...ttttt..
2 ...tt.t...
3 ....t.t...
4 ..........
5 ..........
6 ..........
7 ..........
8 ..........
9 ..........

*** Darwin 10x10 ***
Turn = 0.
  0123456789
0 ..........
1 ..rr......
2 ..........
3 ..........
4 ..........
5 ......rh..
6 ..........
7 ..........
8 ..f.......
9 .h........

Turn = 5.
  0123456789
0 r.........
1 ..........
2 ..........
3 .r........
4 ..........
5 .rh.......
6 ..........
7 ..........
8 ..f.......
9 .h........

Turn = 10.
  0123456789
0 .....r....
1 ..........
2 r.........
3 ..........
4 r.........
5 r.........
6 ..........
7 ..........
8 ..f.......
9 .h........

*** Darwin 10x10 ***
Turn = 0.
  0123456789
0 ..........
1 ..........
2 .f........
3 .r........
4 ......r...
5 ..ht......
6 .......rt.
7 rr........
8 r.r.......
9 .r........

Turn = 20.
  0123456789
0 ..........
1 .........r
2 .f........
3 ..........
4 .........r
5 ...t.....t
6 r.......tt
7 r.......tt
8 ..........
9 .r........

*** Darwin 10x10 ***
Turn = 0.
  0123456789
0 .t........
1 .r...f....
2 ..........
3 ..........
4 ..........
5 ..........
6 ..........
7 .....f....
8 ..........
9 ..........

Turn = 20.
  0123456789
0 .....r....
1 ..........
2 ..........
3 ..........
4 ..........
5 .........r
6 ........r.
7 .....f....
8 ..........
9 ..........

Turn = 40.
  0123456789
0 .....r....
1 ..........
2 ..........
3 ..........
4 ..........
5 ..........
6 ..........
7 .....f....
8 ..........
9 ..rr......

Turn = 60.
  0123456789
0 ..........
1 ..........
2 ..........
3 .........r
4 ..........
5 ..........
6 ..........
7 .....f....
8 ..........
9 ....rr....

Turn = 80.
  0123456789
0 ..........
1 r....r....
2 ....r.....
3 r.........
4 ..........
5 ..........
6 ..........
7 ..........
8 ..........
9 ..........

Turn = 100.
  0123456789
0 ..........
1 .........r
2 ..........
3 ..........
4 ..........
5 ..........
6 ..........
7 ..........
8 ........r.
9 .......rr.