*** Darwin 8x26 ***
Turn = 0.
  01234567890123456789012345
0 ...f....f.......r....h..fh
1 ..tr.....tf...ff....r...r.
2 .....h.....r.........f....
3 h..f...........f..r.......
4 t...t......h...r..h..h....
5 ....r......f....h....f..f.
6 t.h.h..f..t...fhhf.......h
7 ...rrt.........h...t...t.h

Turn = 4.
  01234567890123456789012345
0 ...f....f...........r..hfh
1 ..t......tt...ff....r.....
2 ..h.r..........r.....f...h
3 t..r.r.......rrf..........
4 t...t.........r......h....
5 ..r........fh.......rf..f.
6 t....hr...t...fhhfr.......
7 ...r.r.r.......h...t...t.h

Turn = 8.
  01234567890123456789012345
0 ..rr....f....r........r.rh
1 ..t......tt..r.fr........h
2 ..t.....r....r.....r.f..r.
3 t........r.....f..........
4 t...t.....r..........h....
5 r..........fh........f..f.
6 r........rr...fhhf........
7 rr...h....r....hr..tt..t.h

Turn = 12.
  01234567890123456789012345
0 r.....r.f.r............r.r
1 ..t......trr.r...........r
2 ..t.......rr..........r.r.
3 t.........r..rrr.....r....
4 tr..t.r..............r....
5 t..........fh.........rrr.
6 r.............frrf........
7 r....h....r..rr.r..tt..t.h

Turn = 16.
  01234567890123456789012345
0 .rt....r.r.r.......r.....r
1 ..t......ttr..............
2 ..t.....r.rr............r.
3 t.............r.........rr
4 t.rr.............r........
5 t..........fhrr.r.........
6 t...........rr.rrf.....rr.
7 t....h........r..rrr.rrrrh

Turn = 20.
  01234567890123456789012345
0 .ttr.r.r.......r.....r....
1 ..t......ttr..r...........
2 ..r.......rr........r..r..
3 t.r..........r....r....r..
4 tr...........r............
5 ..r..............r.rr...r.
6 t.......r..rr..rrrr..rr.rr
7 t....h...........r.r.r..rr

*** Darwin 14x4 ***
Turn = 0.
  0123
0 ....
1 ....
2 ....
3 ....
4 ....
5 ....
6 ....
7 .t..
8 .t..
9 ....
0 ....
1 ....
2 ....
3 ....

Turn = 5.
  0123
0 ....
1 ....
2 ....
3 ....
4 ....
5 ....
6 ....
7 .t..
8 .t..
9 ....
0 ....
1 ....
2 ....
3 ....

Turn = 10.
  0123
0 ....
1 ....
2 ....
3 ....
4 ....
5 ....
6 ....
7 .t..
8 .t..
9 ....
0 ....
1 ....
2 ....
3 ....

Turn = 15.
  0123
0 ....
1 ....
2 ....
3 ....
4 ....
5 ....
6 ....
7 .t..
8 .t..
9 ....
0 ....
1 ....
2 ....
3 ....

Turn = 20.
  0123
0 ....
1 ....
2 ....
3 ....
4 ....
5 ....
6 ....
7 .t..
8 .t..
9 ....
0 ....
1 ....
2 ....
3 ....

*** Darwin 10x6 ***
Turn = 0.
  012345
0 ......
1 ......
2 .f....
3 ......
4 ......
5 ......
6 ......
7 h.....
8 ......
9 ......

Turn = 1.
  012345
0 ......
1 ......
2 .f....
3 ......
4 ......
5 ......
6 ......
7 ......
8 h.....
9 ......

Turn = 2.
  012345
0 ......
1 ......
2 .f....
3 ......
4 ......
5 ......
6 ......
7 ......
8 ......
9 h.....

Turn = 3.
  012345
0 ......
1 ......
2 .f....
3 ......
4 ......
5 ......
6 ......
7 ......
8 ......
9 h.....

Turn = 4.
  012345
0 ......
1 ......
2 .f....
3 ......
4 ......
5 ......
6 ......
7 ......
8 ......
9 h.....

Turn = 5.
  012345
0 ......
1 ......
2 .f....
3 ......
4 ......
5 ......
6 ......
7 ......
8 ......
9 h.....

Turn = 6.
  012345
0 ......
1 ......
2 .f....
3 ......
4 ......
5 ......
6 ......
7 ......
8 ......
9 h.....

Turn = 7.
  012345
0 ......
1 ......
2 .f....
3 ......
4 ......
5 ......
6 ......
7 ......
8 ......
9 h.....

Turn = 8.
  012345
0 ......
1 ......
2 .f....
3 ......
4 ......
5 ......
6 ......
7 ......
8 ......
9 h.....

*** Darwin 15x3 ***
Turn = 0.
  012
0 ...
1 ...
2 ...
3 ...
4 ...
5 ...
6 ...
7 ...
8 ...
9 ...
0 ..f
1 ...
2 ...
3 ...
4 ...

Turn = 1.
  012
0 ...
1 ...
2 ...
3 ...
4 ...
5 ...
6 ...
7 ...
8 ...
9 ...
0 ..f
1 ...
2 ...
3 ...
4 ...

Turn = 2.
  012
0 ...
1 ...
2 ...
3 ...
4 ...
5 ...
6 ...
7 ...
8 ...
9 ...
0 ..f
1 ...
2 ...
3 ...
4 ...

Turn = 3.
  012
0 ...
1 ...
2 ...
3 ...
4 ...
5 ...
6 ...
7 ...
8 ...
9 ...
0 ..f
1 ...
2 ...
3 ...
4 ...

Turn = 4.
  012
0 ...
1 ...
2 ...
3 ...
4 ...
5 ...
6 ...
7 ...
8 ...
9 ...
0 ..f
1 ...
2 ...
3 ...
4 ...

Turn = 5.
  012
0 ...
1 ...
2 ...
3 ...
4 ...
5 ...
6 ...
7 ...
8 ...
9 ...
0 ..f
1 ...
2 ...
3 ...
4 ...

Turn = 6.
  012
0 ...
1 ...
2 ...
3 ...
4 ...
5 ...
6 ...
7 ...
8 ...
9 ...
0 ..f
1 ...
2 ...
3 ...
4 ...

Turn = 7.
  012
0 ...
1 ...
2 ...
3 ...
4 ...
5 ...
6 ...
7 ...
8 ...
9 ...
0 ..f
1 ...
2 ...
3 ...
4 ...

Turn = 8.
  012
0 ...
1 ...
2 ...
3 ...
4 ...
5 ...
6 ...
7 ...
8 ...
9 ...
0 ..f
1 ...
2 ...
3 ...
4 ...

Turn = 9.
  012
0 ...
1 ...
2 ...
3 ...
4 ...
5 ...
6 ...
7 ...
8 ...
9 ...
0 ..f
1 ...
2 ...
3 ...
4 ...

Turn = 10.
  012
0 ...
1 ...
2 ...
3 ...
4 ...
5 ...
6 ...
7 ...
8 ...
9 ...
0 ..f
1 ...
2 ...
3 ...
4 ...

Turn = 11.
  012
0 ...
1 ...
2 ...
3 ...
4 ...
5 ...
6 ...
7 ...
8 ...
9 ...
0 ..f
1 ...
2 ...
3 ...
4 ...

Turn = 12.
  012
0 ...
1 ...
2 ...
3 ...
4 ...
5 ...
6 ...
7 ...
8 ...
9 ...
0 ..f
1 ...
2 ...
3 ...
4 ...

Turn = 13.
  012
0 ...
1 ...
2 ...
3 ...
4 ...
5 ...
6 ...
7 ...
8 ...
9 ...
0 ..f
1 ...
2 ...
3 ...
4 ...

Turn = 14.
  012
0 ...
1 ...
2 ...
3 ...
4 ...
5 ...
6 ...
7 ...
8 ...
9 ...
0 ..f
1 ...
2 ...
3 ...
4 ...

Turn = 15.
  012
0 ...
1 ...
2 ...
3 ...
4 ...
5 ...
6 ...
7 ...
8 ...
9 ...
0 ..f
1 ...
2 ...
3 ...
4 ...

Turn = 16.
  012
0 ...
1 ...
2 ...
3 ...
4 ...
5 ...
6 ...
7 ...
8 ...
9 ...
0 ..f
1 ...
2 ...
3 ...
4 ...

Turn = 17.
  012
0 ...
1 ...
2 ...
3 ...
4 ...
5 ...
6 ...
7 ...
8 ...
9 ...
0 ..f
1 ...
2 ...
3 ...
4 ...

Turn = 18.
  012
0 ...
1 ...
2 ...
3 ...
4 ...
5 ...
6 ...
7 ...
8 ...
9 ...
0 ..f
1 ...
2 ...
3 ...
4 ...

*** Darwin 18x11 ***
Turn = 0.
  01234567890
0 ...........
1 ...........
2 ..r........
3 ...........
4 ...........
5 ...........
6 .rf........
7 ...........
8 h..........
9 ......ff.h.
0 ....r......
1 .........h.
2 ..t........
3 ...........
4 ..........h
5 ..h........
6 ...hhr.f...
7 ...........

Turn = 2.
  01234567890
0 ...........
1 ...........
2 ....r......
3 ...........
4 ...........
5 ..r........
6 .r.........
7 ...........
8 ..h........
9 ......ffh..
0 ..r........
1 .......h...
2 ..t.......h
3 ...........
4 ...h.......
5 h..........
6 .....hrr...
7 ...........

Turn = 4.
  01234567890
0 ...........
1 ...........
2 ......r....
3 ..r........
4 .r.........
5 ...........
6 ...........
7 ...........
8 ....h......
9 ......ffh..
0 r.........h
1 .....h.....
2 ..th.......
3 ...........
4 .......r...
5 h..........
6 .....h.....
7 ......r....

Turn = 6.
  01234567890
0 ...........
1 ..r........
2 .r......r..
3 ...........
4 ...........
5 ...........
6 ...........
7 ...........
8 ......h...h
9 r.....ffh..
0 ...........
1 ...h.......
2 ..tt...r...
3 ...........
4 ...........
5 h..........
6 .......h...
7 .....r.....

Turn = 8.
  01234567890
0 .rr........
1 ...........
2 ..........r
3 ...........
4 ...........
5 ...........
6 ..........h
7 r..........
8 ........h..
9 ......ffh..
0 .......r...
1 ..t........
2 ..tt.......
3 ...........
4 ...........
5 h..........
6 .........h.
7 ...r.......

Turn = 10.
  01234567890
0 r.r........
1 ...........
2 ...........
3 ..........r
4 ..........h
5 r..........
6 ...........
7 ...........
8 ..........h
9 ......frr..
0 .......r...
1 ..t........
2 ..tt.......
3 ...........
4 ...........
5 h..........
6 ..........h
7 .r.........

Turn = 12.
  01234567890
0 rr.........
1 ...........
2 ...........
3 r.........r
4 ..........r
5 ...........
6 ...........
7 ........r..
8 .......r..h
9 ......f....
0 .....r.....
1 ..t........
2 ..tt.......
3 ...........
4 ...........
5 h..........
6 ..........h
7 r..........

Turn = 14.
  01234567890
0 ...........
1 r..........
2 rr.........
3 ..........r
4 ..........r
5 ........r..
6 .......r...
7 ...........
8 ..........h
9 ......f....
0 ...r.......
1 ..t........
2 ..tt.......
3 ...........
4 ...........
5 r..........
6 r.........h
7 ...........

Turn = 16.
  01234567890
0 ...........
1 r..........
2 r..........
3 ........r.r
4 .r.....r..r
5 ...........
6 ...........
7 ...........
8 ..........h
9 ......f....
0 ..t........
1 ..t........
2 ..tt.......
3 ...........
4 ...........
5 r..........
6 r.........h
7 ...........

Turn = 18.
  01234567890
0 ...........
1 .r......r..
2 ..r....r...
3 ........r..
4 ...........
5 ...........
6 .r........r
7 ...........
8 ..........h
9 ......f....
0 ..t........
1 ..t........
2 ..tt.......
3 ...........
4 r..........
5 ..r........
6 ..........h
7 ...........

Turn = 20.
  01234567890
0 .......rr..
1 ...r.......
2 ....r......
3 ......r....
4 ...........
5 ...........
6 ...........
7 ..........r
8 .r........r
9 ......f....
0 ..t........
1 ..t........
2 r.tt.......
3 ...........
4 ...........
5 ....r......
6 ..........h
7 ...........

Turn = 22.
  01234567890
0 ........r.r
1 .....r.....
2 ......r....
3 ....r......
4 ...........
5 ...........
6 ...........
7 .........r.
8 ...........
9 ......f....
0 rrt.......r
1 ..t........
2 ..tt.......
3 ...........
4 ...........
5 ......r....
6 ..........h
7 ...........

Turn = 24.
  01234567890
0 .........rr
1 .......r...
2 ........r..
3 ..r........
4 ...........
5 ...........
6 ...........
7 .......r...
8 r..........
9 ......f....
0 ..t........
1 ..t........
2 .rtt......r
3 ...........
4 ...........
5 ........r..
6 ..........h
7 ...........

Turn = 26.
  01234567890
0 ........r..
1 ........rr.
2 ..........r
3 r..........
4 ...........
5 ...........
6 r..........
7 .....r.....
8 ...........
9 ......f....
0 ..t........
1 ..t........
2 ..tt.......
3 ...........
4 .r........r
5 ..........r
6 ..........h
7 ...........

Turn = 28.
  01234567890
0 ......r.r..
1 .......r..r
2 r..........
3 ...........
4 r..........
5 ...........
6 ...........
7 ...r.......
8 ...........
9 ......f....
0 ..t........
1 ..t........
2 ..tt.......
3 ...........
4 ..........r
5 ..........r
6 .r........r
7 ...........

Turn = 30.
  01234567890
0 r...r.r...r
1 .....r.....
2 r..........
3 ...........
4 ...........
5 ...........
6 ...........
7 .r.........
8 ...........
9 ......f....
0 ..t........
1 ..t........
2 ..tt......r
3 ...........
4 ...........
5 ..........r
6 ...........
7 .r........r

Turn = 32.
  01234567890
0 rrr.r...r..
1 ...r.......
2 ...........
3 ...........
4 ...........
5 ...........
6 ...........
7 r..........
8 ...........
9 ......f....
0 ..t.......r
1 ..t........
2 ..tt.......
3 ..........r
4 ...........
5 ...........
6 ...........
7 r.......r..

*** Darwin 12x15 ***
Turn = 0.
  012345678901234
0 ....r...t...h.f
1 ..f............
2 ..r.....f......
3 .t..........t..
4 h..............
5 r......t......t
6 .......r.......
7 ........r......
8 ......t........
9 f...t..........
0 ......t........
1 ...........t...

Turn = 4.
  012345678901234
0 .......rrh....f
1 ..f............
2 ......r.f......
3 .t......r...t..
4 h..............
5 .......t......t
6 ...............
7 ...............
8 r.....tt.......
9 r...t..........
0 ......t........
1 ...........t...

Turn = 8.
  012345678901234
0 ........rr....f
1 ..f.....r......
2 ......r........
3 .t..........t..
4 h......rr......
5 .......t......t
6 r..............
7 ...............
8 ......tt.......
9 ....t..........
0 r.....t........
1 ...........t...

Turn = 12.
  012345678901234
0 ...........r..f
1 ..f.........r..
2 ..r.....r......
3 rt..........t..
4 .........r.....
5 .r............t
6 ...............
7 .......r.......
8 ......ttt......
9 ....t..........
0 ......t........
1 ..r........t...

Turn = 16.
  012345678901234
0 r............rr
1 ..f............
2 ..............r
3 rt..........t..
4 .............r.
5 .....r........t
6 ........r......
7 .......t.......
8 ......ttt......
9 ....t..........
0 ......t........
1 ......r....t...

Turn = 20.
  012345678901234
0 ..r..........rr
1 ..f............
2 ...............
3 .t..........rr.
4 ..............r
5 .........r.....
6 ..............r
7 r......tt......
8 ......ttt......
9 ....t..........
0 ......t........
1 ......t....t...

Turn = 24.
  012345678901234
0 ......r...r....
1 ..f............
2 ...............
3 .t......rr.....
4 ..........r...r
5 .............r.
6 ...............
7 .......tt......
8 ......ttt......
9 ....t..........
0 ......t.......r
1 r.....t....t...

Turn = 28.
  012345678901234
0 ........r.r....
1 ..f............
2 ...............
3 .t..rr.........
4 ......r........
5 ...............
6 ...............
7 .......tt......
8 ......ttt....rr
9 ....t..........
0 ......t.......r
1 ...r..t....t...

Turn = 32.
  012345678901234
0 ....r.........r
1 ..f............
2 ...............
3 .trr...........
4 ..r............
5 ...............
6 ...............
7 .......tt......
8 ......ttt.....r
9 ....t.......r..
0 ......r........
1 .....rr....t.r.

Turn = 36.
  012345678901234
0 r...........r..
1 ..f............
2 ...............
3 rttt...........
4 ..............r
5 ...............
6 ...............
7 ......rtt......
8 ......rtt......
9 ....t...r......
0 ..r.........r..
1 ........r.r....

*** Darwin 5x1 ***
Turn = 0.
  0
0 .
1 .
2 .
3 .
4 .

Turn = 1.
  0
0 .
1 .
2 .
3 .
4 .

Turn = 2.
  0
0 .
1 .
2 .
3 .
4 .

Turn = 3.
  0
0 .
1 .
2 .
3 .
4 .

Turn = 4.
  0
0 .
1 .
2 .
3 .
4 .

Turn = 5.
  0
0 .
1 .
2 .
3 .
4 .

Turn = 6.
  0
0 .
1 .
2 .
3 .
4 .

Turn = 7.
  0
0 .
1 .
2 .
3 .
4 .

Turn = 8.
  0
0 .
1 .
2 .
3 .
4 .

*** Darwin 25x24 ***
Turn = 0.
  012345678901234567890123
0 .....t..fr...h......t.f.
1 ......r.................
2 .f............r.........
3 .t........t..f..r..h....
4 r...r.t..........h..r...
5 ....h...t...............
6 ......h......h...rr.....
7 h...h.........f.......f.
8 ..r......h........h.....
9 .........f......t..r....
0 ........f......rh.r..h..
1 ......fhf.......f.......
2 ............h...........
3 ...r......t.......h..h..
4 .........tf...h.......tf
5 ........................
6 rt..tf..................
7 .t...t.....h......ft....
8 .........f.r............
9 ..t.f............h...f..
0 t.......................
1 .r.........rr....r...r..
2 ...h.r.h..f.....ft......
3 ................h....f..
4 ................f.t..h..

Turn = 2.
  012345678901234567890123
0 .....t.rr..h........t.f.
1 ........r...............
2 rt......................
3 .t........t..f...hr..h..
4 ..r...t.......r.......r.
5 h.......t...............
6 ....h..........rr...r...
7 ....h.h.......f.......f.
8 ...........h...r....h...
9 .........f......tr......
0 ..r.....f.....h.........
1 ......f.f.......f.r.....
2 ..............h...r..h..
3 .....r.h..t........h....
4 .........tt.h.........tf
5 r.......................
6 .t..tt.....r............
7 .t...t.......h....tt....
8 .........f..............
9 .rt.f.......r..h.....f..
0 t.......................
1 ...................r....
2 .h.r.h....f.....ft...r..
3 ...........r....h....r..
4 ................f.t..h..

Turn = 4.
  012345678901234567890123
0 r....rrr.h..........t.f.
1 ..........r......h......
2 .t......................
3 ht........t..f......r..h
4 r.....t................r
5 ........t.......r.......
6 ..h...........rr......r.
7 ........h.....fr......f.
8 .............h........h.
9 ....h....f......tt......
0 ........f...h...........
1 ......f.f.......fr......
2 ..r.............rr......
3 r......r..t......h......
4 .........ttr.........htt
5 .......h...r............
6 .t..tt..................
7 .r...t......r..h..tt....
8 .r.......f..............
9 ..t.f........h.......f..
0 t.......................
1 .....................r..
2 hr.h......f.....tt...hr.
3 ................h......r
4 ...........r....f.t.....

Turn = 6.
  012345678901234567890123
0 r...r..h.........h..t.f.
1 h...........r...........
2 .t...r.r................
3 rt........t..f..r.....rh
4 ......t.................
5 ........t......r.......r
6 h.............r........r
7 ..........h...r.......f.
8 ..............hr.......h
9 .........f......tt......
0 ........f.h.....r.......
1 r...h.f.f.......r.......
2 ................r.......
3 .........tt....h.r......
4 ..r......ttt..........tt
5 ...........tr...........
6 .t..tt...............h..
7 .r...t.h.........htt....
8 .r.......f..............
9 ..t.f......h.........f..
0 t....................h..
1 .......................r
2 rrh.......f.....tt.....r
3 ................t......r
4 .........r......f.t.....

Turn = 8.
  012345678901234567890123
0 hrr..h...........h..t.f.
1 r.............r.r.......
2 .t.....................r
3 .t........t..f.r......r.
4 .....rtr...............r
5 ........t...............
6 h...........r...........
7 ............rr........fr
8 ...............h.......r
9 r........f......tt......
0 ........fh.....tt.......
1 ......f.f.....r.........
2 ..............r.........
3 ....h....tt.rh..........
4 .........ttt..........tt
5 ...........t.....r......
6 .tr.tt..................
7 .t...t...........ttt....
8 .t.......f...........h..
9 ..t.f..h.h...........f..
0 tr...................h.r
1 ........................
2 h.........f.....tt....r.
3 ................t.......
4 r......r........t.t....r

Turn = 10.
  012345678901234567890123
0 r..h............rh..t.fr
1 rrr............rr.......
2 .t.....................r
3 .t........t..f..........
4 ......tt................
5 ........t.............r.
6 h....r....r..r..........
7 r.....................rr
8 ............r....t.....r
9 .........f......tt......
0 ........fh.....tt.......
1 ......f.f...r...........
2 ............rr..........
3 .........tth............
4 .........ttt..........tt
5 ....h......t............
6 .tt.tt...........t......
7 .t...t...........ttt....
8 .r.......f...........h.r
9 .rt.f..h.............f..
0 t....................h..
1 .......h................
2 h.........f.....tt..r...
3 ................t.......
4 .r...r..........t.t...r.

Turn = 12.
  012345678901234567890123
0 rh............r..h..t.rr
1 rr..............r.r....r
2 r.......................
3 .tr.......t..f..........
4 ......tt.....r..........
5 ........t...............
6 r.......r.............r.
7 r....................r.r
8 .....r...........t.....r
9 .........f......tt......
0 ........fh..r..tt.......
1 ......f.f.r.............
2 ........................
3 .........tttr...........
4 .........ttt.r........tt
5 ....t......t............
6 .tt.tt...........t.....r
7 .r...t...........ttt....
8 .rr......f...........h..
9 .r..fh...............f..
0 t....................h..
1 ........................
2 h.........f.....ttr.....
3 .......h........t.......
4 ...rr...........t.t.r...

Turn = 14.
  012345678901234567890123
0 rh..........r....h..tr.r
1 r.................r.r...
2 .r....................r.
3 r.........t.rr..........
4 rr....tt................
5 ..r.....t...............
6 ......r................r
7 ..r................r.r..
8 .................t......
9 .........f......tt......
0 .....r..fh.....tt......r
1 ......f.rr..............
2 ............r...........
3 .........tttt...........
4 .........ttt..........tr
5 ....t......t...........r
6 .tr.tt.......r...t......
7 .rr..t...........ttt....
8 .r.......f...........h..
9 ...rfh...............f..
0 t....................h..
1 ........................
2 h.........f.....tr......
3 ................tt......
4 ...r.r.h........t.rr....

Turn = 16.
  012345678901234567890123
0 r.........r......h..r.r.
1 rr...........r.....rr.r.
2 ........................
3 r.........rr............
4 rr....tt..............rr
5 ........t...............
6 .r..r...................
7 ..r.r............t.r....
8 .................t......
9 .........f......tt......
0 ........fh.....tt.......
1 ......rrr...............
2 .....r......r..........r
3 .........ttt.r..........
4 .........ttt..........r.
5 ....t......t..........rr
6 .rr.tt...........t......
7 rrr..t...........ttt....
8 .........f...r.......h..
9 ...rr................f..
0 t....r...............h..
1 ........................
2 h.........f.....tr......
3 ................tt......
4 .....rrr........t.rr....

Turn = 18.
  012345678901234567890123
0 .r......r....r...hr.r...
1 ....................r..r
2 r......................r
3 rr.......r..........r...
4 ......tt................
5 ........t.r.............
6 rrr...................r.
7 ......r..........rr.....
8 .r...............t......
9 ..r......f......tt......
0 ........rr.....tt.......
1 .....r..r...............
2 ..........r.............
3 ......r..ttt...r........
4 .....r...ttt........r..r
5 .r..t......t............
6 .r..tt...........t......
7 .r.r.t...........ttt..rr
8 ...r.....f...........h..
9 r....................f..
0 t............r...r...h..
1 ....r...................
2 h....r....f.....t.......
3 .....r..........tt......
4 ......r..r......t..r.r..

Turn = 20.
  012345678901234567890123
0 ...r..r........r.rrr....
1 ......................rr
2 r.....................r.
3 .......r................
4 ......tt................
5 rr......t...........r...
6 r.................r.....
7 ........r.r......r......
8 rr................r...r.
9 ........rr......tt......
0 .r......r......tt.......
1 ..rr......r.............
2 ........r...............
3 .r.......ttt.....r......
4 .........ttt......r.....
5 ....ttr....t............
6 r...tr...........t.....r
7 ....rr...........ttt....
8 .....r...f.......r...h..
9 .r...................frr
0 r.r..................h..
1 ........................
2 h...r.....f..r..t.......
3 ....rr..........tt......
4 ....r......r....t....r.r

Turn = 22.
  012345678901234567890123
0 r...rr..........rr....r.
1 .................r......
2 ...................rr...
3 .....r.................r
4 ......tt..........r.....
5 rr......t...............
6 ........................
7 .r.......rr.........r...
8 .................r..r...
9 ......r...r.....t.r.....
0 rr....r........tt.....r.
1 .rr.........r...........
2 .r....r.................
3 ..r......ttt.......r....
4 r........ttt....r.......
5 ....ttt....t............
6 ....rr...........t......
7 ....r.r..........rtt....
8 .......r.f.......r...h.r
9 .....................f..
0 ....r................h..
1 rr...r................rr
2 r.r.......f.....t.......
3 .....r..........tt......
4 ..r.........rr..t.....rr

Turn = 24.
  012345678901234567890123
0 r..rr..........r.......r
1 .................r......
2 ..................r.....
3 r..r.............rr.....
4 ......tt...........r....
5 ...r....tr.............r
6 ........................
7 ............r........r..
8 ......................r.
9 .rr.r...........t...r...
0 rr..r..........ttr......
1 ..........r...r.........
2 r..rr.................r.
3 r........ttt.........r..
4 .........ttt..r.........
5 ..r.ttt....t............
6 ..r..............t......
7 ..r.....r........ttt....
8 .....r..rr.......t...h..
9 .....................f..
0 ......r..............h.r
1 r.r...r.................
2 ..........f.....t.....r.
3 .r.....r........tt....rr
4 rr..........r.r.t....r..

*** Darwin 16x18 ***
Turn = 0.
  012345678901234567
0 .................r
1 ..........f.......
2 ..................
3 f.........r.......
4 ..................
5 ....f.....f.......
6 ..............f...
7 ..f.hr...f.t......
8 ...r....f.t...r...
9 ........f......hrf
0 ..f...............
1 ..................
2 ...........f......
3 r.....rt.......r..
4 ......r...........
5 ..................

Turn = 4.
  012345678901234567
0 ..........r.......
1 ........r.........
2 ..................
3 f................r
4 ..................
5 ....f.....f.......
6 ..............f...
7 ..fh.....f.t......
8 r.......f.tt......
9 ........f...r....f
0 ..f...............
1 .....r........r...
2 ...........f....r.
3 ..................
4 ..................
5 .r..r.rr..........

Turn = 8.
  012345678901234567
0 .............r....
1 ....r.............
2 ..................
3 f.................
4 ..................
5 ....f.....f.......
6 ..............f...
7 ..fh.....f.t.....r
8 ........f.tt......
9 ........rr.......f
0 ..f..............r
1 ..........r.......
2 r......r...f......
3 ...r..r...........
4 ..................
5 ...r.r............

Turn = 12.
  012345678901234567
0 .................r
1 r.................
2 ..................
3 f.................
4 ..................
5 ....f.....f.......
6 ..............f...
7 ..fh.....f.t......
8 .......rf.tt.....r
9 ...rrrr..........r
0 ..f..............r
1 ......r...........
2 ...........f......
3 ....r.............
4 ..................
5 r.......r.........

Turn = 16.
  012345678901234567
0 .r................
1 ..................
2 ..................
3 f................r
4 .......r..........
5 ....f.r...f......r
6 ..............f..r
7 .rr......f.t.....r
8 ..r.....f.tt......
9 rr................
0 ..f...............
1 ..r...............
2 r.....r....f......
3 ..................
4 ..................
5 ............r.....

Turn = 20.
  012345678901234567
0 .....r.r..........
1 ......r...........
2 ..................
3 f................r
4 ...............r..
5 r...f.....f......r
6 ..............rr..
7 r.r......f.t......
8 r.......f.tt......
9 r.r...............
0 r.f...............
1 ..................
2 ..........rf......
3 ..................
4 ..................
5 ................r.

Turn = 24.
  012345678901234567
0 ........r........r
1 .........r.......r
2 ......r...........
3 .r................
4 .r.........r......
5 .r..f.....f.......
6 ...........tr.....
7 r.....r..f.t......
8 r.......f.tt......
9 ..r...r...........
0 ..f...............
1 ..................
2 .............r....
3 .................r
4 ..................
5 ...........r......

Turn = 28.
  012345678901234567
0 ............rr.r..
1 .............r....
2 ..................
3 r....r............
4 r....r.r..........
5 ...r.r....f.......
6 ......r....tt.....
7 ........r..t......
8 ........fttt......
9 ......r...r......r
0 ..f...............
1 ..................
2 .................r
3 ..................
4 ..................
5 .......r..........

Turn = 32.
  012345678901234567
0 r.........rr......
1 r................r
2 ......r.......r...
3 ......r.rr........
4 ..................
5 ..........f......r
6 ...........tt.....
7 .......r...t......
8 ........tttt......
9 ...r......r...r...
0 ..f...r...........
1 ..................
2 ..................
3 ..................
4 ..................
5 ...r.............r

Turn = 36.
  012345678901234567
0 ....rrrr........r.
1 ....rr.r.........r
2 ..................
3 .............r....
4 ..................
5 ..........f.......
6 ...........tt.r...
7 ...........t......
8 .......ttttt......
9 ..............r..r
0 ..f...............
1 ..................
2 ..................
3 ...r..............
4 ......r...........
5 r.............r...

*** Darwin 14x2 ***
Turn = 0.
  01
0 t.
1 ..
2 ..
3 h.
4 .t
5 ..
6 ..
7 ..
8 r.
9 ..
0 ..
1 ..
2 ..
3 ..

Turn = 3.
  01
0 t.
1 ..
2 ..
3 ..
4 .t
5 r.
6 r.
7 ..
8 ..
9 ..
0 ..
1 ..
2 ..
3 ..

Turn = 6.
  01
0 t.
1 ..
2 ..
3 ..
4 rt
5 r.
6 ..
7 ..
8 ..
9 ..
0 ..
1 ..
2 ..
3 ..

Turn = 9.
  01
0 t.
1 r.
2 r.
3 ..
4 .t
5 ..
6 ..
7 ..
8 ..
9 ..
0 ..
1 ..
2 ..
3 ..

Turn = 12.
  01
0 r.
1 r.
2 .r
3 ..
4 .t
5 ..
6 ..
7 ..
8 ..
9 ..
0 ..
1 ..
2 ..
3 ..

*** Darwin 21x24 ***
Turn = 0.
  012345678901234567890123
0 ...........t............
1 .......t..........r.....
2 .r......................
3 ...............t........
4 ........................
5 fh......................
6 .......h................
7 ........................
8 f.............ht........
9 ................r...t...
0 .....h..........r.......
1 ...............h........
2 ........................
3 .......t................
4 ..........h............t
5 f.......................
6 ........................
7 .r......................
8 ........................
9 ...................fh...
0 ....r...h...............

Turn = 2.
  012345678901234567890123
0 ...........t............
1 .......t........r.......
2 ...r....................
3 ...............t........
4 ........................
5 fh......................
6 .....h..................
7 ........................
8 f....h.........t........
9 ..................r.t...
0 ..............h.........
1 ...............h........
2 ................r.......
3 .......t................
4 ............h..........t
5 f.......................
6 ........................
7 ........................
8 ....r...................
9 .r.................f....
0 ........h...........h...

Turn = 4.
  012345678901234567890123
0 ...........t............
1 .......t......r.........
2 .....r..................
3 ...............t........
4 ........................
5 fh......................
6 ...h.h..................
7 ........................
8 f..............t........
9 ...................rr...
0 ........................
1 .................h......
2 ..............h.........
3 .......t................
4 ..............h.r......t
5 f.......................
6 ....r...................
7 ........................
8 ........................
9 ...................f....
0 .r......h...........h...

Turn = 6.
  012345678901234567890123
0 ...........t............
1 .......t....r...........
2 .......r................
3 ...............t........
4 .....h..................
5 fh......................
6 .h......................
7 ....................r...
8 f..............t........
9 ........................
0 ...................r....
1 ...................h....
2 ........................
3 .......t................
4 ....r.........h.h......t
5 f.......................
6 ................r.......
7 ........................
8 ........................
9 ...................f....
0 ...r....h...........h...

Turn = 8.
  012345678901234567890123
0 ...........t............
1 .......t..r.............
2 .....h...r..............
3 ...............t........
4 ........................
5 fh..................r...
6 h.......................
7 ........................
8 f..............t........
9 ........................
0 ........................
1 ...................r.r..
2 ....r...................
3 .......t................
4 ..................h....t
5 f.......................
6 ..............h.........
7 ........................
8 ................r.......
9 ...................f....
0 .....r..h...........h...

Turn = 10.
  012345678901234567890123
0 .....h.....t............
1 .......tr...............
2 ...........r............
3 ...............t....r...
4 ........................
5 fh......................
6 h.......................
7 ........................
8 f..............t........
9 ........................
0 ....r...................
1 .......................r
2 ........................
3 .......t...........r....
4 ....................h..t
5 f.......................
6 ........................
7 ........................
8 ..............h.........
9 ...................f....
0 .......rh.......r...h...

Turn = 12.
  012345678901234567890123
0 .....h.....t............
1 .......tt...........r...
2 .............r..........
3 ...............t........
4 ........................
5 fh......................
6 h.......................
7 ........................
8 f...r..........t........
9 ........................
0 ........................
1 ........................
2 .......................r
3 .......t................
4 ......................tt
5 f..................r....
6 ........................
7 ........................
8 ........................
9 ...................f....
0 .......rr.....hr....h...

Turn = 14.
  012345678901234567890123
0 .....h.....t........r...
1 .......tt...............
2 ...............r........
3 ...............t........
4 ........................
5 fh......................
6 h...r...................
7 ........................
8 f..............t........
9 ........................
0 ........................
1 ........................
2 ........................
3 .......t...............r
4 ......................t.
5 f......................r
6 ........................
7 ...................r....
8 .......r................
9 ...................f....
0 .......r......rr....h...

Turn = 16.
  012345678901234567890123
0 .....h.....t..........r.
1 .......tt...............
2 .................r......
3 ...............t........
4 ....r...................
5 fh......................
6 h.......................
7 ........................
8 f..............t........
9 ........................
0 ........................
1 ........................
2 ........................
3 .......t................
4 ......................t.
5 f......................r
6 .......r................
7 .......................r
8 ...............r...r....
9 ..............r.........
0 .....r.............rh...

Turn = 18.
  012345678901234567890123
0 .....h.....t...........r
1 .......tt...............
2 ....r..............r....
3 ...............t........
4 ........................
5 fh......................
6 h.......................
7 ........................
8 f..............t........
9 ........................
0 ........................
1 ........................
2 ........................
3 .......t................
4 .......r..............t.
5 f.......................
6 ...............r........
7 ..............r........r
8 ........................
9 ...................r...r
0 ...r..............r.h...

Turn = 20.
  012345678901234567890123
0 ....rh.....t............
1 .......tt...............
2 .....................r.r
3 ...............t........
4 ........................
5 fh......................
6 h.......................
7 ........................
8 f..............t........
9 ........................
0 ........................
1 ........................
2 ........................
3 .......t................
4 .......t.......r......t.
5 f.............r.........
6 ........................
7 ........................
8 ........................
9 .....................r.r
0 .r..............r...h..r

Turn = 22.
  012345678901234567890123
0 ...r.h.....t............
1 .......tt...............
2 .......................r
3 ...............t........
4 .......................r
5 fh......................
6 h.......................
7 ........................
8 f..............t........
9 ........................
0 ........................
1 ........................
2 ...............r........
3 .......t......r.........
4 .......t..............t.
5 f.......................
6 ........................
7 ........................
8 ........................
9 ......................rr
0 r.............r.....h..r

Turn = 24.
  012345678901234567890123
0 .r...h.....t............
1 .......tt..............r
2 ........................
3 ...............t........
4 ........................
5 fh......................
6 h......................r
7 ........................
8 f..............t........
9 ........................
0 ...............r........
1 ..............r.........
2 ........................
3 .......t................
4 .......t..............t.
5 f.......................
6 ........................
7 .......................r
8 r.......................
9 .......................r
0 ............r.......h.r.

Turn = 26.
  012345678901234567890123
0 r....h.....t...........r
1 .......tt...............
2 ........................
3 ...............t........
4 ........................
5 fh......................
6 h.......................
7 ........................
8 f..............r.......r
9 ..............rr........
0 ........................
1 ........................
2 ........................
3 .......t................
4 .......t..............t.
5 f......................r
6 r.......................
7 .......................r
8 ........................
9 ........................
0 ..........r.........h..r

Turn = 28.
  012345678901234567890123
0 .r...h.....t...........r
1 .......tt...............
2 ........................
3 ...............t........
4 ........................
5 fh......................
6 h.......................
7 ...............r........
8 f............r..........
9 .............r..........
0 .......................r
1 ........................
2 ........................
3 .......t...............r
4 .......t..............t.
5 r......................r
6 r.......................
7 ........................
8 ........................
9 ........................
0 ........r...........h..r

Turn = 30.
  012345678901234567890123
0 ...r.h.....t............
1 .......tt..............r
2 ........................
3 ...............t........
4 ........................
5 fh.............r........
6 h.......................
7 ........................
8 f..........r............
9 ...........r............
0 ........................
1 .......................r
2 .......................r
3 .......t...............r
4 .......t..............t.
5 ........................
6 r.r.....................
7 ........................
8 .......................r
9 ........................
0 ......r.............h...

*** Darwin 10x14 ***
Turn = 0.
  01234567890123
0 ..............
1 ..............
2 ..............
3 ..............
4 ............f.
5 ..............
6 ..............
7 ..............
8 ..............
9 ..............

Turn = 1.
  01234567890123
0 ..............
1 ..............
2 ..............
3 ..............
4 ............f.
5 ..............
6 ..............
7 ..............
8 ..............
9 ..............

Turn = 2.
  01234567890123
0 ..............
1 ..............
2 ..............
3 ..............
4 ............f.
5 ..............
6 ..............
7 ..............
8 ..............
9 ..............

Turn = 3.
  01234567890123
0 ..............
1 ..............
2 ..............
3 ..............
4 ............f.
5 ..............
6 ..............
7 ..............
8 ..............
9 ..............

Turn = 4.
  01234567890123
0 ..............
1 ..............
2 ..............
3 ..............
4 ............f.
5 ..............
6 ..............
7 ..............
8 ..............
9 ..............

Turn = 5.
  01234567890123
0 ..............
1 ..............
2 ..............
3 ..............
4 ............f.
5 ..............
6 ..............
7 ..............
8 ..............
9 ..............

Turn = 6.
  01234567890123
0 ..............
1 ..............
2 ..............
3 ..............
4 ............f.
5 ..............
6 ..............
7 ..............
8 ..............
9 ..............

Turn = 7.
  01234567890123
0 ..............
1 ..............
2 ..............
3 ..............
4 ............f.
5 ..............
6 ..............
7 ..............
8 ..............
9 ..............

Turn = 8.
  01234567890123
0 ..............
1 ..............
2 ..............
3 ..............
4 ............f.
5 ..............
6 ..............
7 ..............
8 ..............
9 ..............

Turn = 9.
  01234567890123
0 ..............
1 ..............
2 ..............
3 ..............
4 ............f.
5 ..............
6 ..............
7 ..............
8 ..............
9 ..............

*** Darwin 1x16 ***
Turn = 0.
  0123456789012345
0 .......h........

Turn = 5.
  0123456789012345
0 .......h........

Turn = 10.
  0123456789012345
0 .......h........

Turn = 15.
  0123456789012345
0 .......h........

Turn = 20.
  0123456789012345
0 .......h........

Turn = 25.
  0123456789012345
0 .......h........

Turn = 30.
  0123456789012345
0 .......h........

Turn = 35.
  0123456789012345
0 .......h........

*** Darwin 14x17 ***
Turn = 0.
  01234567890123456
0 .................
1 .................
2 .................
3 .................
4 ....h............
5 .................
6 .................
7 .................
8 .................
9 .................
0 .................
1 ...t.............
2 .................
3 .................

Turn = 2.
  01234567890123456
0 .................
1 .................
2 ....h............
3 .................
4 .................
5 .................
6 .................
7 .................
8 .................
9 .................
0 .................
1 ...t.............
2 .................
3 .................

Turn = 4.
  01234567890123456
0 ....h............
1 .................
2 .................
3 .................
4 .................
5 .................
6 .................
7 .................
8 .................
9 .................
0 .................
1 ...t.............
2 .................
3 .................

Turn = 6.
  01234567890123456
0 ....h............
1 .................
2 .................
3 .................
4 .................
5 .................
6 .................
7 .................
8 .................
9 .................
0 .................
1 ...t.............
2 .................
3 .................

Turn = 8.
  01234567890123456
0 ....h............
1 .................
2 .................
3 .................
4 .................
5 .................
6 .................
7 .................
8 .................
9 .................
0 .................
1 ...t.............
2 .................
3 .................

Turn = 10.
  01234567890123456
0 ....h............
1 .................
2 .................
3 .................
4 .................
5 .................
6 .................
7 .................
8 .................
9 .................
0 .................
1 ...t.............
2 .................
3 .................

Turn = 12.
  01234567890123456
0 ....h............
1 .................
2 .................
3 .................
4 .................
5 .................
6 .................
7 .................
8 .................
9 .................
0 .................
1 ...t.............
2 .................
3 .................

Turn = 14.
  01234567890123456
0 ....h............
1 .................
2 .................
3 .................
4 .................
5 .................
6 .................
7 .................
8 .................
9 .................
0 .................
1 ...t.............
2 .................
3 .................

Turn = 16.
  01234567890123456
0 ....h............
1 .................
2 .................
3 .................
4 .................
5 .................
6 .................
7 .................
8 .................
9 .................
0 .................
1 ...t.............
2 .................
3 .................

*** Darwin 8x11 ***
Turn = 0.
  01234567890
0 .r.....t...
1 ......h....
2 .f.........
3 .......r...
4 f..........
5 ...........
6 .......ff..
7 ...........

Turn = 3.
  01234567890
0 .......t...
1 ...h.......
2 .r.........
3 ..........r
4 fr.........
5 ...........
6 .......ff..
7 ...........

Turn = 6.
  01234567890
0 .......t...
1 h..........
2 ...........
3 ...........
4 f..........
5 .r........r
6 .......ff..
7 .r.........

Turn = 9.
  01234567890
0 .......t...
1 h..........
2 ...........
3 ...........
4 f..........
5 ...........
6 r......ff..
7 ...r......r

Turn = 12.
  01234567890
0 .......t...
1 h..........
2 ...........
3 ...........
4 r..........
5 r..........
6 .......ff..
7 ......rr...

Turn = 15.
  01234567890
0 .......t...
1 h..........
2 r..........
3 ...........
4 r..........
5 ......r....
6 .......r...
7 .......rr..

Turn = 18.
  01234567890
0 .......t...
1 r..........
2 .r....r....
3 .r.........
4 ...........
5 ...........
6 ..........r
7 ....r.r....

Turn = 21.
  01234567890
0 ......tt...
1 ...r.......
2 ....r......
3 ....r......
4 ..........r
5 ...........
6 ...........
7 .r.r.......

Turn = 24.
  01234567890
0 ......tt...
1 ......r...r
2 .......r...
3 .......r...
4 ...........
5 ...........
6 ...........
7 rr.........

Turn = 27.
  01234567890
0 ......tt..r
1 .........r.
2 ..........r
3 ..........r
4 .r.........
5 r..........
6 ...........
7 ...........

Turn = 30.
  01234567890
0 ......tt.r.
1 .r.......r.
2 r.........r
3 ..........r
4 ...........
5 ...........
6 ...........
7 ...........

Turn = 33.
  01234567890
0 rr....tt..r
1 ......r...r
2 ..........r
3 ...........
4 ...........
5 ...........
6 ...........
7 ...........

Turn = 36.
  01234567890
0 r..r..tt.r.
1 ...r....r..
2 ...........
3 ...........
4 ...........
5 ..........r
6 ...........
7 ...........

Turn = 39.
  01234567890
0 r....ttr...
1 r....r.r...
2 ...........
3 ...........
4 ...........
5 ...........
6 ...........
7 ..........r

Turn = 42.
  01234567890
0 r....tr....
1 ..r....r...
2 ...........
3 r..........
4 .......r...
5 ...........
6 ...........
7 .......r...

*** Darwin 11x17 ***
Turn = 0.
  01234567890123456
0 .r..........r....
1 ..h............h.
2 ....h............
3 ..............r.t
4 hf..r.......r....
5 ..............h..
6 ........t....r.r.
7 ..f......t.......
8 ..............t..
9 ...r..........h.t
0 .............h...

Turn = 2.
  01234567890123456
0 .rr.......r....h.
1 .................
2 ..h.............r
3 ...............r.
4 hf...............
5 ............r....
6 ....r...t..r..r..
7 ..f......t....t..
8 ..............t..
9 .r............h.t
0 ...............h.

Turn = 4.
  01234567890123456
0 ..r.....r......hr
1 .r...............
2 h................
3 ................r
4 hf...............
5 ..........r......
6 ........tr..r....
7 ..f......t....t..
8 ....r.........t..
9 r.............h.t
0 ................t

Turn = 6.
  01234567890123456
0 ....r.r........hr
1 ................r
2 h................
3 .r...............
4 hf...............
5 ........r........
6 .........tr......
7 ..f.....rt....t..
8 ..............t..
9 ..............t.t
0 r...r...........t

Turn = 8.
  01234567890123456
0 .....rr........hr
1 ................r
2 h................
3 .r...............
4 h.r..............
5 ......r..........
6 .........rr......
7 ..f......t....t..
8 ..............t..
9 ........r.....t.t
0 ..r..r..........t

Turn = 10.
  01234567890123456
0 .....r.........rr
1 ......r........r.
2 h................
3 r................
4 ..h.r....rr......
5 ....r............
6 .................
7 ..f......t....t..
8 ..............t..
9 ..............t.t
0 ....r..rr.......t

Turn = 12.
  01234567890123456
0 ...............r.
1 .............r..r
2 r....r...rr......
3 r.....r..........
4 ....h.r..........
5 ..r..............
6 .................
7 ..f......t....t..
8 ..............t..
9 .......r......t.t
0 ......r.r.......t

Turn = 14.
  01234567890123456
0 r........rr......
1 ...........r.....
2 ...............r.
3 ..r..rr.........r
4 ......r.r........
5 r................
6 .................
7 ..f....r.t....t..
8 ..............t..
9 ..............t.t
0 ........r.r.....t
