*** Darwin 8x8 ***
Turn = 0.
  01234567
0 f.......
1 ........
2 ........
3 ...hh...
4 ...hh...
5 ........
6 ........
7 .......f

Turn = 1.
  01234567
0 f.......
1 ........
2 ...h....
3 .....h..
4 ..h.....
5 ....h...
6 ........
7 .......f

Turn = 2.
  01234567
0 f.......
1 ...h....
2 ........
3 ......h.
4 .h......
5 ........
6 ....h...
7 .......f

Turn = 3.
  01234567
0 f..h....
1 ........
2 ........
3 .......h
4 h.......
5 ........
6 ........
7 ....h..f

Turn = 4.
  01234567
0 f..h....
1 ........
2 ........
3 .......h
4 h.......
5 ........
6 ........
7 ....h..f

Turn = 5.
  01234567
0 f..h....
1 ........
2 ........
3 .......h
4 h.......
5 ........
6 ........
7 ....h..f

*** Darwin 7x9 ***
Turn = 0.
  012345678
0 t........
1 .........
2 .........
3 ..h......
4 .........
5 ....r....
6 ........t

Turn = 1.
  012345678
0 t........
1 .........
2 .........
3 ...h.....
4 ....r....
5 .........
6 ........t

Turn = 2.
  012345678
0 t........
1 .........
2 .........
3 ....r....
4 ....r....
5 .........
6 ........t

Turn = 3.
  012345678
0 t........
1 .........
2 .........
3 ....rr...
4 .........
5 .........
6 ........t

Turn = 4.
  012345678
0 t........
1 .........
2 ....r....
3 ......r..
4 .........
5 .........
6 ........t

Turn = 5.
  012345678
0 t........
1 ....r....
2 .........
3 .......r.
4 .........
5 .........
6 ........t

*** Darwin 178x12 ***
Turn = 0.
  012345678901
0 ............
1 ...h........
2 ...........t
3 ........r...
4 .....hr.....
5 .rf.........
6 ............
7 t...........
8 .......f....
9 ............
0 ............
1 .....t......
2 ............
3 .......tt...
4 .......fh...
5 ........h...
6 ...r........
7 ...........h
8 ......r.....
9 ..th...h....
0 ....r.t.f...
1 ............
2 ....t.......
3 ............
4 ..........th
5 .f.f........
6 ........t...
7 ..r.........
8 .....t......
9 ...r........
0 ...........f
1 ......fh..hh
2 ...hr..ft..r
3 ........t...
4 f...........
5 ............
6 ...hr.......
7 ............
8 ....h.......
9 r.h.......t.
0 ........t...
1 ..........t.
2 ............
3 .h...hr.....
4 ..f.......f.
5 ............
6 .....f......
7 ......f.....
8 h..r........
9 ............
0 ............
1 ............
2 ............
3 ............
4 ............
5 f...........
6 ..rf........
7 ............
8 ............
9 ............
0 ..........t.
1 .........f..
2 ............
3 ............
4 .......t....
5 ............
6 ...h........
7 ............
8 ...h......f.
9 ............
0 ...r........
1 ..h..t.....f
2 t...........
3 ............
4 ...f.f..f...
5 ........r...
6 ............
7 .t......f...
8 ............
9 .........t.f
0 .......hftht
1 ...r........
2 ............
3 ..h.........
4 ....f.t.....
5 ......t.....
6 .....h.tf.f.
7 ............
8 ....r....h..
9 r.......h...
0 ............
1 ......r.....
2 ............
3 ............
4 ......r.h...
5 ............
6 ............
7 ............
8 ............
9 ............
0 ............
1 r...........
2 .........r..
3 f...........
4 ...f....f...
5 ....f.......
6 ff..........
7 ..hh........
8 ...h........
9 ..f.........
0 .h..........
1 ............
2 .........f..
3 ......h.....
4 t...f..rt...
5 ............
6 .t..........
7 ............
8 ..r.........
9 t...........
0 ........r...
1 h......h...f
2 f...........
3 ........h...
4 ............
5 .....f.....t
6 .....f......
7 ..........t.
8 .......t....
9 ............
0 ............
1 ............
2 ............
3 ...........t
4 ...h....f...
5 ...........h
6 ............
7 ............
8 ..h..f......
9 ............
0 ............
1 ............
2 ......t.....
3 ............
4 ............
5 ...tt.......
6 .r..r.......
7 ...f........
8 ...........f
9 ............
0 .rt.t.......
1 ............
2 ....r....f.t
3 .t..r.......
4 .....h....h.
5 ..f.........
6 ............
7 .....t......
8 ........r...
9 ......h.....
0 rt...r......
1 .....r......
2 ..........f.
3 ............
4 ........h...
5 .......t....
6 ............
7 ............
8 ...h........
9 .....t...f..
0 ............
1 ............
2 ............
3 ......rt.h..
4 ...r........
5 ....h.......
6 ............
7 ..t.........

Turn = 640.
  012345678901
0 rrr......r..
1 rr..........
2 ............
3 rr.r.......r
4 ............
5 ...........r
6 ..........rr
7 ............
8 ..........rr
9 ..r.......r.
0 ............
1 ..........r.
2 r..........r
3 ..........r.
4 ............
5 ............
6 ......r...tt
7 ......r.tttt
8 .r......tttr
9 ........rrrr
0 ........rrtt
1 ........rrrr
2 .......r...r
3 ...........r
4 .......r...r
5 ............
6 ............
7 r...........
8 r...........
9 rr..........
0 ............
1 ............
2 ............
3 ............
4 r...........
5 .........ttt
6 ...rr...r.rr
7 ..r.....rrrr
8 ...rr.....tt
9 .........ttr
0 ..r.......tr
1 .r........tt
2 ......r.....
3 ............
4 r...........
5 ............
6 ...........r
7 ............
8 ...........r
9 r.....r.....
0 ............
1 ............
2 ............
3 ............
4 ............
5 .....r......
6 ............
7 ..........r.
8 .........r.r
9 ...........r
0 r.........r.
1 ............
2 ...........r
3 ............
4 ............
5 ............
6 ............
7 ...........r
8 ............
9 ............
0 ............
1 ............
2 ............
3 ...........r
4 ...........r
5 ............
6 ............
7 r...........
8 r..........r
9 r...........
0 ............
1 ....r.......
2 ...r.......r
3 ............
4 ...........r
5 ......r.....
6 .........r..
7 ............
8 ............
9 ............
0 .r..........
1 ............
2 r...........
3 ..r.........
4 ............
5 ............
6 ............
7 ............
8 ............
9 r...........
0 .........r..
1 ............
2 ............
3 ............
4 ....r.......
5 r..........r
6 ...........r
7 ............
8 ........r...
9 ............
0 ........r...
1 .......r....
2 ...r........
3 ............
4 ............
5 r.......r...
6 .r..........
7 r...........
8 ............
9 ............
0 ............
1 ............
2 ............
3 ......r.....
4 ...r........
5 rr..........
6 ...........r
7 ............
8 ..rr....r..r
9 ............
0 ............
1 ............
2 ............
3 ........r...
4 r...........
5 ...........r
6 ............
7 ............
8 ............
9 ............
0 ............
1 ...r........
2 ............
3 ............
4 .........r..
5 .....r...r..
6 ............
7 ....r.......
8 ............
9 .r.......r..
0 rr..........
1 r...........
2 .......r....
3 r..........r
4 .rr.........
5 ..r...r.....
6 ............
7 r.....r.....
8 r........r..
9 ...........r
0 ...........r
1 .........r..
2 ......r.....
3 .....r.....r
4 ........r..r
5 ............
6 r..r........
7 .......r....
8 ............
9 .......r...r
0 r...........
1 .r..........
2 .......r..r.
3 .........r..
4 ..........r.
5 ............
6 ............
7 .....rr....r

Turn = 1280.
  012345678901
0 ......r...r.
1 ............
2 ...........r
3 ............
4 ............
5 ............
6 ........r...
7 .........r..
8 .........r..
9 ............
0 ............
1 ............
2 ............
3 ............
4 ............
5 ............
6 ............
7 ............
8 ............
9 ............
0 ............
1 ............
2 ............
3 ............
4 ............
5 r..rr......r
6 ............
7 r........r..
8 ...........r
9 .........rr.
0 ............
1 ............
2 ......r.....
3 ............
4 ............
5 .rr.........
6 ............
7 r..........r
8 ...r.......r
9 .r..........
0 ...........r
1 r...........
2 ............
3 .r..........
4 .......r....
5 .r.....r..r.
6 r.........rr
7 ....r.r.....
8 ............
9 .......r....
0 ........r...
1 r.r.........
2 ..rr........
3 r...........
4 rr..........
5 r...........
6 r.......r...
7 .......r.r..
8 .........r.r
9 ..........rr
0 ...........r
1 .....r...r.r
2 ....r.....r.
3 .r........r.
4 .r..........
5 ............
6 ...........r
7 ......r.....
8 .........r..
9 ..........rr
0 r..........r
1 ..........r.
2 .r...r.....r
3 r...........
4 r..rrr......
5 ............
6 ....rrr.....
7 ..r...r..r..
8 .....rr.....
9 ............
0 ............
1 ...........r
2 r...........
3 ............
4 ...r........
5 ..r.........
6 r.r.........
7 ...r........
8 ............
9 ............
0 ............
1 ........r...
2 ........r...
3 ......r.....
4 ........r...
5 .........r..
6 ......r...r.
7 ..........r.
8 ....r.....r.
9 ............
0 r...........
1 ............
2 ...........r
3 r........r..
4 .........r..
5 r.....r.rr..
6 ....r.....rr
7 ....r......r
8 ............
9 ...........r
0 ....r......r
1 .......rr...
2 ............
3 r.........r.
4 ...r........
5 .r..........
6 r...........
7 ............
8 ............
9 ............
0 ....r.......
1 r....r......
2 .r......r.r.
3 .......r....
4 ............
5 ........r...
6 r......r....
7 ............
8 ............
9 ............
0 .r..........
1 ............
2 ..r.........
3 ........r...
4 ............
5 ...........r
6 ..rr........
7 ...........r
8 ......r.....
9 ..r...r....r
0 ...........r
1 ............
2 .r...r...rr.
3 ......r.rr.r
4 ............
5 ............
6 r...........
7 ..........rr
8 ..........r.
9 r...........
0 ............
1 ............
2 ............
3 ............
4 ........r...
5 ............
6 ............
7 ...........r
8 ............
9 ............
0 ............
1 ..........r.
2 ...........r
3 ...........r
4 ...........r
5 ............
6 ............
7 ............
8 r.....r.....
9 r...........
0 .r.r.......r
1 ..r.........
2 r..........r
3 r...........
4 .r..........
5 ............
6 .r..........
7 ..........r.

*** Darwin 10x35 ***
Turn = 0.
  01234567890123456789012345678901234
0 ...................................
1 .........t.........................
2 .........................r.........
3 ........t..........t........h......
4 .........t.........................
5 ...................................
6 ...........h.......................
7 ...............h.................f.
8 r..................................
9 ............................h......

Turn = 4.
  01234567890123456789012345678901234
0 ...................................
1 .........t.........................
2 .....................r.............
3 ........t......h...t...............
4 .........t.........................
5 ...................................
6 ...............h...................
7 ............................h....f.
8 ....r..............................
9 ............................h......

Turn = 8.
  01234567890123456789012345678901234
0 ...............h...................
1 .........t.........................
2 .................r.................
3 ........t..........t...............
4 .........t.........................
5 ...................................
6 ...................h...............
7 .................................f.
8 ........r...................h......
9 ............................h......

Turn = 12.
  01234567890123456789012345678901234
0 ...............h...................
1 .........t.........................
2 .............r.....................
3 ........t..........t...............
4 .........t.........................
5 ...................................
6 .......................h...........
7 .................................f.
8 ............r...............h......
9 ............................h......

Turn = 16.
  01234567890123456789012345678901234
0 ...............h...................
1 .........t.........................
2 .........r.........................
3 ........t..........t...............
4 .........t.........................
5 ...................................
6 ...........................h.......
7 .................................f.
8 ................r...........h......
9 ............................h......

Turn = 20.
  01234567890123456789012345678901234
0 ...............h...................
1 .........t.........................
2 .....r.............................
3 ........t..........t...............
4 .........t.........................
5 ...................................
6 ...............................h...
7 .................................f.
8 ....................r.......h......
9 ............................h......

*** Darwin 28x32 ***
Turn = 0.
  01234567890123456789012345678901
0 ..t.......................t.....
1 ................................
2 ........t.......................
3 ................................
4 ................................
5 ..........r.................t...
6 ....r......................t....
7 ................................
8 ..f...............t.t..........r
9 ................................
0 ..............h...........t.....
1 ................................
2 ................................
3 ................................
4 ................................
5 ........r.......................
6 ...t............................
7 ..........t..r..r...............
8 ................................
9 .........................t......
0 .....................r..........
1 ..........................h.....
2 ................................
3 ....r........h...r..............
4 ................................
5 h........r............h.........
6 ................................
7 ................................

Turn = 2.
  01234567890123456789012345678901
0 ..t.......................t.....
1 ................................
2 ........t.......................
3 ................................
4 ................................
5 ............................t...
6 ..r........................t....
7 ..........r.....................
8 ..f...............t.t...........
9 ...............................r
0 ............h.............t.....
1 ................................
2 ................................
3 ................................
4 ................................
5 ..........r.....................
6 ...t............................
7 ..........tr......r.............
8 .....................r..........
9 .........................th.....
0 ................................
1 .................r..............
2 ................................
3 ......r....h....................
4 ................................
5 h..........r....................
6 ................................
7 ......................h.........

Turn = 4.
  01234567890123456789012345678901
0 ..t.......................t.....
1 ................................
2 ........t.......................
3 ................................
4 ................................
5 ............................t...
6 r..........................t....
7 ................................
8 ..f...............t.t...........
9 ..........r.....................
0 ..........h...............t.....
1 ...............................r
2 ................................
3 ................................
4 ................................
5 ............r...................
6 ...t.................r..........
7 ..........rr........r.....h.....
8 ................................
9 .................r.......t......
0 ................................
1 ................................
2 ................................
3 ........rh......................
4 ................................
5 h............r..................
6 ................................
7 ......................h.........

Turn = 6.
  01234567890123456789012345678901
0 ..t.......................t.....
1 ................................
2 ........t.......................
3 ................................
4 ................................
5 r...........................t...
6 ...........................t....
7 ................................
8 ..f...............t.t...........
9 ................................
0 ........r.r...............t.....
1 ................................
2 ................................
3 ...............................r
4 .....................r..........
5 ..........rr..r...........h.....
6 ...t............................
7 .................r....r.........
8 ................................
9 .........................t......
0 ................................
1 ................................
2 .........r......................
3 ........r.......................
4 ................................
5 h..............r................
6 ................................
7 ......................h.........

Turn = 8.
  01234567890123456789012345678901
0 ..t.......................t.....
1 ................................
2 ........t.......................
3 r...............................
4 ................................
5 ............................t...
6 ...........................t....
7 ................................
8 ..f...............t.t...........
9 ................................
0 ......r...................t.....
1 ................................
2 ..........r..........r..........
3 ..........rr..............h.....
4 ................................
5 ................rr.............r
6 ...t............................
7 ........................r.......
8 ................................
9 .........................t......
0 .........r......................
1 ................................
2 ................................
3 ................................
4 ................................
5 h.......r........r..............
6 ................................
7 ......................h.........

Turn = 10.
  01234567890123456789012345678901
0 ..t.......................t.....
1 r...............................
2 ........t.......................
3 ................................
4 ................................
5 ............................t...
6 ...........................t....
7 ................................
8 ..f...............t.t...........
9 ................................
0 ....r................r....t.....
1 ...........r..............h.....
2 ..........r.....................
3 .........r.......r..............
4 ................................
5 ................................
6 ...t............r...............
7 ..........................r....r
8 .........r......................
9 .........................t......
0 ................................
1 ................................
2 ................................
3 ................................
4 ................................
5 h..................r............
6 ................................
7 ........r.............h.........

*** Darwin 10x20 ***
Turn = 0.
  01234567890123456789
0 ffffffffffffffffffff
1 ffffffffffffffffffff
2 ffffffffffffffffffff
3 ffffffffffffffffffff
4 ffffffffffffffffffff
5 fffffffffftfffffffff
6 ffffffffffffffffffff
7 ffffffffffffffffffff
8 ffffffffffffffffffff
9 ffffffffffffffffffff

Turn = 1.
  01234567890123456789
0 ffffffffffffffffffff
1 ffffffffffffffffffff
2 ffffffffffffffffffff
3 ffffffffffffffffffff
4 ffffffffffffffffffff
5 fffffffffftfffffffff
6 fffffffffttfffffffff
7 ffffffffffffffffffff
8 ffffffffffffffffffff
9 ffffffffffffffffffff

Turn = 2.
  01234567890123456789
0 ffffffffffffffffffff
1 ffffffffffffffffffff
2 ffffffffffffffffffff
3 ffffffffffffffffffff
4 ffffffffffffffffffff
5 fffffffffttfffffffff
6 fffffffffttfffffffff
7 ffffffffffffffffffff
8 ffffffffffffffffffff
9 ffffffffffffffffffff

Turn = 3.
  01234567890123456789
0 ffffffffffffffffffff
1 ffffffffffffffffffff
2 ffffffffffffffffffff
3 ffffffffffffffffffff
4 ffffffffftftffffffff
5 ffffffffftttffffffff
6 fffffffffttfffffffff
7 fffffffffftfffffffff
8 ffffffffffffffffffff
9 ffffffffffffffffffff

Turn = 4.
  01234567890123456789
0 ffffffffffffffffffff
1 ffffffffffffffffffff
2 ffffffffffffffffffff
3 ffffffffffffffffffff
4 fffffffffttttfffffff
5 ffffffffftttttffffff
6 fffffffftttfffffffff
7 fffffffffttfffffffff
8 ffffffffffffffffffff
9 ffffffffffffffffffff

Turn = 5.
  01234567890123456789
0 ffffffffffffffffffff
1 ffffffffffffffffffff
2 ffffffffffffffffffff
3 ffffffffffffffffffff
4 fffffffffttttfffffff
5 ffffffffttttttffffff
6 ffffffffttttttffffff
7 fffffffftttfffffffff
8 fffffffftttfffffffff
9 ffffffffffffffffffff

Turn = 6.
  01234567890123456789
0 ffffffffffffffffffff
1 ffffffffffffffffffff
2 ffffffffffffffffffff
3 ffffffffftftftffffff
4 ffffffffftttttffffff
5 ffffffftttttttffffff
6 ffffffffttttttffffff
7 fffffffftttfffffffff
8 fffffffttttfffffffff
9 fffffffffftfffffffff

Turn = 7.
  01234567890123456789
0 ffffffffffffffffffff
1 ffffffffffffffffffff
2 ffffffffffffffffffff
3 ffffffffftttttffffff
4 ffffffffftttttffffff
5 fffffffttttttttfffff
6 ffffffftttttttffffff
7 ffffffffttttttffffff
8 ffffffttttttttffffff
9 fffffffffttfftffffff

Turn = 8.
  01234567890123456789
0 ffffffffffffffffffff
1 ffffffffffffffffffff
2 fffffffffftfffffffff
3 ffffffffftttttffffff
4 ffffffffttttttffffff
5 fffffffttttttttfffff
6 fffffftttttttttfffff
7 fffffffftttttttfffff
8 fffffftttttttttfffff
9 fffffffftttfttffffff

Turn = 9.
  01234567890123456789
0 ffffffffffffffffffff
1 fffffffffftfffffffff
2 fffffffffttttfffffff
3 fffffffffttttttfffff
4 fffffffttttttttfffff
5 fffffffttttttttfffff
6 fffffttttttttttfffff
7 fffffftttttttttfffff
8 fffffftttttttttfffff
9 fffffffttttttttfffff

Turn = 10.
  01234567890123456789
0 fffffffffftfffffffff
1 fffffffffftfffffffff
2 fffffffffttttfffffff
3 fffffffffttttttfffff
4 ffffffftttttttttffff
5 ffffffftttttttttffff
6 fffffttttttttttttfff
7 ffffftttttttttttffff
8 fffffftttttttttttfff
9 fffffffttttttttfffff

Turn = 11.
  01234567890123456789
0 fffffffffftfffffffff
1 fffffffffftfffftffff
2 ffffffffftttttttffff
3 ffffffffttttttttffff
4 ffffffftttttttttffff
5 ffffftttttttttttffff
6 fffffttttttttttttfff
7 ffffftttttttttttttff
8 fffffttttttttttttfff
9 fffffffttttttttftfff

Turn = 12.
  01234567890123456789
0 fffffffffttfffffffff
1 ffffffffftttfffttftf
2 fffffffffttttttttttf
3 ffffffftttttttttffff
4 fffffffttttttttttfff
5 fffftttttttttttttfff
6 fffffttttttttttttfff
7 ffffftttttttttttttff
8 fffftttttttttttttttf
9 fffffftttttttttttttf

Turn = 13.
  01234567890123456789
0 ffffffffftttffffffff
1 fffffffffttttttttftf
2 fffffffftttttttttttf
3 ffffffftttttttttffff
4 fffffftttttttttttfff
5 fffftttttttttttttfff
6 ffffttttttttttttttff
7 ffffttttttttttttttff
8 fffttttttttttttttttf
9 fffffftttttttttttttf

Turn = 14.
  01234567890123456789
0 ffffffffftttffftffff
1 fffffffftttttttttttt
2 fffffffftttttttttttt
3 fffffftttttttttttttf
4 fffffftttttttttttttf
5 fffftttttttttttttttf
6 ffffttttttttttttttff
7 fffttttttttttttttttf
8 fffttttttttttttttttt
9 fffttttttttttttttttf

Turn = 15.
  01234567890123456789
0 fffffffftttttfttffff
1 fffffffftttttttttttt
2 fffffffttttttttttttt
3 fffffftttttttttttttf
4 fffffftttttttttttttf
5 fffftttttttttttttttf
6 fffttttttttttttttttt
7 fffttttttttttttttttt
8 fffttttttttttttttttt
9 fffttttttttttttttttt

Turn = 16.
  01234567890123456789
0 fffffffftttttftttftf
1 fffffffftttttttttttt
2 fffffftttttttttttttt
3 fffffftttttttttttttt
4 fffftttttttttttttttt
5 fffftttttttttttttttt
6 fffttttttttttttttttt
7 fffttttttttttttttttt
8 fffttttttttttttttttt
9 fffttttttttttttttttt

Turn = 17.
  01234567890123456789
0 fffffffftttttttttttt
1 fffffffttttttttttttt
2 fffffttttttttttttttt
3 fffftftttttttttttttt
4 fffftttttttttttttttt
5 fffttttttttttttttttt
6 fffttttttttttttttttt
7 fftttttttttttttttttt
8 fffttttttttttttttttt
9 fftttttttttttttttttt

Turn = 18.
  01234567890123456789
0 fffffffttttttttttttt
1 fffffffttttttttttttt
2 fffffttttttttttttttt
3 fffftttttttttttttttt
4 fffftttttttttttttttt
5 fffttttttttttttttttt
6 fftttttttttttttttttt
7 fftttttttttttttttttt
8 fftttttttttttttttttt
9 fftttttttttttttttttt

Turn = 19.
  01234567890123456789
0 fffffffttttttttttttt
1 fffffffttttttttttttt
2 fffffttttttttttttttt
3 fffftttttttttttttttt
4 fffttttttttttttttttt
5 fftttttttttttttttttt
6 fftttttttttttttttttt
7 fftttttttttttttttttt
8 fftttttttttttttttttt
9 fftttttttttttttttttt

Turn = 20.
  01234567890123456789
0 fffffffttttttttttttt
1 fffffftttttttttttttt
2 fffftttttttttttttttt
3 fffftttttttttttttttt
4 fftttttttttttttttttt
5 fftttttttttttttttttt
6 fftttttttttttttttttt
7 fttttttttttttttttttt
8 fttttttttttttttttttt
9 fftttttttttttttttttt

Turn = 21.
  01234567890123456789
0 fffffftttttttttttttt
1 fffffttttttttttttttt
2 fffftttttttttttttttt
3 fffftttttttttttttttt
4 fftttttttttttttttttt
5 fftttttttttttttttttt
6 fttttttttttttttttttt
7 tttttttttttttttttttt
8 fttttttttttttttttttt
9 tttttttttttttttttttt

Turn = 22.
  01234567890123456789
0 fffffttttttttttttttt
1 fffffttttttttttttttt
2 fffftttttttttttttttt
3 fftttttttttttttttttt
4 fftttttttttttttttttt
5 fttttttttttttttttttt
6 fttttttttttttttttttt
7 tttttttttttttttttttt
8 fttttttttttttttttttt
9 tttttttttttttttttttt

Turn = 23.
  01234567890123456789
0 fffffttttttttttttttt
1 fffftttttttttttttttt
2 fftttttttttttttttttt
3 fftttttttttttttttttt
4 fftttttttttttttttttt
5 tttttttttttttttttttt
6 tttttttttttttttttttt
7 tttttttttttttttttttt
8 fttttttttttttttttttt
9 tttttttttttttttttttt

Turn = 24.
  01234567890123456789
0 fffffttttttttttttttt
1 fffftttttttttttttttt
2 fttttttttttttttttttt
3 fftttttttttttttttttt
4 fttttttttttttttttttt
5 tttttttttttttttttttt
6 tttttttttttttttttttt
7 tttttttttttttttttttt
8 fttttttttttttttttttt
9 tttttttttttttttttttt

Turn = 25.
  01234567890123456789
0 fffftttttttttttttttt
1 fffftttttttttttttttt
2 fttttttttttttttttttt
3 fttttttttttttttttttt
4 tttttttttttttttttttt
5 tttttttttttttttttttt
6 tttttttttttttttttttt
7 tttttttttttttttttttt
8 tttttttttttttttttttt
9 tttttttttttttttttttt

Turn = 26.
  01234567890123456789
0 fffftttttttttttttttt
1 fffftttttttttttttttt
2 fttttttttttttttttttt
3 tttttttttttttttttttt
4 tttttttttttttttttttt
5 tttttttttttttttttttt
6 tttttttttttttttttttt
7 tttttttttttttttttttt
8 tttttttttttttttttttt
9 tttttttttttttttttttt

Turn = 27.
  01234567890123456789
0 fffttttttttttttttttt
1 fffttttttttttttttttt
2 fttttttttttttttttttt
3 tttttttttttttttttttt
4 tttttttttttttttttttt
5 tttttttttttttttttttt
6 tttttttttttttttttttt
7 tttttttttttttttttttt
8 tttttttttttttttttttt
9 tttttttttttttttttttt

Turn = 28.
  01234567890123456789
0 fffttttttttttttttttt
1 fttttttttttttttttttt
2 tttttttttttttttttttt
3 tttttttttttttttttttt
4 tttttttttttttttttttt
5 tttttttttttttttttttt
6 tttttttttttttttttttt
7 tttttttttttttttttttt
8 tttttttttttttttttttt
9 tttttttttttttttttttt

Turn = 29.
  01234567890123456789
0 fttttttttttttttttttt
1 tttttttttttttttttttt
2 tttttttttttttttttttt
3 tttttttttttttttttttt
4 tttttttttttttttttttt
5 tttttttttttttttttttt
6 tttttttttttttttttttt
7 tttttttttttttttttttt
8 tttttttttttttttttttt
9 tttttttttttttttttttt

Turn = 30.
  01234567890123456789
0 fttttttttttttttttttt
1 tttttttttttttttttttt
2 tttttttttttttttttttt
3 tttttttttttttttttttt
4 tttttttttttttttttttt
5 tttttttttttttttttttt
6 tttttttttttttttttttt
7 tttttttttttttttttttt
8 tttttttttttttttttttt
9 tttttttttttttttttttt

Turn = 31.
  01234567890123456789
0 fttttttttttttttttttt
1 tttttttttttttttttttt
2 tttttttttttttttttttt
3 tttttttttttttttttttt
4 tttttttttttttttttttt
5 tttttttttttttttttttt
6 tttttttttttttttttttt
7 tttttttttttttttttttt
8 tttttttttttttttttttt
9 tttttttttttttttttttt

Turn = 32.
  01234567890123456789
0 tttttttttttttttttttt
1 tttttttttttttttttttt
2 tttttttttttttttttttt
3 tttttttttttttttttttt
4 tttttttttttttttttttt
5 tttttttttttttttttttt
6 tttttttttttttttttttt
7 tttttttttttttttttttt
8 tttttttttttttttttttt
9 tttttttttttttttttttt

*** Darwin 40x52 ***
Turn = 0.
  0123456789012345678901234567890123456789012345678901
0 ...............r..............................r.....
1 .................t.r................f...............
2 .......h............................................
3 ....................................................
4 ..............f.....................................
5 ....................................................
6 ....................................................
7 ..f................................................r
8 ....................................................
9 .....................r..f................r..........
0 ....................................................
1 ...........r.............f..........................
2 .............................t.........r............
3 ....................................................
4 ....................................................
5 ..............r....r...............................r
6 ........r...r..r........................r.....r.....
7 .....r.r..............fr............................
8 .r...............r..................................
9 ........................r...........................
0 ..........r.....................r....tr.............
1 ..........................r.........................
2 .......................r.r.........rr...............
3 ....................................................
4 ....................t.........r.....................
5 ...........f........................................
6 ....................................r...............
7 f..........r...................r....................
8 ......r...............................r.............
9 ...............rh...................................
0 ...........................h........................
1 ....r...............................................
2 ..................r........................r...h....
3 ...................r................................
4 ....................................................
5 ....................................................
6 ..........f.........................................
7 ..f.................................................
8 .......................f..............r.............
9 .........................r....f.....................

Turn = 1.
  0123456789012345678901234567890123456789012345678901
0 ..............r....r................................
1 .................t..................f.........r.....
2 ........h...........................................
3 ....................................................
4 ..............f.....................................
5 ....................................................
6 ....................................................
7 ..f...............................................r.
8 ....................................................
9 ......................r.f.................r.........
0 ....................................................
1 ..........r..............f..........................
2 .............................t........r.............
3 ....................................................
4 ....................................................
5 .............r....r...........................r...r.
6 .......r...r...........................r............
7 ......rr.......r......rr............................
8 ..r.............r...................................
9 .......................r............................
0 ...........r...................r.....t.r............
1 ...........................r........................
2 ......................r...r.......r..r..............
3 ....................................................
4 ....................t........r......................
5 ...........f........................................
6 ....................................................
7 f.........r...................r.....r...............
8 .....r...............................r..............
9 ...............h...........h........................
0 ...............r....................................
1 ....................................................
2 ....r............r........................r.....h...
3 ..................r.................................
4 ....................................................
5 ....................................................
6 ..........f.........................................
7 ..f.................................................
8 .......................f.............r..............
9 .........................r....f.....................

Turn = 2.
  0123456789012345678901234567890123456789012345678901
0 .............r.....r................................
1 .................t..................f...............
2 .........h....................................r.....
3 ....................................................
4 ..............f.....................................
5 ....................................................
6 ....................................................
7 ..f..............................................r..
8 ....................................................
9 .......................rf..................r........
0 ....................................................
1 .........r...............f..........................
2 .............................t.......r..............
3 ....................................................
4 ..............................................r.....
5 ............r....r...............................r..
6 ......rr..r...........r...............r.............
7 ......r...............r.............................
8 ...r...........rr...................................
9 ......................r.............................
0 ............r.................r......t..r...........
1 ............................r.......................
2 .....................r.....r.....r....r.............
3 ....................................................
4 ....................t.......r.......................
5 ...........f........................................
6 ....................................................
7 f........r...................r......................
8 ....r......................h........rr..............
9 ..............h.....................................
0 ....................................................
1 ...............r....................................
2 ................r........................r.......h..
3 ....r............r..................................
4 ....................................................
5 ....................................................
6 ..........f.........................................
7 ..f.................................................
8 .......................f............r...............
9 ..........................r...f.....................

Turn = 3.
  0123456789012345678901234567890123456789012345678901
0 ............r.......r...............................
1 .................t..................f...............
2 ..........h.........................................
3 ..............................................r.....
4 ..............f.....................................
5 ....................................................
6 ....................................................
7 ..f.............................................r...
8 ....................................................
9 .......................r.r..................r.......
0 ....................................................
1 ........r................f..........................
2 .............................t......r...............
3 ..............................................r.....
4 ....................................................
5 .......r...r....r.....r.........................r...
6 .....r...r...........................r..............
7 ................r....r..............................
8 ....r.r.............................................
9 ...............r.....r..............................
0 .............r...............r.......t...r..........
1 .............................r......................
2 ....................r.......r...r......r............
3 ....................................................
4 ....................t......r........................
5 ...........f........................................
6 ....................................................
7 f.......r..................hr........r..............
8 ...r................................................
9 .............h......................r...............
0 ....................................................
1 ....................................................
2 ...............rr.......................r.........h.
3 ................r...................................
4 ....r...............................................
5 ....................................................
6 ..........f.........................................
7 ..f.................................................
8 .......................f...........r................
9 ...........................r..f.....................

Turn = 4.
  0123456789012345678901234567890123456789012345678901
0 ...........r.........r..............................
1 .................t..................f...............
2 ...........h........................................
3 ....................................................
4 ..............f...............................r.....
5 ....................................................
6 ....................................................
7 ..f............................................r....
8 ....................................................
9 ........................r.r..................r......
0 ....................................................
1 .......r.................f..........................
2 .............................t.....r..........r.....
3 ....................................................
4 .......r..............r.............................
5 ..........r....r...............................r....
6 ....r...r.......r...................r...............
7 ....................r...............................
8 .....r..............................................
9 ......r.............r...............................
0 ..............rr............r........t....r.........
1 ..............................r.....................
2 ...................r.........r.r........r...........
3 ....................................................
4 ....................t.....r.........................
5 ...........f........................................
6 ...........................h.........r..............
7 f......r...................r........................
8 ..r.................................................
9 ............h.......................................
0 ....................................r...............
1 ....................................................
2 ................r......................r...........h
3 ...............rr...................................
4 ....................................................
5 ....r...............................................
6 ..........f.........................................
7 ..f.................................................
8 .......................f..........r.................
9 ............................r.f.....................

Turn = 5.
  0123456789012345678901234567890123456789012345678901
0 ..........r...........r.............................
1 .................t..................f...............
2 ............h.......................................
3 ....................................................
4 ..............f.....................................
5 ..............................................r.....
6 ....................................................
7 ..f...........................................r.....
8 ....................................................
9 .........................r.r..................r.....
0 ....................................................
1 ......r..................f....................r.....
2 .............................t....r.................
3 .......r..............r.............................
4 ....................................................
5 .........r....r.r.............................r.....
6 ...r...r...........................r................
7 ...................r................................
8 ......r.............................................
9 ...................r................................
0 ......r.......r............r.........t.....r........
1 ...............r...............r....................
2 ..................r...........rr.........r..........
3 ....................................................
4 ....................t....r..........................
5 ...........f...............h.........r..............
6 ....................................................
7 f.....r...................r.........................
8 .r..................................................
9 ...........h........................................
0 ....................................................
1 ....................................r...............
2 ................rr....................r............h
3 ....................................................
4 ...............r....................................
5 ....................................................
6 ....r.....f.........................................
7 ..f.................................................
8 .......................f.........r..................
9 .............................rf.....................

Turn = 6.
  0123456789012345678901234567890123456789012345678901
0 .........r.............r............................
1 .................t..................f...............
2 .............h......................................
3 ....................................................
4 ..............f.....................................
5 ....................................................
6 ..............................................r.....
7 ..f..........................................r......
8 ....................................................
9 ..........................r.r..................r....
0 ..............................................r.....
1 .....r...................f..........................
2 .......r..............r......t...r..................
3 ....................................................
4 ................r...................................
5 ........r....r...............................r......
6 ..r...r...........................r.................
7 ..................r.................................
8 .......r............................................
9 ..................r.................................
0 ..........................r..........t......r.......
1 ......r.......r.................r...................
2 ...............r.r............r...........r.........
3 ...............................r....................
4 ....................t...r..h.........r..............
5 ...........f........................................
6 ....................................................
7 f....r...................r..........................
8 r...................................................
9 ..........h.........................................
0 ....................................................
1 ................r...................................
2 ..................r.................rr.............h
3 ....................................................
4 ....................................................
5 ...............r....................................
6 ..........f.........................................
7 ..f.r...............................................
8 .......................f........r...................
9 .............................rr.....................

Turn = 7.
  0123456789012345678901234567890123456789012345678901
0 ........r...............r...........................
1 .................t..................f...............
2 ..............h.....................................
3 ....................................................
4 ..............f.....................................
5 ....................................................
6 ....................................................
7 ..f.........................................r.r.....
8 ....................................................
9 ...........................r.r................r.r...
0 ....................................................
1 ....r..r..............r..f..........................
2 .............................t..r...................
3 ................r...................................
4 ....................................................
5 .......r....r...............................r.......
6 .r...r...........................r..................
7 .................r..................................
8 ........r...........................................
9 .................r..................................
0 .........................r...........t.......r......
1 .................................r..................
2 ......r.......r.r..........................r........
3 ...............r...........h..r......r..............
4 ....................t..r.......r....................
5 ...........f........................................
6 ....................................................
7 f...r...................r...........................
8 r...................................................
9 .........h..........................................
0 ................r...................................
1 ....................................................
2 ...................r................r..............h
3 ....................................r...............
4 ....................................................
5 ....................................................
6 ..........f....r....................................
7 ..f.................................................
8 ....r..................f.......r....................
9 .............................r.r....................

Turn = 8.
  0123456789012345678901234567890123456789012345678901
0 .......r.................r..........................
1 .................t..................f...............
2 ...............h....................................
3 ....................................................
4 ..............f.....................................
5 ....................................................
6 ....................................................
7 ..f........................................r........
8 ..............................................r.....
9 ............................r.r...............r..r..
0 .......r..............r.............................
1 ...r.....................f..........................
2 ................r............t.r....................
3 ....................................................
4 ....................................................
5 ......r....r...............................r........
6 r...r...........................r...................
7 ................r...................................
8 .........r..........................................
9 ................r...................................
0 ........................r............t........r.....
1 ..................................r.................
2 ...............r...........h.........r......r.......
3 ......r.......r.....................................
4 ...............r....t.r.......r.....................
5 ...........f...................r....................
6 ....................................................
7 r..r...................r............................
8 r...................................................
9 ........h.......r...................................
0 ....................................................
1 ....................................................
2 ....................r..............r...............h
3 ....................................................
4 ....................................r...............
5 ....................................................
6 ..........f.........................................
7 ..f............r....................................
8 .......................f......r.....................
9 ....r........................r..r...................

Turn = 9.
  0123456789012345678901234567890123456789012345678901
0 ......r...................r.........................
1 .................t..................f...............
2 ................h...................................
3 ....................................................
4 ..............f.....................................
5 ....................................................
6 ....................................................
7 ..f.......................................r.........
8 ..............................................r.....
9 .......r..............r......r.r.............r....r.
0 ....................................................
1 ..r.............r........f..........................
2 .............................tr.....................
3 ....................................................
4 ....................................................
5 .....r....r...............................r.........
6 r..r...........................r....................
7 ...............r....................................
8 ..........r.........................................
9 ...............r....................................
0 .......................r.............t.........r....
1 ...........................h.......r.r..............
2 ..............r..............................r......
3 ....................................................
4 ......r.......r.....tr..............................
5 ...........f...r..............r.....................
6 ...............................r....................
7 rrr...................r.............................
8 ................r...................................
9 .......h............................................
0 ....................................................
1 ....................................................
2 .....................r............r................h
3 ....................................................
4 ....................................................
5 ....................................r...............
6 ..........f.........................................
7 ..f.................................................
8 ...............r.......f.....r......................
9 ....r.........................r..r..................

Turn = 10.
  0123456789012345678901234567890123456789012345678901
0 .....r.....................r........................
1 .................t..................f...............
2 .................h..................................
3 ....................................................
4 ..............f.....................................
5 ....................................................
6 ....................................................
7 ..f......................................r..........
8 .......r..............r........................r....
9 ..............................r.r...........r......r
0 ................r...................................
1 .r.......................f..........................
2 .............................rr.....................
3 ....................................................
4 ....................................................
5 ....r....r...............................r..........
6 ..r...........................r.....................
7 r.............r.....................................
8 ...........r........................................
9 ..............r.....................................
0 ......................r....h.........t..........r...
1 ....................................rt..............
2 .............r................................r.....
3 ....................................................
4 ....................rr..............................
5 ......r....f..r.....................................
6 r..............r..............r.....................
7 .rr.............r....r.........r....................
8 ....................................................
9 ......h.............................................
0 ....................................................
1 ....................................................
2 ......................r..........r.................h
3 ....................................................
4 ....................................................
5 ....................................................
6 ..........f.........................r...............
7 ..f.................................................
8 .......................f....r.......................
9 .....r.........r...............r..r.................

Turn = 11.
  0123456789012345678901234567890123456789012345678901
0 ....r.......................r.......................
1 .................t..................f...............
2 ..................h.................................
3 ....................................................
4 ..............f.....................................
5 ....................................................
6 ....................................................
7 ..f....r..............r.................r...........
8 ................................................r...
9 ................r..............r.r.........r.......r
0 ....................................................
1 r........................f..........................
2 .............................rr.....................
3 ....................................................
4 ....................................................
5 ...r....r...............................r...........
6 .r...........................r......................
7 .............r......................................
8 r...........r.......................................
9 .............r.............h........................
0 .....................r...............t...........r..
1 ....................................rr..............
2 ............r..................................r....
3 ....................................................
4 ....................rr..............................
5 r..........f........................................
6 ......r.......r.r...................................
7 ...............r....r.........r.....................
8 .rr............................r....................
9 .....h..............................................
0 ....................................................
1 ....................................................
2 .......................r........r..................h
3 ....................................................
4 ....................................................
5 ....................................................
6 ..........f.........................................
7 ..f.................................r...............
8 .......................f...r........................
9 ......r........r................r..r................

Turn = 12.
  0123456789012345678901234567890123456789012345678901
0 ...r.........................r......................
1 .................t..................f...............
2 ...................h................................
3 ....................................................
4 ..............f.....................................
5 ....................................................
6 .......r..............r.............................
7 ..f....................................r............
8 ................r................................r..
9 ................................r.r.......r.........
0 ...................................................r
1 r........................f..........................
2 ....................................................
3 .............................rr.....................
4 ....................................................
5 ..r....r...............................r............
6 r...........................r.......................
7 ............r.......................................
8 .............r.............h........................
9 r...........r.......................................
0 ....................r................t............r.
1 ....................................r...............
2 ...........r.........................r..........r...
3 ....................rr..............................
4 r...................................................
5 ...........f....r...................................
6 ....................................................
7 ......r.......r....r................................
8 ...............r..............r.....................
9 .rr.h..........................r....................
0 ....................................................
1 ....................................................
2 ........................r......r...................h
3 ....................................................
4 ....................................................
5 ....................................................
6 ..........f.........................................
7 ..f.................................................
8 .......................f..r.........r...............
9 .......r......r..................r..r...............

Turn = 13.
  0123456789012345678901234567890123456789012345678901
0 ..r...........................r.....................
1 .................t..................f...............
2 ....................h...............................
3 ....................................................
4 ..............f.....................................
5 .......r..............r.............................
6 ....................................................
7 ..f.............r.....................r.............
8 ..................................................r.
9 .................................r.r.....r..........
0 r...................................................
1 .........................f.........................r
2 ....................................................
3 ....................................................
4 .............................rr.....................
5 .r....r...............................r.............
6 r..........................r........................
7 ...........r...............h........................
8 ..............r.....................................
9 ...........r........................................
0 r..................r.................t.............r
1 ....................................................
2 ..........r.........rr..............r............r..
3 r....................................r..............
4 ................r...................................
5 ...........f........................................
6 ....................................................
7 ..................r.................................
8 ......r.......r.....................................
9 ...h...........r..............r.....................
0 .rr............................r....................
1 ....................................................
2 .........................r....r....................h
3 ....................................................
4 ....................................................
5 ....................................................
6 ..........f.........................................
7 ..f.................................................
8 .......................f.r..........r...............
9 ........r....r....................r..r..............

Turn = 14.
  0123456789012345678901234567890123456789012345678901
0 .r.............................r....................
1 .................t..................f...............
2 .....................h..............................
3 ....................................................
4 .......r......f.......r.............................
5 ....................................................
6 ................r...................................
7 ..f..................................r..............
8 ...................................................r
9 r.................................r.r...r...........
0 ....................................................
1 .........................f..........................
2 ...................................................r
3 ....................................................
4 ....................................................
5 r....r.......................rr......r..............
6 ..........................rh........................
7 r.........r.........................................
8 ...............r....................................
9 ..........r.........................................
0 ..................r..................t.............r
1 r...................rr..............................
2 r........r........................................r.
3 ................r...................r...............
4 .....................................r..............
5 ...........f........................................
6 ....................................................
7 .................r..................................
8 ....................................................
9 ..h...r.......r.....................................
0 ...............r..............r.....................
1 .rr............................r....................
2 ..........................r..r.....................h
3 ....................................................
4 ....................................................
5 ....................................................
6 ..........f.........................................
7 ..f.................................................
8 .......................fr............r..............
9 .........r..r......................r..r.............

Turn = 15.
  0123456789012345678901234567890123456789012345678901
0 r...............................r...................
1 .................t..................f...............
2 ......................h.............................
3 .......r..............r.............................
4 ..............f.....................................
5 ................r...................................
6 ....................................................
7 ..f.................................r...............
8 r..................................................r
9 ...................................r.r.r............
0 ....................................................
1 .........................f..........................
2 ....................................................
3 ...................................................r
4 ....................................................
5 r...r......................h........r...............
6 .........................r...rr.....................
7 .........r..........................................
8 r...............r...................................
9 .........r.........................................r
0 .................r..rr...............t..............
1 r...................................................
2 r.......r.......r..................................r
3 ....................................................
4 ....................................r...............
5 ...........f.........................r..............
6 ....................................................
7 ................r...................................
8 ....................................................
9 .h..................................................
0 ......r.......r.....................................
1 ...............r..............r.....................
2 .rr........................rr..r...................h
3 ....................................................
4 ....................................................
5 ....................................................
6 ..........f.........................................
7 ..f.................................................
8 .......................rr.............r.............
9 ..........rr........................r..r............

Turn = 16.
  0123456789012345678901234567890123456789012345678901
0 r................................r..................
1 .................t..................f...............
2 .......r..............rh............................
3 ....................................................
4 ..............f.r...................................
5 ....................................................
6 ....................................................
7 r.f................................r................
8 ....................................................
9 ....................................r.rr...........r
0 ....................................................
1 .........................f..........................
2 ....................................................
3 ....................................................
4 r..........................h.......................r
5 ...r...............................r................
6 ........................r...........................
7 ........r....................rr.....................
8 .................r.................................r
9 r.......r...........rr..............................
0 ................r....................t..............
1 r...............r...................................
2 r......r...........................................r
3 ....................................................
4 ....................................................
5 ...........f........................r...............
6 .....................................r..............
7 ...............r....................................
8 ....................................................
9 h...................................................
0 ....................................................
1 ......r.......r.....................................
2 ...............r...........rr.r....................h
3 .rr............................r....................
4 ....................................................
5 ....................................................
6 ..........f.........................................
7 ..f....................r............................
8 .......................r...............r............
9 ..........rr.........................r..r...........

Turn = 17.
  0123456789012345678901234567890123456789012345678901
0 r.................................r.................
1 .......r.........t....r.............f...............
2 ........................h...........................
3 ................r...................................
4 ..............f.....................................
5 ....................................................
6 r...................................................
7 ..f...............................r.................
8 ....................................................
9 .....................................rr.............
0 .......................................r...........r
1 .........................f..........................
2 ....................................................
3 r..........................h........................
4 ....................................................
5 ..r...............................r................r
6 .......................r............................
7 .......r...........................................r
8 ..................r.rr.......rr.....................
9 .......r............................................
0 r..............rr....................t..............
1 r...................................................
2 r.....r.............................................
3 ...................................................r
4 ....................................................
5 ...........f........................................
6 ....................................r...............
7 ..............r......................r..............
8 ....................................................
9 h...................................................
0 ....................................................
1 ....................................................
2 ......r.......r....................................h
3 ...............r...........rr.r.....................
4 .rr............................r....................
5 ....................................................
6 ..........f............r............................
7 ..f.................................................
8 ......................r.................r...........
9 ..........rr..........................r..r..........

Turn = 18.
  0123456789012345678901234567890123456789012345678901
0 r......r..............r............r................
1 .................t..................f...............
2 ................r........h..........................
3 ....................................................
4 ..............f.....................................
5 r...................................................
6 ....................................................
7 ..f..............................r..................
8 ....................................................
9 .....................................r..............
0 ......................................r.............
1 .........................f.............r...........r
2 r..........................h........................
3 ....................................................
4 ....................................................
5 .r...............................r..................
6 ......................r............................r
7 ......r.............rr.............................r
8 ...................r................................
9 ......r.........r............rr.....................
0 r.............r......................t..............
1 r...................................................
2 .r...r..............................................
3 ....................................................
4 ...................................................r
5 ...........f........................................
6 ....................................................
7 .............r......................r...............
8 .....................................r..............
9 h...................................................
0 ....................................................
1 ....................................................
2 ...................................................h
3 ......r.......r.....................................
4 ...............r...........rr.r.....................
5 .rr....................r.......r....................
6 ..........f.........................................
7 ..f.................................................
8 .....................r...................r..........
9 ..........rr...........................r..r.........
