*** Darwin 8x8 ***
Turn = 0.
  01234567
0 rhttfthr
1 ffffffff
2 ........
3 ........
4 ........
5 ........
6 ........
7 ........

Turn = 4.
  01234567
0 .httttt.
1 .ttttttt
2 ........
3 r.......
4 ........
5 r......r
6 ........
7 ........

Turn = 8.
  01234567
0 .tttttt.
1 .ttttttt
2 ........
3 ........
4 ........
5 ........
6 r.......
7 r......r

Turn = 12.
  01234567
0 .tttttt.
1 .ttttttt
2 ........
3 r.......
4 ........
5 r.......
6 ........
7 .......r

Turn = 16.
  01234567
0 rtttttt.
1 rttttttt
2 ........
3 ........
4 ........
5 ........
6 ........
7 ......r.

Turn = 20.
  01234567
0 rrttttt.
1 rrtttttt
2 ........
3 ........
4 ........
5 ........
6 ........
7 ..r.....

Turn = 24.
  01234567
0 rrrtttt.
1 rrtttttt
2 ........
3 ........
4 ........
5 ........
6 ........
7 r.......

Turn = 28.
  01234567
0 rrttttt.
1 ..tttttt
2 rr......
3 ........
4 r.......
5 ........
6 ........
7 ........

Turn = 32.
  01234567
0 .rrtttt.
1 r.tttttt
2 r.......
3 ..r.....
4 ........
5 ........
6 .r......
7 ........

Turn = 36.
  01234567
0 .rrtttt.
1 ..tttttt
2 .r.r....
3 ......r.
4 ........
5 ........
6 ........
7 r.......

Turn = 40.
  01234567
0 ..rtttt.
1 r.tttttt
2 .......r
3 r.......
4 ........
5 .......r
6 .r......
7 ........

Turn = 44.
  01234567
0 ..rtttt.
1 r.tttttt
2 ..r.....
3 ........
4 ........
5 .......r
6 ........
7 ...r..r.

Turn = 48.
  01234567
0 ..rtttt.
1 r.tttttt
2 ......r.
3 ........
4 ........
5 ....r...
6 ........
7 ......rr

Turn = 52.
  01234567
0 ..rtttt.
1 ..ttrttt
2 ....r..t
3 .......r
4 ......r.
5 r.......
6 ........
7 ........

Turn = 56.
  01234567
0 ..rtttt.
1 ..tttttr
2 ....tt.r
3 ....r...
4 ........
5 ........
6 ........
7 .r......

Turn = 60.
  01234567
0 ..rtttt.
1 ..ttttt.
2 ....ttt.
3 r.......
4 .......r
5 ........
6 ........
7 .....r..

Turn = 64.
  01234567
0 ..rtttt.
1 ..ttttt.
2 ....ttt.
3 ........
4 ........
5 ........
6 r......r
7 .......r

Turn = 68.
  01234567
0 ..rtttt.
1 ..ttttt.
2 ....tttr
3 ........
4 ........
5 ........
6 .......r
7 ..r.....

Turn = 72.
  01234567
0 ..rttttt
1 ..ttttt.
2 ....tttr
3 ........
4 ........
5 ........
6 ........
7 ......r.

Turn = 76.
  01234567
0 ..rtttrr
1 ..tttttt
2 ....ttt.
3 ........
4 ........
5 ........
6 ........
7 ......r.

Turn = 80.
  01234567
0 ..rttttr
1 ..ttttt.
2 ....tttt
3 ........
4 ........
5 ........
6 ........
7 ..r.....

*** Darwin 10x10 ***
Turn = 0.
  0123456789
0 t...r....t
1 ..........
2 ..........
3 ..........
4 ....tt...r
5 r...tt....
6 ..........
7 ..........
8 ..........
9 t....r...t

Turn = 10.
  0123456789
0 t...r.....
1 ..........
2 ..........
3 .........r
4 ....tt....
5 ....tt...r
6 ..........
7 ..........
8 .r........
9 r....r...t

Turn = 20.
  0123456789
0 tt........
1 ..........
2 r.........
3 ..........
4 ....tt..r.
5 ....tt.r..
6 ..........
7 .........r
8 ..........
9 ......r..r

Turn = 30.
  0123456789
0 tt......rr
1 t.....r...
2 ..........
3 ..........
4 ....tt....
5 ....tt....
6 r.........
7 ..........
8 ..........
9 r.........

Turn = 40.
  0123456789
0 rr........
1 r.........
2 rr........
3 ..........
4 r...tt....
5 .r..tt....
6 ..........
7 ..........
8 ..........
9 ........r.

Turn = 50.
  0123456789
0 .....r..r.
1 .........r
2 ..........
3 ..........
4 ....tt....
5 ....tt....
6 ..r.......
7 ..........
8 .rr.......
9 r.....r...

Turn = 60.
  0123456789
0 r..r......
1 rr........
2 ..........
3 .........r
4 ....tt...r
5 ....tt....
6 .........r
7 ..........
8 ..........
9 .........r

Turn = 70.
  0123456789
0 ......r...
1 ..r.......
2 .........r
3 ..........
4 r...t.....
5 .r..t.....
6 .........r
7 ..........
8 ..r.......
9 rr...r....

Turn = 80.
  0123456789
0 .r.......r
1 ..........
2 ..........
3 ..........
4 ....t.....
5 ....t.....
6 rrr......r
7 r.........
8 .......r..
9 .....r...r

Turn = 90.
  0123456789
0 .rr.....r.
1 ..........
2 .r...r....
3 .....r....
4 r...t.....
5 r...t.....
6 ..........
7 ..........
8 ..r.......
9 .r........

Turn = 100.
  0123456789
0 r......r..
1 r.........
2 .....r....
3 .....r...r
4 ....t.....
5 r...t.....
6 ..........
7 ..........
8 .r..r.....
9 .....r....

*** Darwin 15x15 ***
Turn = 0.
  012345678901234
0 ...............
1 .....h.........
2 .....t.........
3 .f....r........
4 ......f........
5 .h.............
6 ......r........
7 h........f.....
8 .......f.....f.
9 ...............
0 ...............
1 ...r...........
2 ...............
3 .....r.........
4 ..t.h..........

Turn = 100.
  012345678901234
0 .........r.....
1 .........r.....
2 .....r..r......
3 .............r.
4 ...............
5 ..............r
6 ...............
7 ........r......
8 ...............
9 ...............
0 ...............
1 ..............r
2 r...........rr.
3 ..r............
4 r...........r.r

Turn = 200.
  012345678901234
0 ...r..r........
1 ..r............
2 r..............
3 ..r............
4 ...............
5 ...............
6 ...............
7 ..............r
8 .............rr
9 ......r........
0 ........r......
1 ...............
2 ...............
3 r...........r..
4 r....r..r......

Turn = 300.
  012345678901234
0 r...........r..
1 ..........r...r
2 ..............r
3 ...............
4 ...............
5 ...............
6 ...r...........
7 .............r.
8 ............r.r
9 r.............r
0 r..............
1 ...............
2 ...............
3 .............r.
4 ..........rr...

Turn = 400.
  012345678901234
0 ...............
1 .r..........r..
2 ..r...r........
3 .r.............
4 ..r.....r......
5 ...............
6 ..r............
7 ...............
8 ....r..........
9 r..........r...
0 ...............
1 ..............r
2 ..............r
3 ...............
4 rr.............

Turn = 500.
  012345678901234
0 r....r.......r.
1 ........r.....r
2 ...............
3 .............r.
4 ...........r..r
5 r.....r.....r..
6 ...............
7 ...............
8 ...............
9 ...............
0 ..............r
1 ..............r
2 ...............
3 ..............r
4 r..............

Turn = 600.
  012345678901234
0 ...............
1 ...r..r........
2 .......r.......
3 ........r......
4 r..............
5 ...r..r........
6 .....r.........
7 ...............
8 ..r.r..........
9 r.............r
0 ...............
1 r..............
2 ...............
3 .........r.....
4 ..........r....

Turn = 700.
  012345678901234
0 r.....rr....r..
1 ...............
2 ..............r
3 ...............
4 ........r......
5 r....r.........
6 ....r..........
7 r..............
8 ..............r
9 ..............r
0 ...............
1 ...............
2 ...............
3 ...............
4 ...r....r.r....

Turn = 800.
  012345678901234
0 r........r.....
1 r.rr...........
2 ...............
3 ...............
4 ...............
5 ...............
6 ...............
7 ...............
8 ...............
9 ...............
0 ...............
1 ...............
2 .r............r
3 r.......r..r...
4 ..r.....r..r.rr

Turn = 900.
  012345678901234
0 r........r...r.
1 ..............r
2 .............r.
3 r..............
4 ...............
5 ...............
6 ...............
7 r.....rr.......
8 r....r.........
9 ...............
0 ....r.........r
1 r..............
2 ...............
3 ..............r
4 ...............

Turn = 1000.
  012345678901234
0 r..r...........
1 ...............
2 ...............
3 ...............
4 ...r...........
5 ....r..........
6 ...............
7 .........r.....
8 .....r.........
9 .rr............
0 .rr....r..r....
1 ...............
2 r..............
3 ...............
4 ..........rr...

*** Darwin 10x10 ***
Turn = 0.
  0123456789
0 ffffffffff
1 ffffffffff
2 ffffffffff
3 ffffffffff
4 ffffrfffff
5 ffffftffff
6 ffffffffff
7 ffffffffff
8 ffffffffff
9 ffffffffff

Turn = 10.
  0123456789
0 fffffffffr
1 ffffrrrrrr
2 fffrrrfrrr
3 rfrrrrtrrr
4 rrrrrrtttr
5 rrrrrrtttt
6 rrrrrrrttt
7 rrrrrrrttt
8 rrrrfrrttt
9 frrrfrrftt

Turn = 20.
  0123456789
0 rrrrrrrrrr
1 rrrrrrrrrr
2 rrrrrrrrrr
3 rrrrrrrrrr
4 rrrrrrrtrr
5 rrrrrrrrtt
6 rrrrrrtttt
7 rrrrrrrrtt
8 rrrrrtrrtt
9 rrrrrrrttt

Turn = 30.
  0123456789
0 rrrrrrrrrr
1 rrrrrrrrrr
2 rrrrrrrrrr
3 rrrrrrrrrr
4 rrrrrrrrrr
5 rrrrrrrrrr
6 rrrrrrrrrr
7 rrrrrrrrrr
8 rrrrrrrrrt
9 rrrrrrrrrt

Turn = 40.
  0123456789
0 rrrrrrrrrr
1 rrrrrrrrrr
2 rrrrrrrrrr
3 rrrrrrrrrr
4 rrrrrrrrrr
5 rrrrrrrrrr
6 rrrrrrrrrr
7 rrrrrrrrrr
8 rrrrrrrrrr
9 rrrrrrrrrr

Turn = 50.
  0123456789
0 rrrrrrrrrr
1 rrrrrrrrrr
2 rrrrrrrrrr
3 rrrrrrrrrr
4 rrrrrrrrrr
5 rrrrrrrrrr
6 rrrrrrrrrr
7 rrrrrrrrrr
8 rrrrrrrrrr
9 rrrrrrrrrr

Turn = 60.
  0123456789
0 rrrrrrrrrr
1 rrrrrrrrrr
2 rrrrrrrrrr
3 rrrrrrrrrr
4 rrrrrrrrrr
5 rrrrrrrrrr
6 rrrrrrrrrr
7 rrrrrrrrrr
8 rrrrrrrrrr
9 rrrrrrrrrr

Turn = 70.
  0123456789
0 rrrrrrrrrr
1 rrrrrrrrrr
2 rrrrrrrrrr
3 rrrrrrrrrr
4 rrrrrrrrrr
5 rrrrrrrrrr
6 rrrrrrrrrr
7 rrrrrrrrrr
8 rrrrrrrrrr
9 rrrrrrrrrr

Turn = 80.
  0123456789
0 rrrrrrrrrr
1 rrrrrrrrrr
2 rrrrrrrrrr
3 rrrrrrrrrr
4 rrrrrrrrrr
5 rrrrrrrrrr
6 rrrrrrrrrr
7 rrrrrrrrrr
8 rrrrrrrrrr
9 rrrrrrrrrr

Turn = 90.
  0123456789
0 rrrrrrrrrr
1 rrrrrrrrrr
2 rrrrrrrrrr
3 rrrrrrrrrr
4 rrrrrrrrrr
5 rrrrrrrrrr
6 rrrrrrrrrr
7 rrrrrrrrrr
8 rrrrrrrrrr
9 rrrrrrrrrr

Turn = 100.
  0123456789
0 rrrrrrrrrr
1 rrrrrrrrrr
2 rrrrrrrrrr
3 rrrrrrrrrr
4 rrrrrrrrrr
5 rrrrrrrrrr
6 rrrrrrrrrr
7 rrrrrrrrrr
8 rrrrrrrrrr
9 rrrrrrrrrr

*** Darwin 5x5 ***
Turn = 0.
  01234
0 f....
1 .....
2 .....
3 .....
4 ....r

Turn = 1.
  01234
0 f....
1 .....
2 .....
3 ....r
4 .....

Turn = 2.
  01234
0 f....
1 .....
2 ....r
3 .....
4 .....

Turn = 3.
  01234
0 f....
1 ....r
2 .....
3 .....
4 .....

Turn = 4.
  01234
0 f...r
1 .....
2 .....
3 .....
4 .....

Turn = 5.
  01234
0 f...r
1 .....
2 .....
3 .....
4 .....

Turn = 6.
  01234
0 f...r
1 .....
2 .....
3 .....
4 .....

Turn = 7.
  01234
0 f...r
1 .....
2 .....
3 .....
4 .....

Turn = 8.
  01234
0 f...r
1 .....
2 .....
3 .....
4 .....

Turn = 9.
  01234
0 f....
1 ....r
2 .....
3 .....
4 .....

Turn = 10.
  01234
0 f....
1 .....
2 ....r
3 .....
4 .....

Turn = 11.
  01234
0 f....
1 .....
2 .....
3 ....r
4 .....

Turn = 12.
  01234
0 f....
1 .....
2 .....
3 .....
4 ....r

Turn = 13.
  01234
0 f....
1 .....
2 .....
3 .....
4 ....r

Turn = 14.
  01234
0 f....
1 .....
2 .....
3 .....
4 ...r.

Turn = 15.
  01234
0 f....
1 .....
2 .....
3 .....
4 ..r..

*** Darwin 7x7 ***
Turn = 0.
  0123456
0 ...f...
1 ...f...
2 ...f...
3 ffftfff
4 ...f...
5 ...f...
6 ...f...

Turn = 1.
  0123456
0 ...f...
1 ...f...
2 ...t...
3 ffftfff
4 ...f...
5 ...f...
6 ...f...

Turn = 2.
  0123456
0 ...f...
1 ...f...
2 ...t...
3 ffftfff
4 ...f...
5 ...f...
6 ...f...

Turn = 3.
  0123456
0 ...f...
1 ...f...
2 ...t...
3 ffttfff
4 ...f...
5 ...f...
6 ...f...

Turn = 4.
  0123456
0 ...f...
1 ...f...
2 ...t...
3 ffttfff
4 ...f...
5 ...f...
6 ...f...

Turn = 5.
  0123456
0 ...f...
1 ...t...
2 ...t...
3 ffttfff
4 ...t...
5 ...t...
6 ...t...

Turn = 6.
  0123456
0 ...f...
1 ...t...
2 ...t...
3 ftttfff
4 ...t...
5 ...t...
6 ...t...

Turn = 7.
  0123456
0 ...f...
1 ...t...
2 ...t...
3 fttttff
4 ...t...
5 ...t...
6 ...t...

Turn = 8.
  0123456
0 ...f...
1 ...t...
2 ...t...
3 fttttff
4 ...t...
5 ...t...
6 ...t...

Turn = 9.
  0123456
0 ...t...
1 ...t...
2 ...t...
3 fttttff
4 ...t...
5 ...t...
6 ...t...

Turn = 10.
  0123456
0 ...t...
1 ...t...
2 ...t...
3 ttttttt
4 ...t...
5 ...t...
6 ...t...

Turn = 11.
  0123456
0 ...t...
1 ...t...
2 ...t...
3 ttttttt
4 ...t...
5 ...t...
6 ...t...

Turn = 12.
  0123456
0 ...t...
1 ...t...
2 ...t...
3 ttttttt
4 ...t...
5 ...t...
6 ...t...

*** Darwin 6x7 ***
Turn = 0.
  0123456
0 h.....f
1 .......
2 ....f..
3 ...f...
4 .......
5 .....f.

Turn = 2.
  0123456
0 ..h...f
1 .......
2 ....f..
3 ...f...
4 .......
5 .....f.

Turn = 4.
  0123456
0 ....h.f
1 .......
2 ....f..
3 ...f...
4 .......
5 .....f.

Turn = 6.
  0123456
0 .....hf
1 .......
2 ....f..
3 ...f...
4 .......
5 .....f.

Turn = 8.
  0123456
0 .....hf
1 .......
2 ....f..
3 ...f...
4 .......
5 .....f.

Turn = 10.
  0123456
0 .....hf
1 .......
2 ....f..
3 ...f...
4 .......
5 .....f.

Turn = 12.
  0123456
0 .....hf
1 .......
2 ....f..
3 ...f...
4 .......
5 .....f.

Turn = 14.
  0123456
0 .....hf
1 .......
2 ....f..
3 ...f...
4 .......
5 .....f.

Turn = 16.
  0123456
0 .....hf
1 .......
2 ....f..
3 ...f...
4 .......
5 .....f.

Turn = 18.
  0123456
0 .....hf
1 .......
2 ....f..
3 ...f...
4 .......
5 .....f.

Turn = 20.
  0123456
0 .....hf
1 .......
2 ....f..
3 ...f...
4 .......
5 .....f.

*** Darwin 7x6 ***
Turn = 0.
  012345
0 f.....
1 ......
2 ......
3 ..t...
4 .r....
5 ......
6 ....h.

Turn = 1.
  012345
0 f.....
1 ......
2 ......
3 ..t...
4 ......
5 .r....
6 ...h..

Turn = 2.
  012345
0 f.....
1 ......
2 ......
3 ..t...
4 ......
5 ......
6 .rh...

Turn = 3.
  012345
0 f.....
1 ......
2 ......
3 ..t...
4 ......
5 ......
6 .rh...

Turn = 4.
  012345
0 f.....
1 ......
2 ......
3 ..t...
4 ......
5 ......
6 rh....

Turn = 5.
  012345
0 f.....
1 ......
2 ......
3 ..t...
4 ......
5 ......
6 rh....

Turn = 6.
  012345
0 f.....
1 ......
2 ......
3 ..t...
4 ......
5 ......
6 rh....

Turn = 7.
  012345
0 f.....
1 ......
2 ......
3 ..t...
4 ......
5 ......
6 rh....

Turn = 8.
  012345
0 f.....
1 ......
2 ......
3 ..t...
4 ......
5 r.....
6 h.....

Turn = 9.
  012345
0 f.....
1 ......
2 ......
3 ..t...
4 r.....
5 ......
6 h.....

Turn = 10.
  012345
0 f.....
1 ......
2 ......
3 r.t...
4 ......
5 ......
6 h.....
